2019-06-10 16:12:47 [scrapy.utils.log] INFO: Scrapy 1.6.0 started (bot: Guba)
2019-06-10 16:12:47 [scrapy.utils.log] INFO: Versions: lxml 4.3.2.0, libxml2 2.9.9, cssselect 1.0.3, parsel 1.5.1, w3lib 1.20.0, Twisted 18.9.0, Python 3.7.3 (default, Mar 27 2019, 16:54:48) - [Clang 4.0.1 (tags/RELEASE_401/final)], pyOpenSSL 19.0.0 (OpenSSL 1.1.1b  26 Feb 2019), cryptography 2.6.1, Platform Darwin-18.6.0-x86_64-i386-64bit
2019-06-10 16:12:47 [scrapy.crawler] INFO: Overridden settings: {'BOT_NAME': 'Guba', 'CONCURRENT_REQUESTS': 4, 'DOWNLOAD_DELAY': 2, 'DUPEFILTER_CLASS': 'scrapy_redis.dupefilter.RFPDupeFilter', 'LOG_FILE': 'logs/Guba/CommentPageUrlSpider/2019-06-10T16_12_44.log', 'LOG_LEVEL': 'INFO', 'NEWSPIDER_MODULE': 'Guba.spiders', 'ROBOTSTXT_OBEY': True, 'SCHEDULER': 'scrapy_redis.scheduler.Scheduler', 'SPIDER_MODULES': ['Guba.spiders']}
2019-06-10 16:12:47 [scrapy.middleware] INFO: Enabled extensions:
['scrapy.extensions.corestats.CoreStats',
 'scrapy.extensions.memusage.MemoryUsage',
 'scrapy.extensions.logstats.LogStats']
2019-06-10 16:12:47 [CommentPageUrlSpider] INFO: Reading start URLs from redis key 'NewsContent:start_urls' (batch size: 4, encoding: utf-8
2019-06-10 16:12:47 [scrapy.middleware] INFO: Enabled downloader middlewares:
['scrapy.downloadermiddlewares.robotstxt.RobotsTxtMiddleware',
 'scrapy.downloadermiddlewares.httpauth.HttpAuthMiddleware',
 'scrapy.downloadermiddlewares.downloadtimeout.DownloadTimeoutMiddleware',
 'scrapy.downloadermiddlewares.defaultheaders.DefaultHeadersMiddleware',
 'Guba.middlewares.RandomUserAgentMiddleware',
 'scrapy.downloadermiddlewares.retry.RetryMiddleware',
 'scrapy.downloadermiddlewares.redirect.MetaRefreshMiddleware',
 'scrapy.downloadermiddlewares.httpcompression.HttpCompressionMiddleware',
 'scrapy.downloadermiddlewares.redirect.RedirectMiddleware',
 'scrapy.downloadermiddlewares.cookies.CookiesMiddleware',
 'scrapy.downloadermiddlewares.httpproxy.HttpProxyMiddleware',
 'scrapy.downloadermiddlewares.stats.DownloaderStats']
2019-06-10 16:12:47 [scrapy.middleware] INFO: Enabled spider middlewares:
['scrapy.spidermiddlewares.httperror.HttpErrorMiddleware',
 'scrapy.spidermiddlewares.offsite.OffsiteMiddleware',
 'scrapy.spidermiddlewares.referer.RefererMiddleware',
 'scrapy.spidermiddlewares.urllength.UrlLengthMiddleware',
 'scrapy.spidermiddlewares.depth.DepthMiddleware']
2019-06-10 16:12:47 [scrapy.middleware] INFO: Enabled item pipelines:
['Guba.pipelines.GubaPipeline']
2019-06-10 16:12:47 [scrapy.core.engine] INFO: Spider opened
2019-06-10 16:12:47 [scrapy.extensions.logstats] INFO: Crawled 0 pages (at 0 pages/min), scraped 0 items (at 0 items/min)
2019-06-10 16:13:47 [scrapy.extensions.logstats] INFO: Crawled 24 pages (at 24 pages/min), scraped 127 items (at 127 items/min)
2019-06-10 16:14:47 [scrapy.extensions.logstats] INFO: Crawled 49 pages (at 25 pages/min), scraped 276 items (at 149 items/min)
2019-06-10 16:15:47 [scrapy.extensions.logstats] INFO: Crawled 72 pages (at 23 pages/min), scraped 378 items (at 102 items/min)
2019-06-10 16:16:47 [scrapy.extensions.logstats] INFO: Crawled 96 pages (at 24 pages/min), scraped 532 items (at 154 items/min)
2019-06-10 16:17:47 [scrapy.extensions.logstats] INFO: Crawled 118 pages (at 22 pages/min), scraped 928 items (at 396 items/min)
2019-06-10 16:18:47 [scrapy.extensions.logstats] INFO: Crawled 141 pages (at 23 pages/min), scraped 1063 items (at 135 items/min)
2019-06-10 16:19:47 [scrapy.extensions.logstats] INFO: Crawled 165 pages (at 24 pages/min), scraped 1548 items (at 485 items/min)
2019-06-10 16:20:47 [scrapy.extensions.logstats] INFO: Crawled 190 pages (at 25 pages/min), scraped 1608 items (at 60 items/min)
2019-06-10 16:21:47 [scrapy.extensions.logstats] INFO: Crawled 215 pages (at 25 pages/min), scraped 1667 items (at 59 items/min)
2019-06-10 16:22:47 [scrapy.extensions.logstats] INFO: Crawled 240 pages (at 25 pages/min), scraped 1784 items (at 117 items/min)
2019-06-10 16:23:47 [scrapy.extensions.logstats] INFO: Crawled 263 pages (at 23 pages/min), scraped 1945 items (at 161 items/min)
2019-06-10 16:24:47 [scrapy.extensions.logstats] INFO: Crawled 287 pages (at 24 pages/min), scraped 2029 items (at 84 items/min)
2019-06-10 16:25:47 [scrapy.extensions.logstats] INFO: Crawled 311 pages (at 24 pages/min), scraped 2112 items (at 83 items/min)
2019-06-10 16:26:47 [scrapy.extensions.logstats] INFO: Crawled 337 pages (at 26 pages/min), scraped 2454 items (at 342 items/min)
2019-06-10 16:27:47 [scrapy.extensions.logstats] INFO: Crawled 361 pages (at 24 pages/min), scraped 2809 items (at 355 items/min)
2019-06-10 16:28:47 [scrapy.extensions.logstats] INFO: Crawled 385 pages (at 24 pages/min), scraped 2884 items (at 75 items/min)
2019-06-10 16:29:47 [scrapy.extensions.logstats] INFO: Crawled 409 pages (at 24 pages/min), scraped 3056 items (at 172 items/min)
2019-06-10 16:30:47 [scrapy.extensions.logstats] INFO: Crawled 433 pages (at 24 pages/min), scraped 3143 items (at 87 items/min)
2019-06-10 16:31:47 [scrapy.extensions.logstats] INFO: Crawled 458 pages (at 25 pages/min), scraped 3241 items (at 98 items/min)
2019-06-10 16:32:47 [scrapy.extensions.logstats] INFO: Crawled 481 pages (at 23 pages/min), scraped 3388 items (at 147 items/min)
2019-06-10 16:33:47 [scrapy.extensions.logstats] INFO: Crawled 505 pages (at 24 pages/min), scraped 3441 items (at 53 items/min)
2019-06-10 16:34:47 [scrapy.extensions.logstats] INFO: Crawled 530 pages (at 25 pages/min), scraped 3533 items (at 92 items/min)
2019-06-10 16:35:47 [scrapy.extensions.logstats] INFO: Crawled 554 pages (at 24 pages/min), scraped 3560 items (at 27 items/min)
2019-06-10 16:36:47 [scrapy.extensions.logstats] INFO: Crawled 579 pages (at 25 pages/min), scraped 3641 items (at 81 items/min)
2019-06-10 16:37:47 [scrapy.extensions.logstats] INFO: Crawled 603 pages (at 24 pages/min), scraped 3686 items (at 45 items/min)
2019-06-10 16:38:47 [scrapy.extensions.logstats] INFO: Crawled 626 pages (at 23 pages/min), scraped 3761 items (at 75 items/min)
2019-06-10 16:39:47 [scrapy.extensions.logstats] INFO: Crawled 651 pages (at 25 pages/min), scraped 3960 items (at 199 items/min)
2019-06-10 16:40:47 [scrapy.extensions.logstats] INFO: Crawled 677 pages (at 26 pages/min), scraped 4100 items (at 140 items/min)
2019-06-10 16:41:47 [scrapy.extensions.logstats] INFO: Crawled 701 pages (at 24 pages/min), scraped 4161 items (at 61 items/min)
2019-06-10 16:42:47 [scrapy.extensions.logstats] INFO: Crawled 725 pages (at 24 pages/min), scraped 4518 items (at 357 items/min)
2019-06-10 16:43:47 [scrapy.extensions.logstats] INFO: Crawled 750 pages (at 25 pages/min), scraped 4563 items (at 45 items/min)
2019-06-10 16:44:47 [scrapy.extensions.logstats] INFO: Crawled 773 pages (at 23 pages/min), scraped 4693 items (at 130 items/min)
2019-06-10 16:45:47 [scrapy.extensions.logstats] INFO: Crawled 801 pages (at 28 pages/min), scraped 4859 items (at 166 items/min)
2019-06-10 16:46:47 [scrapy.extensions.logstats] INFO: Crawled 824 pages (at 23 pages/min), scraped 4927 items (at 68 items/min)
2019-06-10 16:47:47 [scrapy.extensions.logstats] INFO: Crawled 850 pages (at 26 pages/min), scraped 5050 items (at 123 items/min)
2019-06-10 16:48:47 [scrapy.extensions.logstats] INFO: Crawled 874 pages (at 24 pages/min), scraped 5127 items (at 77 items/min)
2019-06-10 16:49:47 [scrapy.extensions.logstats] INFO: Crawled 900 pages (at 26 pages/min), scraped 5216 items (at 89 items/min)
2019-06-10 16:50:47 [scrapy.extensions.logstats] INFO: Crawled 923 pages (at 23 pages/min), scraped 5281 items (at 65 items/min)
2019-06-10 16:51:47 [scrapy.extensions.logstats] INFO: Crawled 947 pages (at 24 pages/min), scraped 5370 items (at 89 items/min)
2019-06-10 16:52:47 [scrapy.extensions.logstats] INFO: Crawled 970 pages (at 23 pages/min), scraped 5539 items (at 169 items/min)
2019-06-10 16:53:47 [scrapy.extensions.logstats] INFO: Crawled 994 pages (at 24 pages/min), scraped 5737 items (at 198 items/min)
2019-06-10 16:54:47 [scrapy.extensions.logstats] INFO: Crawled 1016 pages (at 22 pages/min), scraped 5904 items (at 167 items/min)
2019-06-10 16:55:47 [scrapy.extensions.logstats] INFO: Crawled 1041 pages (at 25 pages/min), scraped 6004 items (at 100 items/min)
2019-06-10 16:56:47 [scrapy.extensions.logstats] INFO: Crawled 1064 pages (at 23 pages/min), scraped 6322 items (at 318 items/min)
2019-06-10 16:57:47 [scrapy.extensions.logstats] INFO: Crawled 1087 pages (at 23 pages/min), scraped 6601 items (at 279 items/min)
2019-06-10 16:58:47 [scrapy.extensions.logstats] INFO: Crawled 1112 pages (at 25 pages/min), scraped 6674 items (at 73 items/min)
2019-06-10 16:59:47 [scrapy.extensions.logstats] INFO: Crawled 1134 pages (at 22 pages/min), scraped 6783 items (at 109 items/min)
2019-06-10 17:00:47 [scrapy.extensions.logstats] INFO: Crawled 1159 pages (at 25 pages/min), scraped 6868 items (at 85 items/min)
2019-06-10 17:01:47 [scrapy.extensions.logstats] INFO: Crawled 1185 pages (at 26 pages/min), scraped 6968 items (at 100 items/min)
2019-06-10 17:02:47 [scrapy.extensions.logstats] INFO: Crawled 1209 pages (at 24 pages/min), scraped 7054 items (at 86 items/min)
2019-06-10 17:03:47 [scrapy.extensions.logstats] INFO: Crawled 1233 pages (at 24 pages/min), scraped 7207 items (at 153 items/min)
2019-06-10 17:04:47 [scrapy.extensions.logstats] INFO: Crawled 1258 pages (at 25 pages/min), scraped 7273 items (at 66 items/min)
2019-06-10 17:05:47 [scrapy.extensions.logstats] INFO: Crawled 1281 pages (at 23 pages/min), scraped 7356 items (at 83 items/min)
2019-06-10 17:06:47 [scrapy.extensions.logstats] INFO: Crawled 1306 pages (at 25 pages/min), scraped 7524 items (at 168 items/min)
2019-06-10 17:07:47 [scrapy.extensions.logstats] INFO: Crawled 1328 pages (at 22 pages/min), scraped 7730 items (at 206 items/min)
2019-06-10 17:08:47 [scrapy.extensions.logstats] INFO: Crawled 1353 pages (at 25 pages/min), scraped 7891 items (at 161 items/min)
2019-06-10 17:09:47 [scrapy.extensions.logstats] INFO: Crawled 1372 pages (at 19 pages/min), scraped 8010 items (at 119 items/min)
2019-06-10 17:10:47 [scrapy.extensions.logstats] INFO: Crawled 1397 pages (at 25 pages/min), scraped 8342 items (at 332 items/min)
2019-06-10 17:11:47 [scrapy.extensions.logstats] INFO: Crawled 1422 pages (at 25 pages/min), scraped 8413 items (at 71 items/min)
2019-06-10 17:12:47 [scrapy.extensions.logstats] INFO: Crawled 1444 pages (at 22 pages/min), scraped 8547 items (at 134 items/min)
2019-06-10 17:13:47 [scrapy.extensions.logstats] INFO: Crawled 1471 pages (at 27 pages/min), scraped 8759 items (at 212 items/min)
2019-06-10 17:14:47 [scrapy.extensions.logstats] INFO: Crawled 1496 pages (at 25 pages/min), scraped 9014 items (at 255 items/min)
2019-06-10 17:15:47 [scrapy.extensions.logstats] INFO: Crawled 1520 pages (at 24 pages/min), scraped 9370 items (at 356 items/min)
2019-06-10 17:16:47 [scrapy.extensions.logstats] INFO: Crawled 1541 pages (at 21 pages/min), scraped 9661 items (at 291 items/min)
2019-06-10 17:17:47 [scrapy.extensions.logstats] INFO: Crawled 1564 pages (at 23 pages/min), scraped 9946 items (at 285 items/min)
2019-06-10 17:18:47 [scrapy.extensions.logstats] INFO: Crawled 1589 pages (at 25 pages/min), scraped 10249 items (at 303 items/min)
2019-06-10 17:19:47 [scrapy.extensions.logstats] INFO: Crawled 1612 pages (at 23 pages/min), scraped 10619 items (at 370 items/min)
2019-06-10 17:20:47 [scrapy.extensions.logstats] INFO: Crawled 1632 pages (at 20 pages/min), scraped 10717 items (at 98 items/min)
2019-06-10 17:21:47 [scrapy.extensions.logstats] INFO: Crawled 1656 pages (at 24 pages/min), scraped 10825 items (at 108 items/min)
2019-06-10 17:22:47 [scrapy.extensions.logstats] INFO: Crawled 1680 pages (at 24 pages/min), scraped 10878 items (at 53 items/min)
2019-06-10 17:23:47 [scrapy.extensions.logstats] INFO: Crawled 1705 pages (at 25 pages/min), scraped 10940 items (at 62 items/min)
2019-06-10 17:24:47 [scrapy.extensions.logstats] INFO: Crawled 1728 pages (at 23 pages/min), scraped 11055 items (at 115 items/min)
2019-06-10 17:25:47 [scrapy.extensions.logstats] INFO: Crawled 1753 pages (at 25 pages/min), scraped 11107 items (at 52 items/min)
2019-06-10 17:26:47 [scrapy.extensions.logstats] INFO: Crawled 1778 pages (at 25 pages/min), scraped 11161 items (at 54 items/min)
2019-06-10 17:27:47 [scrapy.extensions.logstats] INFO: Crawled 1803 pages (at 25 pages/min), scraped 11234 items (at 73 items/min)
2019-06-10 17:28:47 [scrapy.extensions.logstats] INFO: Crawled 1828 pages (at 25 pages/min), scraped 11462 items (at 228 items/min)
2019-06-10 17:29:47 [scrapy.extensions.logstats] INFO: Crawled 1854 pages (at 26 pages/min), scraped 11703 items (at 241 items/min)
2019-06-10 17:30:47 [scrapy.extensions.logstats] INFO: Crawled 1877 pages (at 23 pages/min), scraped 11786 items (at 83 items/min)
2019-06-10 17:31:47 [scrapy.extensions.logstats] INFO: Crawled 1902 pages (at 25 pages/min), scraped 11950 items (at 164 items/min)
2019-06-10 17:32:47 [scrapy.extensions.logstats] INFO: Crawled 1925 pages (at 23 pages/min), scraped 12038 items (at 88 items/min)
2019-06-10 17:33:47 [scrapy.extensions.logstats] INFO: Crawled 1949 pages (at 24 pages/min), scraped 12169 items (at 131 items/min)
2019-06-10 17:34:47 [scrapy.extensions.logstats] INFO: Crawled 1974 pages (at 25 pages/min), scraped 12307 items (at 138 items/min)
2019-06-10 17:35:47 [scrapy.extensions.logstats] INFO: Crawled 1999 pages (at 25 pages/min), scraped 12374 items (at 67 items/min)
2019-06-10 17:36:47 [scrapy.extensions.logstats] INFO: Crawled 2024 pages (at 25 pages/min), scraped 12518 items (at 144 items/min)
2019-06-10 17:37:47 [scrapy.extensions.logstats] INFO: Crawled 2049 pages (at 25 pages/min), scraped 12570 items (at 52 items/min)
2019-06-10 17:38:47 [scrapy.extensions.logstats] INFO: Crawled 2073 pages (at 24 pages/min), scraped 12670 items (at 100 items/min)
2019-06-10 17:39:47 [scrapy.extensions.logstats] INFO: Crawled 2097 pages (at 24 pages/min), scraped 12870 items (at 200 items/min)
2019-06-10 17:40:47 [scrapy.extensions.logstats] INFO: Crawled 2121 pages (at 24 pages/min), scraped 13054 items (at 184 items/min)
2019-06-10 17:41:47 [scrapy.extensions.logstats] INFO: Crawled 2145 pages (at 24 pages/min), scraped 13193 items (at 139 items/min)
2019-06-10 17:42:47 [scrapy.extensions.logstats] INFO: Crawled 2169 pages (at 24 pages/min), scraped 13400 items (at 207 items/min)
2019-06-10 17:43:47 [scrapy.extensions.logstats] INFO: Crawled 2193 pages (at 24 pages/min), scraped 13473 items (at 73 items/min)
2019-06-10 17:44:47 [scrapy.extensions.logstats] INFO: Crawled 2218 pages (at 25 pages/min), scraped 13502 items (at 29 items/min)
2019-06-10 17:45:47 [scrapy.extensions.logstats] INFO: Crawled 2242 pages (at 24 pages/min), scraped 13564 items (at 62 items/min)
2019-06-10 17:46:47 [scrapy.extensions.logstats] INFO: Crawled 2268 pages (at 26 pages/min), scraped 13666 items (at 102 items/min)
2019-06-10 17:47:47 [scrapy.extensions.logstats] INFO: Crawled 2293 pages (at 25 pages/min), scraped 13804 items (at 138 items/min)
2019-06-10 17:48:47 [scrapy.extensions.logstats] INFO: Crawled 2318 pages (at 25 pages/min), scraped 14215 items (at 411 items/min)
2019-06-10 17:49:47 [scrapy.extensions.logstats] INFO: Crawled 2342 pages (at 24 pages/min), scraped 14305 items (at 90 items/min)
2019-06-10 17:50:47 [scrapy.extensions.logstats] INFO: Crawled 2367 pages (at 25 pages/min), scraped 14461 items (at 156 items/min)
2019-06-10 17:51:47 [scrapy.extensions.logstats] INFO: Crawled 2391 pages (at 24 pages/min), scraped 14735 items (at 274 items/min)
2019-06-10 17:52:47 [scrapy.extensions.logstats] INFO: Crawled 2415 pages (at 24 pages/min), scraped 14804 items (at 69 items/min)
2019-06-10 17:53:47 [scrapy.extensions.logstats] INFO: Crawled 2439 pages (at 24 pages/min), scraped 14903 items (at 99 items/min)
2019-06-10 17:54:47 [scrapy.extensions.logstats] INFO: Crawled 2464 pages (at 25 pages/min), scraped 15160 items (at 257 items/min)
2019-06-10 17:55:47 [scrapy.extensions.logstats] INFO: Crawled 2489 pages (at 25 pages/min), scraped 15318 items (at 158 items/min)
2019-06-10 17:56:47 [scrapy.extensions.logstats] INFO: Crawled 2512 pages (at 23 pages/min), scraped 15451 items (at 133 items/min)
2019-06-10 17:57:47 [scrapy.extensions.logstats] INFO: Crawled 2536 pages (at 24 pages/min), scraped 15677 items (at 226 items/min)
2019-06-10 17:58:47 [scrapy.extensions.logstats] INFO: Crawled 2561 pages (at 25 pages/min), scraped 15711 items (at 34 items/min)
2019-06-10 17:59:47 [scrapy.extensions.logstats] INFO: Crawled 2585 pages (at 24 pages/min), scraped 15833 items (at 122 items/min)
2019-06-10 18:00:47 [scrapy.extensions.logstats] INFO: Crawled 2607 pages (at 22 pages/min), scraped 15994 items (at 161 items/min)
2019-06-10 18:01:47 [scrapy.extensions.logstats] INFO: Crawled 2632 pages (at 25 pages/min), scraped 16073 items (at 79 items/min)
2019-06-10 18:02:47 [scrapy.extensions.logstats] INFO: Crawled 2657 pages (at 25 pages/min), scraped 16264 items (at 191 items/min)
2019-06-10 18:03:47 [scrapy.extensions.logstats] INFO: Crawled 2682 pages (at 25 pages/min), scraped 16341 items (at 77 items/min)
2019-06-10 18:04:47 [scrapy.extensions.logstats] INFO: Crawled 2706 pages (at 24 pages/min), scraped 16481 items (at 140 items/min)
2019-06-10 18:05:47 [scrapy.extensions.logstats] INFO: Crawled 2729 pages (at 23 pages/min), scraped 16537 items (at 56 items/min)
2019-06-10 18:06:47 [scrapy.extensions.logstats] INFO: Crawled 2754 pages (at 25 pages/min), scraped 16698 items (at 161 items/min)
2019-06-10 18:07:47 [scrapy.extensions.logstats] INFO: Crawled 2776 pages (at 22 pages/min), scraped 16805 items (at 107 items/min)
2019-06-10 18:08:47 [scrapy.extensions.logstats] INFO: Crawled 2801 pages (at 25 pages/min), scraped 16868 items (at 63 items/min)
2019-06-10 18:09:47 [scrapy.extensions.logstats] INFO: Crawled 2824 pages (at 23 pages/min), scraped 16967 items (at 99 items/min)
2019-06-10 18:10:47 [scrapy.extensions.logstats] INFO: Crawled 2849 pages (at 25 pages/min), scraped 17060 items (at 93 items/min)
2019-06-10 18:11:47 [scrapy.extensions.logstats] INFO: Crawled 2874 pages (at 25 pages/min), scraped 17175 items (at 115 items/min)
2019-06-10 18:12:47 [scrapy.extensions.logstats] INFO: Crawled 2897 pages (at 23 pages/min), scraped 17387 items (at 212 items/min)
2019-06-10 18:13:47 [scrapy.extensions.logstats] INFO: Crawled 2921 pages (at 24 pages/min), scraped 17646 items (at 259 items/min)
2019-06-10 18:14:47 [scrapy.extensions.logstats] INFO: Crawled 2945 pages (at 24 pages/min), scraped 17931 items (at 285 items/min)
2019-06-10 18:15:47 [scrapy.extensions.logstats] INFO: Crawled 2968 pages (at 23 pages/min), scraped 18185 items (at 254 items/min)
2019-06-10 18:16:47 [scrapy.extensions.logstats] INFO: Crawled 2992 pages (at 24 pages/min), scraped 18439 items (at 254 items/min)
2019-06-10 18:17:47 [scrapy.extensions.logstats] INFO: Crawled 3017 pages (at 25 pages/min), scraped 18518 items (at 79 items/min)
2019-06-10 18:18:47 [scrapy.extensions.logstats] INFO: Crawled 3040 pages (at 23 pages/min), scraped 18754 items (at 236 items/min)
2019-06-10 18:19:47 [scrapy.extensions.logstats] INFO: Crawled 3066 pages (at 26 pages/min), scraped 18883 items (at 129 items/min)
2019-06-10 18:20:47 [scrapy.extensions.logstats] INFO: Crawled 3090 pages (at 24 pages/min), scraped 19016 items (at 133 items/min)
2019-06-10 18:21:47 [scrapy.extensions.logstats] INFO: Crawled 3116 pages (at 26 pages/min), scraped 19226 items (at 210 items/min)
2019-06-10 18:22:47 [scrapy.extensions.logstats] INFO: Crawled 3139 pages (at 23 pages/min), scraped 19361 items (at 135 items/min)
2019-06-10 18:23:47 [scrapy.extensions.logstats] INFO: Crawled 3160 pages (at 21 pages/min), scraped 19537 items (at 176 items/min)
2019-06-10 18:24:47 [scrapy.extensions.logstats] INFO: Crawled 3184 pages (at 24 pages/min), scraped 19587 items (at 50 items/min)
2019-06-10 18:25:47 [scrapy.extensions.logstats] INFO: Crawled 3207 pages (at 23 pages/min), scraped 19805 items (at 218 items/min)
2019-06-10 18:26:47 [scrapy.extensions.logstats] INFO: Crawled 3231 pages (at 24 pages/min), scraped 19900 items (at 95 items/min)
2019-06-10 18:27:47 [scrapy.extensions.logstats] INFO: Crawled 3257 pages (at 26 pages/min), scraped 20064 items (at 164 items/min)
2019-06-10 18:28:47 [scrapy.extensions.logstats] INFO: Crawled 3281 pages (at 24 pages/min), scraped 20167 items (at 103 items/min)
2019-06-10 18:29:47 [scrapy.extensions.logstats] INFO: Crawled 3306 pages (at 25 pages/min), scraped 20680 items (at 513 items/min)
2019-06-10 18:30:47 [scrapy.extensions.logstats] INFO: Crawled 3331 pages (at 25 pages/min), scraped 20914 items (at 234 items/min)
2019-06-10 18:31:47 [scrapy.extensions.logstats] INFO: Crawled 3355 pages (at 24 pages/min), scraped 21065 items (at 151 items/min)
2019-06-10 18:32:47 [scrapy.extensions.logstats] INFO: Crawled 3380 pages (at 25 pages/min), scraped 21235 items (at 170 items/min)
2019-06-10 18:33:47 [scrapy.extensions.logstats] INFO: Crawled 3405 pages (at 25 pages/min), scraped 21364 items (at 129 items/min)
2019-06-10 18:34:47 [scrapy.extensions.logstats] INFO: Crawled 3430 pages (at 25 pages/min), scraped 21513 items (at 149 items/min)
2019-06-10 18:35:47 [scrapy.extensions.logstats] INFO: Crawled 3456 pages (at 26 pages/min), scraped 21575 items (at 62 items/min)
2019-06-10 18:36:47 [scrapy.extensions.logstats] INFO: Crawled 3481 pages (at 25 pages/min), scraped 21752 items (at 177 items/min)
2019-06-10 18:37:47 [scrapy.extensions.logstats] INFO: Crawled 3503 pages (at 22 pages/min), scraped 22214 items (at 462 items/min)
2019-06-10 18:38:47 [scrapy.extensions.logstats] INFO: Crawled 3526 pages (at 23 pages/min), scraped 22575 items (at 361 items/min)
2019-06-10 18:39:47 [scrapy.extensions.logstats] INFO: Crawled 3552 pages (at 26 pages/min), scraped 22707 items (at 132 items/min)
2019-06-10 18:40:47 [scrapy.extensions.logstats] INFO: Crawled 3577 pages (at 25 pages/min), scraped 22885 items (at 178 items/min)
2019-06-10 18:41:47 [scrapy.extensions.logstats] INFO: Crawled 3602 pages (at 25 pages/min), scraped 23029 items (at 144 items/min)
2019-06-10 18:42:47 [scrapy.extensions.logstats] INFO: Crawled 3627 pages (at 25 pages/min), scraped 23206 items (at 177 items/min)
2019-06-10 18:43:47 [scrapy.extensions.logstats] INFO: Crawled 3651 pages (at 24 pages/min), scraped 23323 items (at 117 items/min)
2019-06-10 18:44:47 [scrapy.extensions.logstats] INFO: Crawled 3676 pages (at 25 pages/min), scraped 23443 items (at 120 items/min)
2019-06-10 18:45:47 [scrapy.extensions.logstats] INFO: Crawled 3701 pages (at 25 pages/min), scraped 23541 items (at 98 items/min)
2019-06-10 18:46:47 [scrapy.extensions.logstats] INFO: Crawled 3726 pages (at 25 pages/min), scraped 23795 items (at 254 items/min)
2019-06-10 18:47:47 [scrapy.extensions.logstats] INFO: Crawled 3753 pages (at 27 pages/min), scraped 23872 items (at 77 items/min)
2019-06-10 18:48:47 [scrapy.extensions.logstats] INFO: Crawled 3775 pages (at 22 pages/min), scraped 24149 items (at 277 items/min)
2019-06-10 18:49:47 [scrapy.extensions.logstats] INFO: Crawled 3800 pages (at 25 pages/min), scraped 24284 items (at 135 items/min)
2019-06-10 18:50:47 [scrapy.extensions.logstats] INFO: Crawled 3825 pages (at 25 pages/min), scraped 24367 items (at 83 items/min)
2019-06-10 18:51:47 [scrapy.extensions.logstats] INFO: Crawled 3850 pages (at 25 pages/min), scraped 24508 items (at 141 items/min)
2019-06-10 18:52:47 [scrapy.extensions.logstats] INFO: Crawled 3875 pages (at 25 pages/min), scraped 24664 items (at 156 items/min)
2019-06-10 18:53:47 [scrapy.extensions.logstats] INFO: Crawled 3900 pages (at 25 pages/min), scraped 24782 items (at 118 items/min)
2019-06-10 18:54:47 [scrapy.extensions.logstats] INFO: Crawled 3924 pages (at 24 pages/min), scraped 24965 items (at 183 items/min)
2019-06-10 18:55:47 [scrapy.extensions.logstats] INFO: Crawled 3949 pages (at 25 pages/min), scraped 25089 items (at 124 items/min)
2019-06-10 18:56:47 [scrapy.extensions.logstats] INFO: Crawled 3974 pages (at 25 pages/min), scraped 25310 items (at 221 items/min)
2019-06-10 18:57:47 [scrapy.extensions.logstats] INFO: Crawled 3997 pages (at 23 pages/min), scraped 25809 items (at 499 items/min)
2019-06-10 18:58:47 [scrapy.extensions.logstats] INFO: Crawled 4021 pages (at 24 pages/min), scraped 25950 items (at 141 items/min)
2019-06-10 18:59:47 [scrapy.extensions.logstats] INFO: Crawled 4045 pages (at 24 pages/min), scraped 26040 items (at 90 items/min)
2019-06-10 19:00:47 [scrapy.extensions.logstats] INFO: Crawled 4071 pages (at 26 pages/min), scraped 26104 items (at 64 items/min)
2019-06-10 19:01:47 [scrapy.extensions.logstats] INFO: Crawled 4094 pages (at 23 pages/min), scraped 26178 items (at 74 items/min)
2019-06-10 19:02:47 [scrapy.extensions.logstats] INFO: Crawled 4119 pages (at 25 pages/min), scraped 26256 items (at 78 items/min)
2019-06-10 19:03:47 [scrapy.extensions.logstats] INFO: Crawled 4142 pages (at 23 pages/min), scraped 26396 items (at 140 items/min)
2019-06-10 19:04:47 [scrapy.extensions.logstats] INFO: Crawled 4166 pages (at 24 pages/min), scraped 26508 items (at 112 items/min)
2019-06-10 19:05:47 [scrapy.extensions.logstats] INFO: Crawled 4189 pages (at 23 pages/min), scraped 26860 items (at 352 items/min)
2019-06-10 19:06:47 [scrapy.extensions.logstats] INFO: Crawled 4213 pages (at 24 pages/min), scraped 27080 items (at 220 items/min)
2019-06-10 19:07:47 [scrapy.extensions.logstats] INFO: Crawled 4238 pages (at 25 pages/min), scraped 27240 items (at 160 items/min)
2019-06-10 19:08:47 [scrapy.extensions.logstats] INFO: Crawled 4262 pages (at 24 pages/min), scraped 27395 items (at 155 items/min)
2019-06-10 19:09:47 [scrapy.extensions.logstats] INFO: Crawled 4288 pages (at 26 pages/min), scraped 27604 items (at 209 items/min)
2019-06-10 19:10:47 [scrapy.extensions.logstats] INFO: Crawled 4312 pages (at 24 pages/min), scraped 27676 items (at 72 items/min)
2019-06-10 19:11:47 [scrapy.extensions.logstats] INFO: Crawled 4337 pages (at 25 pages/min), scraped 27928 items (at 252 items/min)
2019-06-10 19:12:47 [scrapy.extensions.logstats] INFO: Crawled 4361 pages (at 24 pages/min), scraped 28134 items (at 206 items/min)
2019-06-10 19:13:47 [scrapy.extensions.logstats] INFO: Crawled 4385 pages (at 24 pages/min), scraped 28262 items (at 128 items/min)
2019-06-10 19:14:47 [scrapy.extensions.logstats] INFO: Crawled 4409 pages (at 24 pages/min), scraped 28296 items (at 34 items/min)
2019-06-10 19:15:47 [scrapy.extensions.logstats] INFO: Crawled 4434 pages (at 25 pages/min), scraped 28368 items (at 72 items/min)
2019-06-10 19:16:47 [scrapy.extensions.logstats] INFO: Crawled 4457 pages (at 23 pages/min), scraped 28404 items (at 36 items/min)
2019-06-10 19:17:47 [scrapy.extensions.logstats] INFO: Crawled 4480 pages (at 23 pages/min), scraped 28641 items (at 237 items/min)
2019-06-10 19:18:47 [scrapy.extensions.logstats] INFO: Crawled 4504 pages (at 24 pages/min), scraped 28918 items (at 277 items/min)
2019-06-10 19:19:47 [scrapy.extensions.logstats] INFO: Crawled 4527 pages (at 23 pages/min), scraped 29061 items (at 143 items/min)
2019-06-10 19:20:47 [scrapy.extensions.logstats] INFO: Crawled 4551 pages (at 24 pages/min), scraped 29353 items (at 292 items/min)
2019-06-10 19:21:47 [scrapy.extensions.logstats] INFO: Crawled 4575 pages (at 24 pages/min), scraped 29776 items (at 423 items/min)
2019-06-10 19:22:47 [scrapy.extensions.logstats] INFO: Crawled 4600 pages (at 25 pages/min), scraped 29880 items (at 104 items/min)
2019-06-10 19:23:47 [scrapy.extensions.logstats] INFO: Crawled 4624 pages (at 24 pages/min), scraped 30025 items (at 145 items/min)
2019-06-10 19:24:47 [scrapy.extensions.logstats] INFO: Crawled 4648 pages (at 24 pages/min), scraped 30127 items (at 102 items/min)
2019-06-10 19:25:47 [scrapy.extensions.logstats] INFO: Crawled 4674 pages (at 26 pages/min), scraped 30218 items (at 91 items/min)
2019-06-10 19:26:47 [scrapy.extensions.logstats] INFO: Crawled 4698 pages (at 24 pages/min), scraped 30425 items (at 207 items/min)
2019-06-10 19:27:47 [scrapy.extensions.logstats] INFO: Crawled 4722 pages (at 24 pages/min), scraped 30484 items (at 59 items/min)
2019-06-10 19:28:47 [scrapy.extensions.logstats] INFO: Crawled 4747 pages (at 25 pages/min), scraped 30587 items (at 103 items/min)
2019-06-10 19:29:47 [scrapy.extensions.logstats] INFO: Crawled 4771 pages (at 24 pages/min), scraped 30774 items (at 187 items/min)
2019-06-10 19:30:47 [scrapy.extensions.logstats] INFO: Crawled 4796 pages (at 25 pages/min), scraped 30833 items (at 59 items/min)
2019-06-10 19:31:47 [scrapy.extensions.logstats] INFO: Crawled 4817 pages (at 21 pages/min), scraped 30926 items (at 93 items/min)
2019-06-10 19:32:49 [Guba.spiders.CommentPageUrlSpider] ERROR: http://guba.eastmoney.com/news,601328,215731160.html json 解析出错, 错误原因 Error 60 connecting to 120.***.***.***:6379. Operation timed out.
2019-06-10 19:32:50 [scrapy.extensions.logstats] INFO: Crawled 4841 pages (at 24 pages/min), scraped 31004 items (at 78 items/min)
2019-06-10 19:33:47 [scrapy.extensions.logstats] INFO: Crawled 4866 pages (at 25 pages/min), scraped 31132 items (at 128 items/min)
2019-06-10 19:34:47 [scrapy.extensions.logstats] INFO: Crawled 4889 pages (at 23 pages/min), scraped 31278 items (at 146 items/min)
2019-06-10 19:35:47 [scrapy.extensions.logstats] INFO: Crawled 4913 pages (at 24 pages/min), scraped 31488 items (at 210 items/min)
2019-06-10 19:36:47 [scrapy.extensions.logstats] INFO: Crawled 4938 pages (at 25 pages/min), scraped 31713 items (at 225 items/min)
2019-06-10 19:37:47 [scrapy.extensions.logstats] INFO: Crawled 4962 pages (at 24 pages/min), scraped 31826 items (at 113 items/min)
2019-06-10 19:38:47 [scrapy.extensions.logstats] INFO: Crawled 4987 pages (at 25 pages/min), scraped 32024 items (at 198 items/min)
2019-06-10 19:39:47 [scrapy.extensions.logstats] INFO: Crawled 5011 pages (at 24 pages/min), scraped 32334 items (at 310 items/min)
2019-06-10 19:40:47 [scrapy.extensions.logstats] INFO: Crawled 5035 pages (at 24 pages/min), scraped 32443 items (at 109 items/min)
2019-06-10 19:41:47 [scrapy.extensions.logstats] INFO: Crawled 5058 pages (at 23 pages/min), scraped 32807 items (at 364 items/min)
2019-06-10 19:42:47 [scrapy.extensions.logstats] INFO: Crawled 5082 pages (at 24 pages/min), scraped 32915 items (at 108 items/min)
2019-06-10 19:43:47 [scrapy.extensions.logstats] INFO: Crawled 5106 pages (at 24 pages/min), scraped 33107 items (at 192 items/min)
2019-06-10 19:44:47 [scrapy.extensions.logstats] INFO: Crawled 5132 pages (at 26 pages/min), scraped 33320 items (at 213 items/min)
2019-06-10 19:45:47 [scrapy.extensions.logstats] INFO: Crawled 5156 pages (at 24 pages/min), scraped 33435 items (at 115 items/min)
2019-06-10 19:46:47 [scrapy.extensions.logstats] INFO: Crawled 5181 pages (at 25 pages/min), scraped 33628 items (at 193 items/min)
2019-06-10 19:47:47 [scrapy.extensions.logstats] INFO: Crawled 5205 pages (at 24 pages/min), scraped 33835 items (at 207 items/min)
2019-06-10 19:48:47 [scrapy.extensions.logstats] INFO: Crawled 5228 pages (at 23 pages/min), scraped 33917 items (at 82 items/min)
2019-06-10 19:49:47 [scrapy.extensions.logstats] INFO: Crawled 5252 pages (at 24 pages/min), scraped 34131 items (at 214 items/min)
2019-06-10 19:50:47 [scrapy.extensions.logstats] INFO: Crawled 5275 pages (at 23 pages/min), scraped 34484 items (at 353 items/min)
2019-06-10 19:51:47 [scrapy.extensions.logstats] INFO: Crawled 5300 pages (at 25 pages/min), scraped 34763 items (at 279 items/min)
2019-06-10 19:52:47 [scrapy.extensions.logstats] INFO: Crawled 5324 pages (at 24 pages/min), scraped 35033 items (at 270 items/min)
2019-06-10 19:53:47 [scrapy.extensions.logstats] INFO: Crawled 5348 pages (at 24 pages/min), scraped 35294 items (at 261 items/min)
2019-06-10 19:54:47 [scrapy.extensions.logstats] INFO: Crawled 5372 pages (at 24 pages/min), scraped 35453 items (at 159 items/min)
2019-06-10 19:55:47 [scrapy.extensions.logstats] INFO: Crawled 5397 pages (at 25 pages/min), scraped 35722 items (at 269 items/min)
2019-06-10 19:56:48 [scrapy.extensions.logstats] INFO: Crawled 5422 pages (at 25 pages/min), scraped 35882 items (at 160 items/min)
2019-06-10 19:57:47 [scrapy.extensions.logstats] INFO: Crawled 5448 pages (at 26 pages/min), scraped 35974 items (at 92 items/min)
2019-06-10 19:58:47 [scrapy.extensions.logstats] INFO: Crawled 5474 pages (at 26 pages/min), scraped 36028 items (at 54 items/min)
2019-06-10 19:59:47 [scrapy.extensions.logstats] INFO: Crawled 5500 pages (at 26 pages/min), scraped 36108 items (at 80 items/min)
2019-06-10 20:00:47 [scrapy.extensions.logstats] INFO: Crawled 5525 pages (at 25 pages/min), scraped 36199 items (at 91 items/min)
2019-06-10 20:01:47 [scrapy.extensions.logstats] INFO: Crawled 5549 pages (at 24 pages/min), scraped 36316 items (at 117 items/min)
2019-06-10 20:02:47 [scrapy.extensions.logstats] INFO: Crawled 5574 pages (at 25 pages/min), scraped 36547 items (at 231 items/min)
2019-06-10 20:03:47 [scrapy.extensions.logstats] INFO: Crawled 5598 pages (at 24 pages/min), scraped 36797 items (at 250 items/min)
2019-06-10 20:04:47 [scrapy.extensions.logstats] INFO: Crawled 5623 pages (at 25 pages/min), scraped 36942 items (at 145 items/min)
2019-06-10 20:05:47 [scrapy.extensions.logstats] INFO: Crawled 5647 pages (at 24 pages/min), scraped 37120 items (at 178 items/min)
2019-06-10 20:06:47 [scrapy.extensions.logstats] INFO: Crawled 5671 pages (at 24 pages/min), scraped 37350 items (at 230 items/min)
2019-06-10 20:07:47 [scrapy.extensions.logstats] INFO: Crawled 5696 pages (at 25 pages/min), scraped 37449 items (at 99 items/min)
2019-06-10 20:08:47 [scrapy.extensions.logstats] INFO: Crawled 5718 pages (at 22 pages/min), scraped 37602 items (at 153 items/min)
2019-06-10 20:09:47 [scrapy.extensions.logstats] INFO: Crawled 5743 pages (at 25 pages/min), scraped 37799 items (at 197 items/min)
2019-06-10 20:10:47 [scrapy.extensions.logstats] INFO: Crawled 5767 pages (at 24 pages/min), scraped 37965 items (at 166 items/min)
2019-06-10 20:11:47 [scrapy.extensions.logstats] INFO: Crawled 5792 pages (at 25 pages/min), scraped 38049 items (at 84 items/min)
2019-06-10 20:12:47 [scrapy.extensions.logstats] INFO: Crawled 5818 pages (at 26 pages/min), scraped 38171 items (at 122 items/min)
2019-06-10 20:13:47 [scrapy.extensions.logstats] INFO: Crawled 5842 pages (at 24 pages/min), scraped 38320 items (at 149 items/min)
2019-06-10 20:14:47 [scrapy.extensions.logstats] INFO: Crawled 5866 pages (at 24 pages/min), scraped 38372 items (at 52 items/min)
2019-06-10 20:15:47 [scrapy.extensions.logstats] INFO: Crawled 5891 pages (at 25 pages/min), scraped 38439 items (at 67 items/min)
2019-06-10 20:16:47 [scrapy.extensions.logstats] INFO: Crawled 5915 pages (at 24 pages/min), scraped 38569 items (at 130 items/min)
2019-06-10 20:17:47 [scrapy.extensions.logstats] INFO: Crawled 5938 pages (at 23 pages/min), scraped 38731 items (at 162 items/min)
2019-06-10 20:18:47 [scrapy.extensions.logstats] INFO: Crawled 5962 pages (at 24 pages/min), scraped 38770 items (at 39 items/min)
2019-06-10 20:19:47 [scrapy.extensions.logstats] INFO: Crawled 5986 pages (at 24 pages/min), scraped 38824 items (at 54 items/min)
2019-06-10 20:20:47 [scrapy.extensions.logstats] INFO: Crawled 6011 pages (at 25 pages/min), scraped 38877 items (at 53 items/min)
2019-06-10 20:21:47 [scrapy.extensions.logstats] INFO: Crawled 6035 pages (at 24 pages/min), scraped 38987 items (at 110 items/min)
2019-06-10 20:22:47 [scrapy.extensions.logstats] INFO: Crawled 6059 pages (at 24 pages/min), scraped 39133 items (at 146 items/min)
2019-06-10 20:23:47 [scrapy.extensions.logstats] INFO: Crawled 6081 pages (at 22 pages/min), scraped 39168 items (at 35 items/min)
2019-06-10 20:24:47 [scrapy.extensions.logstats] INFO: Crawled 6104 pages (at 23 pages/min), scraped 39403 items (at 235 items/min)
2019-06-10 20:25:47 [scrapy.extensions.logstats] INFO: Crawled 6128 pages (at 24 pages/min), scraped 39451 items (at 48 items/min)
2019-06-10 20:26:47 [scrapy.extensions.logstats] INFO: Crawled 6153 pages (at 25 pages/min), scraped 39525 items (at 74 items/min)
2019-06-10 20:27:47 [scrapy.extensions.logstats] INFO: Crawled 6178 pages (at 25 pages/min), scraped 39565 items (at 40 items/min)
2019-06-10 20:28:47 [scrapy.extensions.logstats] INFO: Crawled 6202 pages (at 24 pages/min), scraped 39709 items (at 144 items/min)
2019-06-10 20:29:47 [scrapy.extensions.logstats] INFO: Crawled 6226 pages (at 24 pages/min), scraped 39912 items (at 203 items/min)
2019-06-10 20:30:47 [scrapy.extensions.logstats] INFO: Crawled 6251 pages (at 25 pages/min), scraped 40076 items (at 164 items/min)
2019-06-10 20:31:47 [scrapy.extensions.logstats] INFO: Crawled 6277 pages (at 26 pages/min), scraped 40255 items (at 179 items/min)
2019-06-10 20:32:47 [scrapy.extensions.logstats] INFO: Crawled 6301 pages (at 24 pages/min), scraped 40319 items (at 64 items/min)
2019-06-10 20:33:47 [scrapy.extensions.logstats] INFO: Crawled 6325 pages (at 24 pages/min), scraped 40374 items (at 55 items/min)
2019-06-10 20:34:47 [scrapy.extensions.logstats] INFO: Crawled 6348 pages (at 23 pages/min), scraped 40460 items (at 86 items/min)
2019-06-10 20:35:47 [scrapy.extensions.logstats] INFO: Crawled 6371 pages (at 23 pages/min), scraped 40621 items (at 161 items/min)
2019-06-10 20:36:47 [scrapy.extensions.logstats] INFO: Crawled 6396 pages (at 25 pages/min), scraped 40805 items (at 184 items/min)
2019-06-10 20:37:47 [scrapy.extensions.logstats] INFO: Crawled 6420 pages (at 24 pages/min), scraped 40925 items (at 120 items/min)
2019-06-10 20:38:47 [scrapy.extensions.logstats] INFO: Crawled 6445 pages (at 25 pages/min), scraped 40954 items (at 29 items/min)
2019-06-10 20:39:47 [scrapy.extensions.logstats] INFO: Crawled 6471 pages (at 26 pages/min), scraped 41055 items (at 101 items/min)
2019-06-10 20:40:47 [scrapy.extensions.logstats] INFO: Crawled 6495 pages (at 24 pages/min), scraped 41108 items (at 53 items/min)
2019-06-10 20:41:47 [scrapy.extensions.logstats] INFO: Crawled 6520 pages (at 25 pages/min), scraped 41301 items (at 193 items/min)
2019-06-10 20:42:47 [scrapy.extensions.logstats] INFO: Crawled 6544 pages (at 24 pages/min), scraped 41466 items (at 165 items/min)
2019-06-10 20:43:47 [scrapy.extensions.logstats] INFO: Crawled 6569 pages (at 25 pages/min), scraped 41642 items (at 176 items/min)
2019-06-10 20:44:47 [scrapy.extensions.logstats] INFO: Crawled 6593 pages (at 24 pages/min), scraped 41784 items (at 142 items/min)
2019-06-10 20:45:47 [scrapy.extensions.logstats] INFO: Crawled 6617 pages (at 24 pages/min), scraped 41880 items (at 96 items/min)
2019-06-10 20:46:47 [scrapy.extensions.logstats] INFO: Crawled 6641 pages (at 24 pages/min), scraped 42131 items (at 251 items/min)
2019-06-10 20:47:47 [scrapy.extensions.logstats] INFO: Crawled 6665 pages (at 24 pages/min), scraped 42384 items (at 253 items/min)
2019-06-10 20:48:47 [scrapy.extensions.logstats] INFO: Crawled 6689 pages (at 24 pages/min), scraped 42765 items (at 381 items/min)
2019-06-10 20:49:47 [scrapy.extensions.logstats] INFO: Crawled 6714 pages (at 25 pages/min), scraped 42941 items (at 176 items/min)
2019-06-10 20:50:47 [scrapy.extensions.logstats] INFO: Crawled 6738 pages (at 24 pages/min), scraped 43175 items (at 234 items/min)
2019-06-10 20:51:47 [scrapy.extensions.logstats] INFO: Crawled 6765 pages (at 27 pages/min), scraped 43590 items (at 415 items/min)
2019-06-10 20:52:47 [scrapy.extensions.logstats] INFO: Crawled 6790 pages (at 25 pages/min), scraped 43972 items (at 382 items/min)
2019-06-10 20:53:47 [scrapy.extensions.logstats] INFO: Crawled 6816 pages (at 26 pages/min), scraped 44156 items (at 184 items/min)
2019-06-10 20:54:47 [scrapy.extensions.logstats] INFO: Crawled 6841 pages (at 25 pages/min), scraped 44373 items (at 217 items/min)
2019-06-10 20:55:47 [scrapy.extensions.logstats] INFO: Crawled 6867 pages (at 26 pages/min), scraped 44539 items (at 166 items/min)
2019-06-10 20:56:47 [scrapy.extensions.logstats] INFO: Crawled 6892 pages (at 25 pages/min), scraped 44633 items (at 94 items/min)
2019-06-10 20:57:47 [scrapy.extensions.logstats] INFO: Crawled 6916 pages (at 24 pages/min), scraped 44740 items (at 107 items/min)
2019-06-10 20:58:47 [scrapy.extensions.logstats] INFO: Crawled 6940 pages (at 24 pages/min), scraped 45017 items (at 277 items/min)
2019-06-10 20:59:47 [scrapy.extensions.logstats] INFO: Crawled 6964 pages (at 24 pages/min), scraped 45179 items (at 162 items/min)
2019-06-10 21:00:47 [scrapy.extensions.logstats] INFO: Crawled 6987 pages (at 23 pages/min), scraped 45427 items (at 248 items/min)
2019-06-10 21:01:47 [scrapy.extensions.logstats] INFO: Crawled 7011 pages (at 24 pages/min), scraped 45489 items (at 62 items/min)
2019-06-10 21:02:47 [scrapy.extensions.logstats] INFO: Crawled 7036 pages (at 25 pages/min), scraped 45594 items (at 105 items/min)
2019-06-10 21:03:47 [scrapy.extensions.logstats] INFO: Crawled 7061 pages (at 25 pages/min), scraped 45733 items (at 139 items/min)
2019-06-10 21:04:47 [scrapy.extensions.logstats] INFO: Crawled 7085 pages (at 24 pages/min), scraped 45898 items (at 165 items/min)
2019-06-10 21:05:47 [scrapy.extensions.logstats] INFO: Crawled 7108 pages (at 23 pages/min), scraped 46092 items (at 194 items/min)
2019-06-10 21:06:47 [scrapy.extensions.logstats] INFO: Crawled 7131 pages (at 23 pages/min), scraped 46311 items (at 219 items/min)
2019-06-10 21:07:47 [scrapy.extensions.logstats] INFO: Crawled 7155 pages (at 24 pages/min), scraped 46681 items (at 370 items/min)
2019-06-10 21:08:47 [scrapy.extensions.logstats] INFO: Crawled 7180 pages (at 25 pages/min), scraped 46772 items (at 91 items/min)
2019-06-10 21:09:47 [scrapy.extensions.logstats] INFO: Crawled 7205 pages (at 25 pages/min), scraped 46831 items (at 59 items/min)
2019-06-10 21:10:47 [scrapy.extensions.logstats] INFO: Crawled 7230 pages (at 25 pages/min), scraped 46936 items (at 105 items/min)
2019-06-10 21:11:47 [scrapy.extensions.logstats] INFO: Crawled 7254 pages (at 24 pages/min), scraped 47026 items (at 90 items/min)
2019-06-10 21:12:47 [scrapy.extensions.logstats] INFO: Crawled 7278 pages (at 24 pages/min), scraped 47083 items (at 57 items/min)
2019-06-10 21:13:47 [scrapy.extensions.logstats] INFO: Crawled 7303 pages (at 25 pages/min), scraped 47163 items (at 80 items/min)
2019-06-10 21:14:47 [scrapy.extensions.logstats] INFO: Crawled 7326 pages (at 23 pages/min), scraped 47269 items (at 106 items/min)
2019-06-10 21:15:47 [scrapy.extensions.logstats] INFO: Crawled 7349 pages (at 23 pages/min), scraped 47436 items (at 167 items/min)
2019-06-10 21:16:47 [scrapy.extensions.logstats] INFO: Crawled 7373 pages (at 24 pages/min), scraped 47568 items (at 132 items/min)
2019-06-10 21:17:47 [scrapy.extensions.logstats] INFO: Crawled 7397 pages (at 24 pages/min), scraped 47727 items (at 159 items/min)
2019-06-10 21:18:47 [scrapy.extensions.logstats] INFO: Crawled 7419 pages (at 22 pages/min), scraped 47805 items (at 78 items/min)
2019-06-10 21:19:47 [scrapy.extensions.logstats] INFO: Crawled 7443 pages (at 24 pages/min), scraped 47925 items (at 120 items/min)
2019-06-10 21:20:47 [scrapy.extensions.logstats] INFO: Crawled 7467 pages (at 24 pages/min), scraped 48060 items (at 135 items/min)
2019-06-10 21:21:47 [scrapy.extensions.logstats] INFO: Crawled 7491 pages (at 24 pages/min), scraped 48161 items (at 101 items/min)
2019-06-10 21:22:47 [scrapy.extensions.logstats] INFO: Crawled 7516 pages (at 25 pages/min), scraped 48327 items (at 166 items/min)
2019-06-10 21:23:47 [scrapy.extensions.logstats] INFO: Crawled 7540 pages (at 24 pages/min), scraped 48447 items (at 120 items/min)
2019-06-10 21:24:47 [scrapy.extensions.logstats] INFO: Crawled 7564 pages (at 24 pages/min), scraped 48647 items (at 200 items/min)
2019-06-10 21:25:47 [scrapy.extensions.logstats] INFO: Crawled 7587 pages (at 23 pages/min), scraped 48876 items (at 229 items/min)
2019-06-10 21:26:47 [scrapy.extensions.logstats] INFO: Crawled 7612 pages (at 25 pages/min), scraped 49104 items (at 228 items/min)
2019-06-10 21:27:47 [scrapy.extensions.logstats] INFO: Crawled 7635 pages (at 23 pages/min), scraped 49345 items (at 241 items/min)
2019-06-10 21:28:47 [scrapy.extensions.logstats] INFO: Crawled 7660 pages (at 25 pages/min), scraped 49400 items (at 55 items/min)
2019-06-10 21:29:47 [scrapy.extensions.logstats] INFO: Crawled 7686 pages (at 26 pages/min), scraped 49528 items (at 128 items/min)
2019-06-10 21:30:47 [scrapy.extensions.logstats] INFO: Crawled 7710 pages (at 24 pages/min), scraped 49595 items (at 67 items/min)
2019-06-10 21:31:47 [scrapy.extensions.logstats] INFO: Crawled 7736 pages (at 26 pages/min), scraped 49696 items (at 101 items/min)
2019-06-10 21:32:47 [scrapy.extensions.logstats] INFO: Crawled 7761 pages (at 25 pages/min), scraped 49751 items (at 55 items/min)
2019-06-10 21:33:47 [scrapy.extensions.logstats] INFO: Crawled 7786 pages (at 25 pages/min), scraped 49826 items (at 75 items/min)
2019-06-10 21:34:47 [scrapy.extensions.logstats] INFO: Crawled 7810 pages (at 24 pages/min), scraped 50149 items (at 323 items/min)
2019-06-10 21:35:05 [scrapy.crawler] INFO: Received SIGTERM, shutting down gracefully. Send again to force 
2019-06-10 21:35:05 [scrapy.core.engine] INFO: Closing spider (shutdown)
2019-06-10 21:35:13 [scrapy.statscollectors] INFO: Dumping Scrapy stats:
{'downloader/request_bytes': 2460337,
 'downloader/request_count': 7826,
 'downloader/request_method_count/GET': 7826,
 'downloader/response_bytes': 155497834,
 'downloader/response_count': 7826,
 'downloader/response_status_count/200': 7820,
 'downloader/response_status_count/302': 3,
 'downloader/response_status_count/404': 1,
 'downloader/response_status_count/503': 2,
 'finish_reason': 'shutdown',
 'finish_time': datetime.datetime(2019, 6, 10, 13, 35, 13, 479842),
 'item_scraped_count': 50174,
 'log_count/ERROR': 1,
 'log_count/INFO': 331,
 'memusage/max': 84869120,
 'memusage/startup': 63094784,
 'response_received_count': 7821,
 'retry/count': 2,
 'retry/reason_count/503 Service Unavailable': 2,
 'robotstxt/request_count': 1,
 'robotstxt/response_count': 1,
 'robotstxt/response_status_count/404': 1,
 'scheduler/dequeued/redis': 7825,
 'scheduler/enqueued/redis': 7577,
 'start_time': datetime.datetime(2019, 6, 10, 8, 12, 47, 628425)}
2019-06-10 21:35:13 [scrapy.core.engine] INFO: Spider closed (shutdown)
