2019-06-10 16:30:52 [scrapy.utils.log] INFO: Scrapy 1.6.0 started (bot: Guba)
2019-06-10 16:30:52 [scrapy.utils.log] INFO: Versions: lxml 4.3.2.0, libxml2 2.9.9, cssselect 1.0.3, parsel 1.5.1, w3lib 1.20.0, Twisted 18.9.0, Python 3.7.3 (default, Mar 27 2019, 16:54:48) - [Clang 4.0.1 (tags/RELEASE_401/final)], pyOpenSSL 19.0.0 (OpenSSL 1.1.1b  26 Feb 2019), cryptography 2.6.1, Platform Darwin-18.6.0-x86_64-i386-64bit
2019-06-10 16:30:52 [scrapy.crawler] INFO: Overridden settings: {'BOT_NAME': 'Guba', 'CONCURRENT_REQUESTS': 8, 'DOWNLOAD_DELAY': 2, 'DUPEFILTER_CLASS': 'scrapy_redis.dupefilter.RFPDupeFilter', 'LOG_FILE': 'logs/Guba/CommentPageUrlSpider/2019-06-10T16_30_47.log', 'LOG_LEVEL': 'INFO', 'NEWSPIDER_MODULE': 'Guba.spiders', 'ROBOTSTXT_OBEY': True, 'SCHEDULER': 'scrapy_redis.scheduler.Scheduler', 'SPIDER_MODULES': ['Guba.spiders']}
2019-06-10 16:30:52 [scrapy.middleware] INFO: Enabled extensions:
['scrapy.extensions.corestats.CoreStats',
 'scrapy.extensions.memusage.MemoryUsage',
 'scrapy.extensions.logstats.LogStats']
2019-06-10 16:30:52 [CommentPageUrlSpider] INFO: Reading start URLs from redis key 'NewsContent:start_urls' (batch size: 8, encoding: utf-8
2019-06-10 16:30:52 [scrapy.middleware] INFO: Enabled downloader middlewares:
['scrapy.downloadermiddlewares.robotstxt.RobotsTxtMiddleware',
 'scrapy.downloadermiddlewares.httpauth.HttpAuthMiddleware',
 'scrapy.downloadermiddlewares.downloadtimeout.DownloadTimeoutMiddleware',
 'scrapy.downloadermiddlewares.defaultheaders.DefaultHeadersMiddleware',
 'Guba.middlewares.RandomUserAgentMiddleware',
 'scrapy.downloadermiddlewares.retry.RetryMiddleware',
 'scrapy.downloadermiddlewares.redirect.MetaRefreshMiddleware',
 'scrapy.downloadermiddlewares.httpcompression.HttpCompressionMiddleware',
 'scrapy.downloadermiddlewares.redirect.RedirectMiddleware',
 'scrapy.downloadermiddlewares.cookies.CookiesMiddleware',
 'scrapy.downloadermiddlewares.httpproxy.HttpProxyMiddleware',
 'scrapy.downloadermiddlewares.stats.DownloaderStats']
2019-06-10 16:30:52 [scrapy.middleware] INFO: Enabled spider middlewares:
['scrapy.spidermiddlewares.httperror.HttpErrorMiddleware',
 'scrapy.spidermiddlewares.offsite.OffsiteMiddleware',
 'scrapy.spidermiddlewares.referer.RefererMiddleware',
 'scrapy.spidermiddlewares.urllength.UrlLengthMiddleware',
 'scrapy.spidermiddlewares.depth.DepthMiddleware']
2019-06-10 16:30:52 [scrapy.middleware] INFO: Enabled item pipelines:
['Guba.pipelines.GubaPipeline']
2019-06-10 16:30:52 [scrapy.core.engine] INFO: Spider opened
2019-06-10 16:30:52 [scrapy.extensions.logstats] INFO: Crawled 0 pages (at 0 pages/min), scraped 0 items (at 0 items/min)
2019-06-10 16:31:52 [scrapy.extensions.logstats] INFO: Crawled 23 pages (at 23 pages/min), scraped 52 items (at 52 items/min)
2019-06-10 16:32:52 [scrapy.extensions.logstats] INFO: Crawled 48 pages (at 25 pages/min), scraped 266 items (at 214 items/min)
2019-06-10 16:33:52 [scrapy.extensions.logstats] INFO: Crawled 71 pages (at 23 pages/min), scraped 307 items (at 41 items/min)
2019-06-10 16:34:52 [scrapy.extensions.logstats] INFO: Crawled 95 pages (at 24 pages/min), scraped 379 items (at 72 items/min)
2019-06-10 16:35:52 [scrapy.extensions.logstats] INFO: Crawled 118 pages (at 23 pages/min), scraped 419 items (at 40 items/min)
2019-06-10 16:36:52 [scrapy.extensions.logstats] INFO: Crawled 145 pages (at 27 pages/min), scraped 466 items (at 47 items/min)
2019-06-10 16:37:52 [scrapy.extensions.logstats] INFO: Crawled 171 pages (at 26 pages/min), scraped 498 items (at 32 items/min)
2019-06-10 16:38:52 [scrapy.extensions.logstats] INFO: Crawled 196 pages (at 25 pages/min), scraped 582 items (at 84 items/min)
2019-06-10 16:39:52 [scrapy.extensions.logstats] INFO: Crawled 220 pages (at 24 pages/min), scraped 885 items (at 303 items/min)
2019-06-10 16:40:52 [scrapy.extensions.logstats] INFO: Crawled 244 pages (at 24 pages/min), scraped 1002 items (at 117 items/min)
2019-06-10 16:41:52 [scrapy.extensions.logstats] INFO: Crawled 267 pages (at 23 pages/min), scraped 1042 items (at 40 items/min)
2019-06-10 16:42:52 [scrapy.extensions.logstats] INFO: Crawled 292 pages (at 25 pages/min), scraped 1218 items (at 176 items/min)
2019-06-10 16:43:52 [scrapy.extensions.logstats] INFO: Crawled 314 pages (at 22 pages/min), scraped 1290 items (at 72 items/min)
2019-06-10 16:44:52 [scrapy.extensions.logstats] INFO: Crawled 340 pages (at 26 pages/min), scraped 1376 items (at 86 items/min)
2019-06-10 16:45:52 [scrapy.extensions.logstats] INFO: Crawled 364 pages (at 24 pages/min), scraped 1513 items (at 137 items/min)
2019-06-10 16:46:52 [scrapy.extensions.logstats] INFO: Crawled 389 pages (at 25 pages/min), scraped 1584 items (at 71 items/min)
2019-06-10 16:47:52 [scrapy.extensions.logstats] INFO: Crawled 413 pages (at 24 pages/min), scraped 1665 items (at 81 items/min)
2019-06-10 16:48:52 [scrapy.extensions.logstats] INFO: Crawled 436 pages (at 23 pages/min), scraped 1758 items (at 93 items/min)
2019-06-10 16:49:52 [scrapy.extensions.logstats] INFO: Crawled 459 pages (at 23 pages/min), scraped 1827 items (at 69 items/min)
2019-06-10 16:50:52 [scrapy.extensions.logstats] INFO: Crawled 484 pages (at 25 pages/min), scraped 1962 items (at 135 items/min)
2019-06-10 16:51:52 [scrapy.extensions.logstats] INFO: Crawled 508 pages (at 24 pages/min), scraped 2057 items (at 95 items/min)
2019-06-10 16:52:52 [scrapy.extensions.logstats] INFO: Crawled 534 pages (at 26 pages/min), scraped 2287 items (at 230 items/min)
2019-06-10 16:53:52 [scrapy.extensions.logstats] INFO: Crawled 556 pages (at 22 pages/min), scraped 2466 items (at 179 items/min)
2019-06-10 16:54:52 [scrapy.extensions.logstats] INFO: Crawled 578 pages (at 22 pages/min), scraped 2589 items (at 123 items/min)
2019-06-10 16:55:52 [scrapy.extensions.logstats] INFO: Crawled 604 pages (at 26 pages/min), scraped 2687 items (at 98 items/min)
2019-06-10 16:56:52 [scrapy.extensions.logstats] INFO: Crawled 631 pages (at 27 pages/min), scraped 2961 items (at 274 items/min)
2019-06-10 16:57:52 [scrapy.extensions.logstats] INFO: Crawled 655 pages (at 24 pages/min), scraped 3163 items (at 202 items/min)
2019-06-10 16:58:52 [scrapy.extensions.logstats] INFO: Crawled 677 pages (at 22 pages/min), scraped 3284 items (at 121 items/min)
2019-06-10 16:59:52 [scrapy.extensions.logstats] INFO: Crawled 701 pages (at 24 pages/min), scraped 3408 items (at 124 items/min)
2019-06-10 17:00:52 [scrapy.extensions.logstats] INFO: Crawled 725 pages (at 24 pages/min), scraped 3454 items (at 46 items/min)
2019-06-10 17:01:52 [scrapy.extensions.logstats] INFO: Crawled 750 pages (at 25 pages/min), scraped 3526 items (at 72 items/min)
2019-06-10 17:02:52 [scrapy.extensions.logstats] INFO: Crawled 775 pages (at 25 pages/min), scraped 3610 items (at 84 items/min)
2019-06-10 17:03:52 [scrapy.extensions.logstats] INFO: Crawled 800 pages (at 25 pages/min), scraped 3786 items (at 176 items/min)
2019-06-10 17:04:52 [scrapy.extensions.logstats] INFO: Crawled 825 pages (at 25 pages/min), scraped 3948 items (at 162 items/min)
2019-06-10 17:05:52 [scrapy.extensions.logstats] INFO: Crawled 849 pages (at 24 pages/min), scraped 4052 items (at 104 items/min)
2019-06-10 17:06:52 [scrapy.extensions.logstats] INFO: Crawled 873 pages (at 24 pages/min), scraped 4417 items (at 365 items/min)
2019-06-10 17:07:52 [scrapy.extensions.logstats] INFO: Crawled 898 pages (at 25 pages/min), scraped 4672 items (at 255 items/min)
2019-06-10 17:08:52 [scrapy.extensions.logstats] INFO: Crawled 922 pages (at 24 pages/min), scraped 4798 items (at 126 items/min)
2019-06-10 17:09:52 [scrapy.extensions.logstats] INFO: Crawled 948 pages (at 26 pages/min), scraped 4974 items (at 176 items/min)
2019-06-10 17:10:52 [scrapy.extensions.logstats] INFO: Crawled 973 pages (at 25 pages/min), scraped 5407 items (at 433 items/min)
2019-06-10 17:11:52 [scrapy.extensions.logstats] INFO: Crawled 997 pages (at 24 pages/min), scraped 5444 items (at 37 items/min)
2019-06-10 17:12:52 [scrapy.extensions.logstats] INFO: Crawled 1020 pages (at 23 pages/min), scraped 5594 items (at 150 items/min)
2019-06-10 17:13:52 [scrapy.extensions.logstats] INFO: Crawled 1043 pages (at 23 pages/min), scraped 5942 items (at 348 items/min)
2019-06-10 17:14:52 [scrapy.extensions.logstats] INFO: Crawled 1069 pages (at 26 pages/min), scraped 6146 items (at 204 items/min)
2019-06-10 17:15:52 [scrapy.extensions.logstats] INFO: Crawled 1092 pages (at 23 pages/min), scraped 6538 items (at 392 items/min)
2019-06-10 17:16:52 [scrapy.extensions.logstats] INFO: Crawled 1117 pages (at 25 pages/min), scraped 6801 items (at 263 items/min)
2019-06-10 17:17:52 [scrapy.extensions.logstats] INFO: Crawled 1141 pages (at 24 pages/min), scraped 6990 items (at 189 items/min)
2019-06-10 17:18:52 [scrapy.extensions.logstats] INFO: Crawled 1164 pages (at 23 pages/min), scraped 7258 items (at 268 items/min)
2019-06-10 17:19:52 [scrapy.extensions.logstats] INFO: Crawled 1188 pages (at 24 pages/min), scraped 7570 items (at 312 items/min)
2019-06-10 17:20:52 [scrapy.extensions.logstats] INFO: Crawled 1205 pages (at 17 pages/min), scraped 7621 items (at 51 items/min)
2019-06-10 17:21:52 [scrapy.extensions.logstats] INFO: Crawled 1228 pages (at 23 pages/min), scraped 7741 items (at 120 items/min)
2019-06-10 17:22:52 [scrapy.extensions.logstats] INFO: Crawled 1252 pages (at 24 pages/min), scraped 7807 items (at 66 items/min)
2019-06-10 17:23:52 [scrapy.extensions.logstats] INFO: Crawled 1276 pages (at 24 pages/min), scraped 7858 items (at 51 items/min)
2019-06-10 17:24:52 [scrapy.extensions.logstats] INFO: Crawled 1302 pages (at 26 pages/min), scraped 8007 items (at 149 items/min)
2019-06-10 17:25:52 [scrapy.extensions.logstats] INFO: Crawled 1327 pages (at 25 pages/min), scraped 8082 items (at 75 items/min)
2019-06-10 17:26:52 [scrapy.extensions.logstats] INFO: Crawled 1351 pages (at 24 pages/min), scraped 8227 items (at 145 items/min)
2019-06-10 17:27:52 [scrapy.extensions.logstats] INFO: Crawled 1376 pages (at 25 pages/min), scraped 8302 items (at 75 items/min)
2019-06-10 17:28:52 [scrapy.extensions.logstats] INFO: Crawled 1402 pages (at 26 pages/min), scraped 8573 items (at 271 items/min)
2019-06-10 17:29:52 [scrapy.extensions.logstats] INFO: Crawled 1427 pages (at 25 pages/min), scraped 8731 items (at 158 items/min)
2019-06-10 17:30:52 [scrapy.extensions.logstats] INFO: Crawled 1451 pages (at 24 pages/min), scraped 8898 items (at 167 items/min)
2019-06-10 17:31:52 [scrapy.extensions.logstats] INFO: Crawled 1477 pages (at 26 pages/min), scraped 9084 items (at 186 items/min)
2019-06-10 17:32:52 [scrapy.extensions.logstats] INFO: Crawled 1501 pages (at 24 pages/min), scraped 9278 items (at 194 items/min)
2019-06-10 17:33:52 [scrapy.extensions.logstats] INFO: Crawled 1527 pages (at 26 pages/min), scraped 9364 items (at 86 items/min)
2019-06-10 17:34:52 [scrapy.extensions.logstats] INFO: Crawled 1553 pages (at 26 pages/min), scraped 9580 items (at 216 items/min)
2019-06-10 17:35:52 [scrapy.extensions.logstats] INFO: Crawled 1576 pages (at 23 pages/min), scraped 9728 items (at 148 items/min)
2019-06-10 17:36:52 [scrapy.extensions.logstats] INFO: Crawled 1601 pages (at 25 pages/min), scraped 9889 items (at 161 items/min)
2019-06-10 17:37:52 [scrapy.extensions.logstats] INFO: Crawled 1625 pages (at 24 pages/min), scraped 9948 items (at 59 items/min)
2019-06-10 17:38:52 [scrapy.extensions.logstats] INFO: Crawled 1650 pages (at 25 pages/min), scraped 10028 items (at 80 items/min)
2019-06-10 17:39:52 [scrapy.extensions.logstats] INFO: Crawled 1673 pages (at 23 pages/min), scraped 10151 items (at 123 items/min)
2019-06-10 17:40:52 [scrapy.extensions.logstats] INFO: Crawled 1698 pages (at 25 pages/min), scraped 10368 items (at 217 items/min)
2019-06-10 17:41:52 [scrapy.extensions.logstats] INFO: Crawled 1722 pages (at 24 pages/min), scraped 10556 items (at 188 items/min)
2019-06-10 17:42:52 [scrapy.extensions.logstats] INFO: Crawled 1747 pages (at 25 pages/min), scraped 10725 items (at 169 items/min)
2019-06-10 17:43:52 [scrapy.extensions.logstats] INFO: Crawled 1772 pages (at 25 pages/min), scraped 10830 items (at 105 items/min)
2019-06-10 17:44:52 [scrapy.extensions.logstats] INFO: Crawled 1796 pages (at 24 pages/min), scraped 10907 items (at 77 items/min)
2019-06-10 17:45:52 [scrapy.extensions.logstats] INFO: Crawled 1819 pages (at 23 pages/min), scraped 10990 items (at 83 items/min)
2019-06-10 17:46:52 [scrapy.extensions.logstats] INFO: Crawled 1844 pages (at 25 pages/min), scraped 11111 items (at 121 items/min)
2019-06-10 17:47:52 [scrapy.extensions.logstats] INFO: Crawled 1866 pages (at 22 pages/min), scraped 11552 items (at 441 items/min)
2019-06-10 17:48:52 [scrapy.extensions.logstats] INFO: Crawled 1891 pages (at 25 pages/min), scraped 11874 items (at 322 items/min)
2019-06-10 17:49:52 [scrapy.extensions.logstats] INFO: Crawled 1917 pages (at 26 pages/min), scraped 11995 items (at 121 items/min)
2019-06-10 17:50:52 [scrapy.extensions.logstats] INFO: Crawled 1941 pages (at 24 pages/min), scraped 12094 items (at 99 items/min)
2019-06-10 17:51:52 [scrapy.extensions.logstats] INFO: Crawled 1965 pages (at 24 pages/min), scraped 12330 items (at 236 items/min)
2019-06-10 17:52:52 [scrapy.extensions.logstats] INFO: Crawled 1988 pages (at 23 pages/min), scraped 12404 items (at 74 items/min)
2019-06-10 17:53:52 [scrapy.extensions.logstats] INFO: Crawled 2011 pages (at 23 pages/min), scraped 12481 items (at 77 items/min)
2019-06-10 17:54:52 [scrapy.extensions.logstats] INFO: Crawled 2036 pages (at 25 pages/min), scraped 12814 items (at 333 items/min)
2019-06-10 17:55:52 [scrapy.extensions.logstats] INFO: Crawled 2060 pages (at 24 pages/min), scraped 12932 items (at 118 items/min)
2019-06-10 17:56:52 [scrapy.extensions.logstats] INFO: Crawled 2083 pages (at 23 pages/min), scraped 13048 items (at 116 items/min)
2019-06-10 17:57:52 [scrapy.extensions.logstats] INFO: Crawled 2107 pages (at 24 pages/min), scraped 13257 items (at 209 items/min)
2019-06-10 17:58:52 [scrapy.extensions.logstats] INFO: Crawled 2131 pages (at 24 pages/min), scraped 13285 items (at 28 items/min)
2019-06-10 17:59:52 [scrapy.extensions.logstats] INFO: Crawled 2156 pages (at 25 pages/min), scraped 13366 items (at 81 items/min)
2019-06-10 18:00:52 [scrapy.extensions.logstats] INFO: Crawled 2180 pages (at 24 pages/min), scraped 13523 items (at 157 items/min)
2019-06-10 18:01:52 [scrapy.extensions.logstats] INFO: Crawled 2203 pages (at 23 pages/min), scraped 13650 items (at 127 items/min)
2019-06-10 18:02:52 [scrapy.extensions.logstats] INFO: Crawled 2230 pages (at 27 pages/min), scraped 13861 items (at 211 items/min)
2019-06-10 18:03:52 [scrapy.extensions.logstats] INFO: Crawled 2254 pages (at 24 pages/min), scraped 13961 items (at 100 items/min)
2019-06-10 18:04:52 [scrapy.extensions.logstats] INFO: Crawled 2280 pages (at 26 pages/min), scraped 14088 items (at 127 items/min)
2019-06-10 18:05:52 [scrapy.extensions.logstats] INFO: Crawled 2304 pages (at 24 pages/min), scraped 14216 items (at 128 items/min)
2019-06-10 18:06:52 [scrapy.extensions.logstats] INFO: Crawled 2329 pages (at 25 pages/min), scraped 14364 items (at 148 items/min)
2019-06-10 18:07:52 [scrapy.extensions.logstats] INFO: Crawled 2353 pages (at 24 pages/min), scraped 14633 items (at 269 items/min)
2019-06-10 18:08:52 [scrapy.extensions.logstats] INFO: Crawled 2378 pages (at 25 pages/min), scraped 14677 items (at 44 items/min)
2019-06-10 18:09:52 [scrapy.extensions.logstats] INFO: Crawled 2403 pages (at 25 pages/min), scraped 14803 items (at 126 items/min)
2019-06-10 18:10:52 [scrapy.extensions.logstats] INFO: Crawled 2428 pages (at 25 pages/min), scraped 14901 items (at 98 items/min)
2019-06-10 18:11:52 [scrapy.extensions.logstats] INFO: Crawled 2453 pages (at 25 pages/min), scraped 15003 items (at 102 items/min)
2019-06-10 18:12:52 [scrapy.extensions.logstats] INFO: Crawled 2477 pages (at 24 pages/min), scraped 15326 items (at 323 items/min)
2019-06-10 18:13:52 [scrapy.extensions.logstats] INFO: Crawled 2502 pages (at 25 pages/min), scraped 15482 items (at 156 items/min)
2019-06-10 18:14:52 [scrapy.extensions.logstats] INFO: Crawled 2527 pages (at 25 pages/min), scraped 15752 items (at 270 items/min)
2019-06-10 18:15:52 [scrapy.extensions.logstats] INFO: Crawled 2552 pages (at 25 pages/min), scraped 16000 items (at 248 items/min)
2019-06-10 18:16:52 [scrapy.extensions.logstats] INFO: Crawled 2576 pages (at 24 pages/min), scraped 16249 items (at 249 items/min)
2019-06-10 18:17:52 [scrapy.extensions.logstats] INFO: Crawled 2599 pages (at 23 pages/min), scraped 16344 items (at 95 items/min)
2019-06-10 18:18:52 [scrapy.extensions.logstats] INFO: Crawled 2623 pages (at 24 pages/min), scraped 16479 items (at 135 items/min)
2019-06-10 18:19:52 [scrapy.extensions.logstats] INFO: Crawled 2646 pages (at 23 pages/min), scraped 16664 items (at 185 items/min)
2019-06-10 18:20:52 [scrapy.extensions.logstats] INFO: Crawled 2671 pages (at 25 pages/min), scraped 16817 items (at 153 items/min)
2019-06-10 18:21:52 [scrapy.extensions.logstats] INFO: Crawled 2696 pages (at 25 pages/min), scraped 16932 items (at 115 items/min)
2019-06-10 18:22:52 [scrapy.extensions.logstats] INFO: Crawled 2720 pages (at 24 pages/min), scraped 17108 items (at 176 items/min)
2019-06-10 18:23:52 [scrapy.extensions.logstats] INFO: Crawled 2743 pages (at 23 pages/min), scraped 17202 items (at 94 items/min)
2019-06-10 18:24:52 [scrapy.extensions.logstats] INFO: Crawled 2768 pages (at 25 pages/min), scraped 17271 items (at 69 items/min)
2019-06-10 18:25:52 [scrapy.extensions.logstats] INFO: Crawled 2793 pages (at 25 pages/min), scraped 17360 items (at 89 items/min)
2019-06-10 18:26:52 [scrapy.extensions.logstats] INFO: Crawled 2819 pages (at 26 pages/min), scraped 17513 items (at 153 items/min)
2019-06-10 18:27:52 [scrapy.extensions.logstats] INFO: Crawled 2844 pages (at 25 pages/min), scraped 17655 items (at 142 items/min)
2019-06-10 18:28:52 [scrapy.extensions.logstats] INFO: Crawled 2867 pages (at 23 pages/min), scraped 17719 items (at 64 items/min)
2019-06-10 18:29:52 [scrapy.extensions.logstats] INFO: Crawled 2893 pages (at 26 pages/min), scraped 18254 items (at 535 items/min)
2019-06-10 18:30:52 [scrapy.extensions.logstats] INFO: Crawled 2917 pages (at 24 pages/min), scraped 18384 items (at 130 items/min)
2019-06-10 18:31:52 [scrapy.extensions.logstats] INFO: Crawled 2942 pages (at 25 pages/min), scraped 18570 items (at 186 items/min)
2019-06-10 18:32:52 [scrapy.extensions.logstats] INFO: Crawled 2965 pages (at 23 pages/min), scraped 18700 items (at 130 items/min)
2019-06-10 18:33:52 [scrapy.extensions.logstats] INFO: Crawled 2990 pages (at 25 pages/min), scraped 18856 items (at 156 items/min)
2019-06-10 18:34:52 [scrapy.extensions.logstats] INFO: Crawled 3014 pages (at 24 pages/min), scraped 19057 items (at 201 items/min)
2019-06-10 18:35:52 [scrapy.extensions.logstats] INFO: Crawled 3040 pages (at 26 pages/min), scraped 19097 items (at 40 items/min)
2019-06-10 18:36:52 [scrapy.extensions.logstats] INFO: Crawled 3064 pages (at 24 pages/min), scraped 19258 items (at 161 items/min)
2019-06-10 18:37:52 [scrapy.extensions.logstats] INFO: Crawled 3088 pages (at 24 pages/min), scraped 19619 items (at 361 items/min)
2019-06-10 18:38:52 [scrapy.extensions.logstats] INFO: Crawled 3113 pages (at 25 pages/min), scraped 19970 items (at 351 items/min)
2019-06-10 18:39:52 [scrapy.extensions.logstats] INFO: Crawled 3137 pages (at 24 pages/min), scraped 20259 items (at 289 items/min)
2019-06-10 18:40:52 [scrapy.extensions.logstats] INFO: Crawled 3160 pages (at 23 pages/min), scraped 20345 items (at 86 items/min)
2019-06-10 18:41:52 [scrapy.extensions.logstats] INFO: Crawled 3185 pages (at 25 pages/min), scraped 20466 items (at 121 items/min)
2019-06-10 18:42:52 [scrapy.extensions.logstats] INFO: Crawled 3211 pages (at 26 pages/min), scraped 20655 items (at 189 items/min)
2019-06-10 18:43:52 [scrapy.extensions.logstats] INFO: Crawled 3236 pages (at 25 pages/min), scraped 20762 items (at 107 items/min)
2019-06-10 18:44:52 [scrapy.extensions.logstats] INFO: Crawled 3259 pages (at 23 pages/min), scraped 20843 items (at 81 items/min)
2019-06-10 18:45:52 [scrapy.extensions.logstats] INFO: Crawled 3284 pages (at 25 pages/min), scraped 21062 items (at 219 items/min)
2019-06-10 18:46:52 [scrapy.extensions.logstats] INFO: Crawled 3310 pages (at 26 pages/min), scraped 21255 items (at 193 items/min)
2019-06-10 18:47:52 [scrapy.extensions.logstats] INFO: Crawled 3335 pages (at 25 pages/min), scraped 21356 items (at 101 items/min)
2019-06-10 18:48:52 [scrapy.extensions.logstats] INFO: Crawled 3359 pages (at 24 pages/min), scraped 21627 items (at 271 items/min)
2019-06-10 18:49:52 [scrapy.extensions.logstats] INFO: Crawled 3383 pages (at 24 pages/min), scraped 21750 items (at 123 items/min)
2019-06-10 18:50:52 [scrapy.extensions.logstats] INFO: Crawled 3410 pages (at 27 pages/min), scraped 21884 items (at 134 items/min)
2019-06-10 18:51:52 [scrapy.extensions.logstats] INFO: Crawled 3434 pages (at 24 pages/min), scraped 22025 items (at 141 items/min)
2019-06-10 18:52:52 [scrapy.extensions.logstats] INFO: Crawled 3457 pages (at 23 pages/min), scraped 22247 items (at 222 items/min)
2019-06-10 18:53:52 [scrapy.extensions.logstats] INFO: Crawled 3481 pages (at 24 pages/min), scraped 22313 items (at 66 items/min)
2019-06-10 18:54:52 [scrapy.extensions.logstats] INFO: Crawled 3506 pages (at 25 pages/min), scraped 22533 items (at 220 items/min)
2019-06-10 18:55:52 [scrapy.extensions.logstats] INFO: Crawled 3530 pages (at 24 pages/min), scraped 22734 items (at 201 items/min)
2019-06-10 18:56:52 [scrapy.extensions.logstats] INFO: Crawled 3555 pages (at 25 pages/min), scraped 22908 items (at 174 items/min)
2019-06-10 18:57:52 [scrapy.extensions.logstats] INFO: Crawled 3577 pages (at 22 pages/min), scraped 23382 items (at 474 items/min)
2019-06-10 18:58:52 [scrapy.extensions.logstats] INFO: Crawled 3602 pages (at 25 pages/min), scraped 23503 items (at 121 items/min)
2019-06-10 18:59:52 [scrapy.extensions.logstats] INFO: Crawled 3625 pages (at 23 pages/min), scraped 23583 items (at 80 items/min)
2019-06-10 19:00:52 [scrapy.extensions.logstats] INFO: Crawled 3651 pages (at 26 pages/min), scraped 23681 items (at 98 items/min)
2019-06-10 19:01:52 [scrapy.extensions.logstats] INFO: Crawled 3675 pages (at 24 pages/min), scraped 23722 items (at 41 items/min)
2019-06-10 19:02:52 [scrapy.extensions.logstats] INFO: Crawled 3699 pages (at 24 pages/min), scraped 23801 items (at 79 items/min)
2019-06-10 19:03:52 [scrapy.extensions.logstats] INFO: Crawled 3723 pages (at 24 pages/min), scraped 23863 items (at 62 items/min)
2019-06-10 19:04:52 [scrapy.extensions.logstats] INFO: Crawled 3747 pages (at 24 pages/min), scraped 23955 items (at 92 items/min)
2019-06-10 19:05:52 [scrapy.extensions.logstats] INFO: Crawled 3772 pages (at 25 pages/min), scraped 24298 items (at 343 items/min)
2019-06-10 19:06:52 [scrapy.extensions.logstats] INFO: Crawled 3796 pages (at 24 pages/min), scraped 24389 items (at 91 items/min)
2019-06-10 19:07:52 [scrapy.extensions.logstats] INFO: Crawled 3821 pages (at 25 pages/min), scraped 24498 items (at 109 items/min)
2019-06-10 19:08:52 [scrapy.extensions.logstats] INFO: Crawled 3845 pages (at 24 pages/min), scraped 24831 items (at 333 items/min)
2019-06-10 19:09:52 [scrapy.extensions.logstats] INFO: Crawled 3869 pages (at 24 pages/min), scraped 25001 items (at 170 items/min)
2019-06-10 19:10:52 [scrapy.extensions.logstats] INFO: Crawled 3894 pages (at 25 pages/min), scraped 25062 items (at 61 items/min)
2019-06-10 19:11:52 [scrapy.extensions.logstats] INFO: Crawled 3917 pages (at 23 pages/min), scraped 25209 items (at 147 items/min)
2019-06-10 19:12:52 [scrapy.extensions.logstats] INFO: Crawled 3942 pages (at 25 pages/min), scraped 25334 items (at 125 items/min)
2019-06-10 19:13:52 [scrapy.extensions.logstats] INFO: Crawled 3966 pages (at 24 pages/min), scraped 25448 items (at 114 items/min)
2019-06-10 19:14:52 [scrapy.extensions.logstats] INFO: Crawled 3992 pages (at 26 pages/min), scraped 25491 items (at 43 items/min)
2019-06-10 19:15:52 [scrapy.extensions.logstats] INFO: Crawled 4016 pages (at 24 pages/min), scraped 25532 items (at 41 items/min)
2019-06-10 19:16:52 [scrapy.extensions.logstats] INFO: Crawled 4041 pages (at 25 pages/min), scraped 25589 items (at 57 items/min)
2019-06-10 19:17:52 [scrapy.extensions.logstats] INFO: Crawled 4063 pages (at 22 pages/min), scraped 25874 items (at 285 items/min)
2019-06-10 19:18:52 [scrapy.extensions.logstats] INFO: Crawled 4088 pages (at 25 pages/min), scraped 26157 items (at 283 items/min)
2019-06-10 19:19:52 [scrapy.extensions.logstats] INFO: Crawled 4111 pages (at 23 pages/min), scraped 26354 items (at 197 items/min)
2019-06-10 19:20:52 [scrapy.extensions.logstats] INFO: Crawled 4135 pages (at 24 pages/min), scraped 26666 items (at 312 items/min)
2019-06-10 19:21:52 [scrapy.extensions.logstats] INFO: Crawled 4160 pages (at 25 pages/min), scraped 26875 items (at 209 items/min)
2019-06-10 19:22:52 [scrapy.extensions.logstats] INFO: Crawled 4183 pages (at 23 pages/min), scraped 26944 items (at 69 items/min)
2019-06-10 19:23:52 [scrapy.extensions.logstats] INFO: Crawled 4207 pages (at 24 pages/min), scraped 27064 items (at 120 items/min)
2019-06-10 19:24:52 [scrapy.extensions.logstats] INFO: Crawled 4231 pages (at 24 pages/min), scraped 27166 items (at 102 items/min)
2019-06-10 19:25:52 [scrapy.extensions.logstats] INFO: Crawled 4255 pages (at 24 pages/min), scraped 27229 items (at 63 items/min)
2019-06-10 19:26:52 [scrapy.extensions.logstats] INFO: Crawled 4280 pages (at 25 pages/min), scraped 27334 items (at 105 items/min)
2019-06-10 19:27:52 [scrapy.extensions.logstats] INFO: Crawled 4305 pages (at 25 pages/min), scraped 27382 items (at 48 items/min)
2019-06-10 19:28:52 [scrapy.extensions.logstats] INFO: Crawled 4330 pages (at 25 pages/min), scraped 27435 items (at 53 items/min)
2019-06-10 19:29:52 [scrapy.extensions.logstats] INFO: Crawled 4355 pages (at 25 pages/min), scraped 27528 items (at 93 items/min)
2019-06-10 19:30:52 [scrapy.extensions.logstats] INFO: Crawled 4379 pages (at 24 pages/min), scraped 27645 items (at 117 items/min)
2019-06-10 19:31:52 [scrapy.extensions.logstats] INFO: Crawled 4404 pages (at 25 pages/min), scraped 27698 items (at 53 items/min)
2019-06-10 19:32:52 [scrapy.extensions.logstats] INFO: Crawled 4430 pages (at 26 pages/min), scraped 27749 items (at 51 items/min)
2019-06-10 19:33:52 [scrapy.extensions.logstats] INFO: Crawled 4454 pages (at 24 pages/min), scraped 27859 items (at 110 items/min)
2019-06-10 19:34:52 [scrapy.extensions.logstats] INFO: Crawled 4477 pages (at 23 pages/min), scraped 27959 items (at 100 items/min)
2019-06-10 19:35:52 [scrapy.extensions.logstats] INFO: Crawled 4502 pages (at 25 pages/min), scraped 28158 items (at 199 items/min)
2019-06-10 19:36:52 [scrapy.extensions.logstats] INFO: Crawled 4528 pages (at 26 pages/min), scraped 28352 items (at 194 items/min)
2019-06-10 19:37:52 [scrapy.extensions.logstats] INFO: Crawled 4552 pages (at 24 pages/min), scraped 28436 items (at 84 items/min)
2019-06-10 19:38:52 [scrapy.extensions.logstats] INFO: Crawled 4576 pages (at 24 pages/min), scraped 28824 items (at 388 items/min)
2019-06-10 19:39:52 [scrapy.extensions.logstats] INFO: Crawled 4600 pages (at 24 pages/min), scraped 29018 items (at 194 items/min)
2019-06-10 19:40:52 [scrapy.extensions.logstats] INFO: Crawled 4623 pages (at 23 pages/min), scraped 29100 items (at 82 items/min)
2019-06-10 19:41:52 [scrapy.extensions.logstats] INFO: Crawled 4646 pages (at 23 pages/min), scraped 29606 items (at 506 items/min)
2019-06-10 19:42:52 [scrapy.extensions.logstats] INFO: Crawled 4671 pages (at 25 pages/min), scraped 29711 items (at 105 items/min)
2019-06-10 19:43:52 [scrapy.extensions.logstats] INFO: Crawled 4697 pages (at 26 pages/min), scraped 29985 items (at 274 items/min)
2019-06-10 19:44:52 [scrapy.extensions.logstats] INFO: Crawled 4722 pages (at 25 pages/min), scraped 30256 items (at 271 items/min)
2019-06-10 19:45:52 [scrapy.extensions.logstats] INFO: Crawled 4746 pages (at 24 pages/min), scraped 30357 items (at 101 items/min)
2019-06-10 19:46:52 [scrapy.extensions.logstats] INFO: Crawled 4771 pages (at 25 pages/min), scraped 30544 items (at 187 items/min)
2019-06-10 19:47:52 [scrapy.extensions.logstats] INFO: Crawled 4795 pages (at 24 pages/min), scraped 30796 items (at 252 items/min)
2019-06-10 19:48:52 [scrapy.extensions.logstats] INFO: Crawled 4819 pages (at 24 pages/min), scraped 30853 items (at 57 items/min)
2019-06-10 19:49:52 [scrapy.extensions.logstats] INFO: Crawled 4844 pages (at 25 pages/min), scraped 31053 items (at 200 items/min)
2019-06-10 19:50:52 [scrapy.extensions.logstats] INFO: Crawled 4868 pages (at 24 pages/min), scraped 31269 items (at 216 items/min)
2019-06-10 19:51:52 [scrapy.extensions.logstats] INFO: Crawled 4893 pages (at 25 pages/min), scraped 31604 items (at 335 items/min)
2019-06-10 19:52:52 [scrapy.extensions.logstats] INFO: Crawled 4917 pages (at 24 pages/min), scraped 31822 items (at 218 items/min)
2019-06-10 19:53:52 [scrapy.extensions.logstats] INFO: Crawled 4941 pages (at 24 pages/min), scraped 32105 items (at 283 items/min)
2019-06-10 19:54:52 [scrapy.extensions.logstats] INFO: Crawled 4965 pages (at 24 pages/min), scraped 32273 items (at 168 items/min)
2019-06-10 19:55:52 [scrapy.extensions.logstats] INFO: Crawled 4990 pages (at 25 pages/min), scraped 32479 items (at 206 items/min)
2019-06-10 19:56:52 [scrapy.extensions.logstats] INFO: Crawled 5015 pages (at 25 pages/min), scraped 32609 items (at 130 items/min)
2019-06-10 19:57:52 [scrapy.extensions.logstats] INFO: Crawled 5039 pages (at 24 pages/min), scraped 32657 items (at 48 items/min)
2019-06-10 19:58:52 [scrapy.extensions.logstats] INFO: Crawled 5064 pages (at 25 pages/min), scraped 32783 items (at 126 items/min)
2019-06-10 19:59:52 [scrapy.extensions.logstats] INFO: Crawled 5088 pages (at 24 pages/min), scraped 32844 items (at 61 items/min)
2019-06-10 20:00:52 [scrapy.extensions.logstats] INFO: Crawled 5113 pages (at 25 pages/min), scraped 32896 items (at 52 items/min)
2019-06-10 20:01:52 [scrapy.extensions.logstats] INFO: Crawled 5138 pages (at 25 pages/min), scraped 32991 items (at 95 items/min)
2019-06-10 20:02:52 [scrapy.extensions.logstats] INFO: Crawled 5162 pages (at 24 pages/min), scraped 33219 items (at 228 items/min)
2019-06-10 20:03:52 [scrapy.extensions.logstats] INFO: Crawled 5188 pages (at 26 pages/min), scraped 33543 items (at 324 items/min)
2019-06-10 20:04:52 [scrapy.extensions.logstats] INFO: Crawled 5214 pages (at 26 pages/min), scraped 33679 items (at 136 items/min)
2019-06-10 20:05:52 [scrapy.extensions.logstats] INFO: Crawled 5239 pages (at 25 pages/min), scraped 33836 items (at 157 items/min)
2019-06-10 20:06:52 [scrapy.extensions.logstats] INFO: Crawled 5264 pages (at 25 pages/min), scraped 34095 items (at 259 items/min)
2019-06-10 20:07:52 [scrapy.extensions.logstats] INFO: Crawled 5289 pages (at 25 pages/min), scraped 34240 items (at 145 items/min)
2019-06-10 20:08:52 [scrapy.extensions.logstats] INFO: Crawled 5313 pages (at 24 pages/min), scraped 34486 items (at 246 items/min)
2019-06-10 20:09:52 [scrapy.extensions.logstats] INFO: Crawled 5339 pages (at 26 pages/min), scraped 34685 items (at 199 items/min)
2019-06-10 20:10:52 [scrapy.extensions.logstats] INFO: Crawled 5364 pages (at 25 pages/min), scraped 34991 items (at 306 items/min)
2019-06-10 20:11:52 [scrapy.extensions.logstats] INFO: Crawled 5389 pages (at 25 pages/min), scraped 35115 items (at 124 items/min)
2019-06-10 20:12:52 [scrapy.extensions.logstats] INFO: Crawled 5413 pages (at 24 pages/min), scraped 35170 items (at 55 items/min)
2019-06-10 20:13:52 [scrapy.extensions.logstats] INFO: Crawled 5436 pages (at 23 pages/min), scraped 35287 items (at 117 items/min)
2019-06-10 20:14:52 [scrapy.extensions.logstats] INFO: Crawled 5461 pages (at 25 pages/min), scraped 35336 items (at 49 items/min)
2019-06-10 20:15:52 [scrapy.extensions.logstats] INFO: Crawled 5486 pages (at 25 pages/min), scraped 35449 items (at 113 items/min)
2019-06-10 20:16:52 [scrapy.extensions.logstats] INFO: Crawled 5510 pages (at 24 pages/min), scraped 35598 items (at 149 items/min)
2019-06-10 20:17:52 [scrapy.extensions.logstats] INFO: Crawled 5534 pages (at 24 pages/min), scraped 35718 items (at 120 items/min)
2019-06-10 20:18:52 [scrapy.extensions.logstats] INFO: Crawled 5558 pages (at 24 pages/min), scraped 35785 items (at 67 items/min)
2019-06-10 20:19:52 [scrapy.extensions.logstats] INFO: Crawled 5582 pages (at 24 pages/min), scraped 35814 items (at 29 items/min)
2019-06-10 20:20:52 [scrapy.extensions.logstats] INFO: Crawled 5606 pages (at 24 pages/min), scraped 35882 items (at 68 items/min)
2019-06-10 20:21:52 [scrapy.extensions.logstats] INFO: Crawled 5630 pages (at 24 pages/min), scraped 35997 items (at 115 items/min)
2019-06-10 20:22:52 [scrapy.extensions.logstats] INFO: Crawled 5657 pages (at 27 pages/min), scraped 36099 items (at 102 items/min)
2019-06-10 20:23:52 [scrapy.extensions.logstats] INFO: Crawled 5682 pages (at 25 pages/min), scraped 36149 items (at 50 items/min)
2019-06-10 20:24:52 [scrapy.extensions.logstats] INFO: Crawled 5705 pages (at 23 pages/min), scraped 36272 items (at 123 items/min)
2019-06-10 20:25:52 [scrapy.extensions.logstats] INFO: Crawled 5730 pages (at 25 pages/min), scraped 36313 items (at 41 items/min)
2019-06-10 20:26:52 [scrapy.extensions.logstats] INFO: Crawled 5753 pages (at 23 pages/min), scraped 36357 items (at 44 items/min)
2019-06-10 20:27:52 [scrapy.extensions.logstats] INFO: Crawled 5778 pages (at 25 pages/min), scraped 36396 items (at 39 items/min)
2019-06-10 20:28:52 [scrapy.extensions.logstats] INFO: Crawled 5802 pages (at 24 pages/min), scraped 36438 items (at 42 items/min)
2019-06-10 20:29:52 [scrapy.extensions.logstats] INFO: Crawled 5827 pages (at 25 pages/min), scraped 36625 items (at 187 items/min)
2019-06-10 20:30:52 [scrapy.extensions.logstats] INFO: Crawled 5851 pages (at 24 pages/min), scraped 36767 items (at 142 items/min)
2019-06-10 20:31:52 [scrapy.extensions.logstats] INFO: Crawled 5875 pages (at 24 pages/min), scraped 36921 items (at 154 items/min)
2019-06-10 20:32:52 [scrapy.extensions.logstats] INFO: Crawled 5900 pages (at 25 pages/min), scraped 36967 items (at 46 items/min)
2019-06-10 20:33:52 [scrapy.extensions.logstats] INFO: Crawled 5924 pages (at 24 pages/min), scraped 37086 items (at 119 items/min)
2019-06-10 20:34:52 [scrapy.extensions.logstats] INFO: Crawled 5948 pages (at 24 pages/min), scraped 37158 items (at 72 items/min)
2019-06-10 20:35:52 [scrapy.extensions.logstats] INFO: Crawled 5971 pages (at 23 pages/min), scraped 37247 items (at 89 items/min)
2019-06-10 20:36:52 [scrapy.extensions.logstats] INFO: Crawled 5996 pages (at 25 pages/min), scraped 37382 items (at 135 items/min)
2019-06-10 20:37:52 [scrapy.extensions.logstats] INFO: Crawled 6020 pages (at 24 pages/min), scraped 37465 items (at 83 items/min)
2019-06-10 20:38:52 [scrapy.extensions.logstats] INFO: Crawled 6045 pages (at 25 pages/min), scraped 37516 items (at 51 items/min)
2019-06-10 20:39:52 [scrapy.extensions.logstats] INFO: Crawled 6069 pages (at 24 pages/min), scraped 37566 items (at 50 items/min)
2019-06-10 20:40:52 [scrapy.extensions.logstats] INFO: Crawled 6093 pages (at 24 pages/min), scraped 37628 items (at 62 items/min)
2019-06-10 20:41:52 [scrapy.extensions.logstats] INFO: Crawled 6119 pages (at 26 pages/min), scraped 37883 items (at 255 items/min)
2019-06-10 20:42:52 [scrapy.extensions.logstats] INFO: Crawled 6144 pages (at 25 pages/min), scraped 38244 items (at 361 items/min)
2019-06-10 20:43:52 [scrapy.extensions.logstats] INFO: Crawled 6169 pages (at 25 pages/min), scraped 38352 items (at 108 items/min)
2019-06-10 20:44:52 [scrapy.extensions.logstats] INFO: Crawled 6194 pages (at 25 pages/min), scraped 38437 items (at 85 items/min)
2019-06-10 20:45:52 [scrapy.extensions.logstats] INFO: Crawled 6218 pages (at 24 pages/min), scraped 38642 items (at 205 items/min)
2019-06-10 20:46:52 [scrapy.extensions.logstats] INFO: Crawled 6242 pages (at 24 pages/min), scraped 38864 items (at 222 items/min)
2019-06-10 20:47:52 [scrapy.extensions.logstats] INFO: Crawled 6268 pages (at 26 pages/min), scraped 39036 items (at 172 items/min)
2019-06-10 20:48:52 [scrapy.extensions.logstats] INFO: Crawled 6294 pages (at 26 pages/min), scraped 39413 items (at 377 items/min)
2019-06-10 20:49:52 [scrapy.extensions.logstats] INFO: Crawled 6318 pages (at 24 pages/min), scraped 39534 items (at 121 items/min)
2019-06-10 20:50:52 [scrapy.extensions.logstats] INFO: Crawled 6344 pages (at 26 pages/min), scraped 39821 items (at 287 items/min)
2019-06-10 20:51:52 [scrapy.extensions.logstats] INFO: Crawled 6368 pages (at 24 pages/min), scraped 40202 items (at 381 items/min)
2019-06-10 20:52:52 [scrapy.extensions.logstats] INFO: Crawled 6392 pages (at 24 pages/min), scraped 40588 items (at 386 items/min)
2019-06-10 20:53:52 [scrapy.extensions.logstats] INFO: Crawled 6416 pages (at 24 pages/min), scraped 40692 items (at 104 items/min)
2019-06-10 20:54:52 [scrapy.extensions.logstats] INFO: Crawled 6442 pages (at 26 pages/min), scraped 40915 items (at 223 items/min)
2019-06-10 20:55:52 [scrapy.extensions.logstats] INFO: Crawled 6467 pages (at 25 pages/min), scraped 41103 items (at 188 items/min)
2019-06-10 20:56:52 [scrapy.extensions.logstats] INFO: Crawled 6493 pages (at 26 pages/min), scraped 41197 items (at 94 items/min)
2019-06-10 20:57:52 [scrapy.extensions.logstats] INFO: Crawled 6517 pages (at 24 pages/min), scraped 41275 items (at 78 items/min)
2019-06-10 20:58:52 [scrapy.extensions.logstats] INFO: Crawled 6540 pages (at 23 pages/min), scraped 41508 items (at 233 items/min)
2019-06-10 20:59:52 [scrapy.extensions.logstats] INFO: Crawled 6565 pages (at 25 pages/min), scraped 41662 items (at 154 items/min)
2019-06-10 21:00:52 [scrapy.extensions.logstats] INFO: Crawled 6588 pages (at 23 pages/min), scraped 41926 items (at 264 items/min)
2019-06-10 21:01:52 [scrapy.extensions.logstats] INFO: Crawled 6613 pages (at 25 pages/min), scraped 41977 items (at 51 items/min)
2019-06-10 21:02:52 [scrapy.extensions.logstats] INFO: Crawled 6638 pages (at 25 pages/min), scraped 42077 items (at 100 items/min)
2019-06-10 21:03:52 [scrapy.extensions.logstats] INFO: Crawled 6663 pages (at 25 pages/min), scraped 42196 items (at 119 items/min)
2019-06-10 21:04:52 [scrapy.extensions.logstats] INFO: Crawled 6686 pages (at 23 pages/min), scraped 42433 items (at 237 items/min)
2019-06-10 21:05:52 [scrapy.extensions.logstats] INFO: Crawled 6709 pages (at 23 pages/min), scraped 42576 items (at 143 items/min)
2019-06-10 21:06:52 [scrapy.extensions.logstats] INFO: Crawled 6733 pages (at 24 pages/min), scraped 42695 items (at 119 items/min)
2019-06-10 21:07:52 [scrapy.extensions.logstats] INFO: Crawled 6757 pages (at 24 pages/min), scraped 43105 items (at 410 items/min)
2019-06-10 21:08:52 [scrapy.extensions.logstats] INFO: Crawled 6782 pages (at 25 pages/min), scraped 43189 items (at 84 items/min)
2019-06-10 21:09:52 [scrapy.extensions.logstats] INFO: Crawled 6808 pages (at 26 pages/min), scraped 43251 items (at 62 items/min)
2019-06-10 21:10:52 [scrapy.extensions.logstats] INFO: Crawled 6833 pages (at 25 pages/min), scraped 43363 items (at 112 items/min)
2019-06-10 21:11:52 [scrapy.extensions.logstats] INFO: Crawled 6861 pages (at 28 pages/min), scraped 43487 items (at 124 items/min)
2019-06-10 21:12:52 [scrapy.extensions.logstats] INFO: Crawled 6886 pages (at 25 pages/min), scraped 43583 items (at 96 items/min)
2019-06-10 21:13:52 [scrapy.extensions.logstats] INFO: Crawled 6911 pages (at 25 pages/min), scraped 43670 items (at 87 items/min)
2019-06-10 21:14:52 [scrapy.extensions.logstats] INFO: Crawled 6937 pages (at 26 pages/min), scraped 43785 items (at 115 items/min)
2019-06-10 21:15:52 [scrapy.extensions.logstats] INFO: Crawled 6962 pages (at 25 pages/min), scraped 43969 items (at 184 items/min)
2019-06-10 21:16:52 [scrapy.extensions.logstats] INFO: Crawled 6987 pages (at 25 pages/min), scraped 44066 items (at 97 items/min)
2019-06-10 21:17:52 [scrapy.extensions.logstats] INFO: Crawled 7013 pages (at 26 pages/min), scraped 44313 items (at 247 items/min)
2019-06-10 21:18:52 [scrapy.extensions.logstats] INFO: Crawled 7037 pages (at 24 pages/min), scraped 44394 items (at 81 items/min)
2019-06-10 21:19:52 [scrapy.extensions.logstats] INFO: Crawled 7062 pages (at 25 pages/min), scraped 44682 items (at 288 items/min)
2019-06-10 21:20:52 [scrapy.extensions.logstats] INFO: Crawled 7086 pages (at 24 pages/min), scraped 44771 items (at 89 items/min)
2019-06-10 21:21:52 [scrapy.extensions.logstats] INFO: Crawled 7112 pages (at 26 pages/min), scraped 44864 items (at 93 items/min)
2019-06-10 21:22:52 [scrapy.extensions.logstats] INFO: Crawled 7135 pages (at 23 pages/min), scraped 45040 items (at 176 items/min)
2019-06-10 21:23:52 [scrapy.extensions.logstats] INFO: Crawled 7158 pages (at 23 pages/min), scraped 45120 items (at 80 items/min)
2019-06-10 21:24:52 [scrapy.extensions.logstats] INFO: Crawled 7182 pages (at 24 pages/min), scraped 45361 items (at 241 items/min)
2019-06-10 21:25:52 [scrapy.extensions.logstats] INFO: Crawled 7206 pages (at 24 pages/min), scraped 45641 items (at 280 items/min)
2019-06-10 21:26:52 [scrapy.extensions.logstats] INFO: Crawled 7231 pages (at 25 pages/min), scraped 45913 items (at 272 items/min)
2019-06-10 21:27:52 [scrapy.extensions.logstats] INFO: Crawled 7254 pages (at 23 pages/min), scraped 46270 items (at 357 items/min)
2019-06-10 21:28:52 [scrapy.extensions.logstats] INFO: Crawled 7280 pages (at 26 pages/min), scraped 46414 items (at 144 items/min)
2019-06-10 21:29:52 [scrapy.extensions.logstats] INFO: Crawled 7304 pages (at 24 pages/min), scraped 46574 items (at 160 items/min)
2019-06-10 21:30:52 [scrapy.extensions.logstats] INFO: Crawled 7329 pages (at 25 pages/min), scraped 46865 items (at 291 items/min)
2019-06-10 21:31:52 [scrapy.extensions.logstats] INFO: Crawled 7354 pages (at 25 pages/min), scraped 46920 items (at 55 items/min)
2019-06-10 21:32:52 [scrapy.extensions.logstats] INFO: Crawled 7379 pages (at 25 pages/min), scraped 46964 items (at 44 items/min)
2019-06-10 21:33:52 [scrapy.extensions.logstats] INFO: Crawled 7402 pages (at 23 pages/min), scraped 47024 items (at 60 items/min)
2019-06-10 21:34:52 [scrapy.extensions.logstats] INFO: Crawled 7428 pages (at 26 pages/min), scraped 47189 items (at 165 items/min)
2019-06-10 21:35:14 [scrapy.crawler] INFO: Received SIGTERM, shutting down gracefully. Send again to force 
2019-06-10 21:35:14 [scrapy.core.engine] INFO: Closing spider (shutdown)
2019-06-10 21:35:20 [scrapy.crawler] INFO: Received SIGTERM twice, forcing unclean shutdown
