2019-06-10 16:18:37 [scrapy.utils.log] INFO: Scrapy 1.6.0 started (bot: Guba)
2019-06-10 16:18:37 [scrapy.utils.log] INFO: Versions: lxml 4.3.2.0, libxml2 2.9.9, cssselect 1.0.3, parsel 1.5.1, w3lib 1.20.0, Twisted 18.9.0, Python 3.7.3 (default, Mar 27 2019, 16:54:48) - [Clang 4.0.1 (tags/RELEASE_401/final)], pyOpenSSL 19.0.0 (OpenSSL 1.1.1b  26 Feb 2019), cryptography 2.6.1, Platform Darwin-18.6.0-x86_64-i386-64bit
2019-06-10 16:18:37 [scrapy.crawler] INFO: Overridden settings: {'BOT_NAME': 'Guba', 'CONCURRENT_REQUESTS': 4, 'DOWNLOAD_DELAY': 2, 'DUPEFILTER_CLASS': 'scrapy_redis.dupefilter.RFPDupeFilter', 'LOG_FILE': 'logs/Guba/CommentPageUrlSpider/2019-06-10T16_18_30.log', 'LOG_LEVEL': 'INFO', 'NEWSPIDER_MODULE': 'Guba.spiders', 'ROBOTSTXT_OBEY': True, 'SCHEDULER': 'scrapy_redis.scheduler.Scheduler', 'SPIDER_MODULES': ['Guba.spiders']}
2019-06-10 16:18:37 [scrapy.middleware] INFO: Enabled extensions:
['scrapy.extensions.corestats.CoreStats',
 'scrapy.extensions.memusage.MemoryUsage',
 'scrapy.extensions.logstats.LogStats']
2019-06-10 16:18:37 [CommentPageUrlSpider] INFO: Reading start URLs from redis key 'NewsContent:start_urls' (batch size: 4, encoding: utf-8
2019-06-10 16:18:37 [scrapy.middleware] INFO: Enabled downloader middlewares:
['scrapy.downloadermiddlewares.robotstxt.RobotsTxtMiddleware',
 'scrapy.downloadermiddlewares.httpauth.HttpAuthMiddleware',
 'scrapy.downloadermiddlewares.downloadtimeout.DownloadTimeoutMiddleware',
 'scrapy.downloadermiddlewares.defaultheaders.DefaultHeadersMiddleware',
 'Guba.middlewares.RandomUserAgentMiddleware',
 'scrapy.downloadermiddlewares.retry.RetryMiddleware',
 'scrapy.downloadermiddlewares.redirect.MetaRefreshMiddleware',
 'scrapy.downloadermiddlewares.httpcompression.HttpCompressionMiddleware',
 'scrapy.downloadermiddlewares.redirect.RedirectMiddleware',
 'scrapy.downloadermiddlewares.cookies.CookiesMiddleware',
 'scrapy.downloadermiddlewares.httpproxy.HttpProxyMiddleware',
 'scrapy.downloadermiddlewares.stats.DownloaderStats']
2019-06-10 16:18:37 [scrapy.middleware] INFO: Enabled spider middlewares:
['scrapy.spidermiddlewares.httperror.HttpErrorMiddleware',
 'scrapy.spidermiddlewares.offsite.OffsiteMiddleware',
 'scrapy.spidermiddlewares.referer.RefererMiddleware',
 'scrapy.spidermiddlewares.urllength.UrlLengthMiddleware',
 'scrapy.spidermiddlewares.depth.DepthMiddleware']
2019-06-10 16:18:37 [scrapy.middleware] INFO: Enabled item pipelines:
['Guba.pipelines.GubaPipeline']
2019-06-10 16:18:37 [scrapy.core.engine] INFO: Spider opened
2019-06-10 16:18:37 [scrapy.extensions.logstats] INFO: Crawled 0 pages (at 0 pages/min), scraped 0 items (at 0 items/min)
2019-06-10 16:19:37 [scrapy.extensions.logstats] INFO: Crawled 25 pages (at 25 pages/min), scraped 388 items (at 388 items/min)
2019-06-10 16:20:37 [scrapy.extensions.logstats] INFO: Crawled 49 pages (at 24 pages/min), scraped 471 items (at 83 items/min)
2019-06-10 16:21:37 [scrapy.extensions.logstats] INFO: Crawled 73 pages (at 24 pages/min), scraped 531 items (at 60 items/min)
2019-06-10 16:22:37 [scrapy.extensions.logstats] INFO: Crawled 97 pages (at 24 pages/min), scraped 642 items (at 111 items/min)
2019-06-10 16:23:37 [scrapy.extensions.logstats] INFO: Crawled 122 pages (at 25 pages/min), scraped 725 items (at 83 items/min)
2019-06-10 16:24:37 [scrapy.extensions.logstats] INFO: Crawled 147 pages (at 25 pages/min), scraped 874 items (at 149 items/min)
2019-06-10 16:25:37 [scrapy.extensions.logstats] INFO: Crawled 172 pages (at 25 pages/min), scraped 958 items (at 84 items/min)
2019-06-10 16:26:37 [scrapy.extensions.logstats] INFO: Crawled 197 pages (at 25 pages/min), scraped 1160 items (at 202 items/min)
2019-06-10 16:27:37 [scrapy.extensions.logstats] INFO: Crawled 220 pages (at 23 pages/min), scraped 1453 items (at 293 items/min)
2019-06-10 16:28:37 [scrapy.extensions.logstats] INFO: Crawled 243 pages (at 23 pages/min), scraped 1530 items (at 77 items/min)
2019-06-10 16:29:37 [scrapy.extensions.logstats] INFO: Crawled 268 pages (at 25 pages/min), scraped 1761 items (at 231 items/min)
2019-06-10 16:30:37 [scrapy.extensions.logstats] INFO: Crawled 292 pages (at 24 pages/min), scraped 1792 items (at 31 items/min)
2019-06-10 16:31:37 [scrapy.extensions.logstats] INFO: Crawled 318 pages (at 26 pages/min), scraped 1875 items (at 83 items/min)
2019-06-10 16:32:37 [scrapy.extensions.logstats] INFO: Crawled 343 pages (at 25 pages/min), scraped 2068 items (at 193 items/min)
2019-06-10 16:33:37 [scrapy.extensions.logstats] INFO: Crawled 367 pages (at 24 pages/min), scraped 2136 items (at 68 items/min)
2019-06-10 16:34:37 [scrapy.extensions.logstats] INFO: Crawled 393 pages (at 26 pages/min), scraped 2214 items (at 78 items/min)
2019-06-10 16:35:37 [scrapy.extensions.logstats] INFO: Crawled 418 pages (at 25 pages/min), scraped 2255 items (at 41 items/min)
2019-06-10 16:36:37 [scrapy.extensions.logstats] INFO: Crawled 443 pages (at 25 pages/min), scraped 2302 items (at 47 items/min)
2019-06-10 16:37:37 [scrapy.extensions.logstats] INFO: Crawled 465 pages (at 22 pages/min), scraped 2345 items (at 43 items/min)
2019-06-10 16:38:37 [scrapy.extensions.logstats] INFO: Crawled 489 pages (at 24 pages/min), scraped 2514 items (at 169 items/min)
2019-06-10 16:39:37 [scrapy.extensions.logstats] INFO: Crawled 513 pages (at 24 pages/min), scraped 2677 items (at 163 items/min)
2019-06-10 16:40:37 [scrapy.extensions.logstats] INFO: Crawled 539 pages (at 26 pages/min), scraped 2921 items (at 244 items/min)
2019-06-10 16:41:37 [scrapy.extensions.logstats] INFO: Crawled 563 pages (at 24 pages/min), scraped 2982 items (at 61 items/min)
2019-06-10 16:42:37 [scrapy.extensions.logstats] INFO: Crawled 587 pages (at 24 pages/min), scraped 3176 items (at 194 items/min)
2019-06-10 16:43:37 [scrapy.extensions.logstats] INFO: Crawled 611 pages (at 24 pages/min), scraped 3243 items (at 67 items/min)
2019-06-10 16:44:37 [scrapy.extensions.logstats] INFO: Crawled 636 pages (at 25 pages/min), scraped 3383 items (at 140 items/min)
2019-06-10 16:45:37 [scrapy.extensions.logstats] INFO: Crawled 660 pages (at 24 pages/min), scraped 3482 items (at 99 items/min)
2019-06-10 16:46:37 [scrapy.extensions.logstats] INFO: Crawled 685 pages (at 25 pages/min), scraped 3574 items (at 92 items/min)
2019-06-10 16:47:37 [scrapy.extensions.logstats] INFO: Crawled 710 pages (at 25 pages/min), scraped 3662 items (at 88 items/min)
2019-06-10 16:48:37 [scrapy.extensions.logstats] INFO: Crawled 735 pages (at 25 pages/min), scraped 3758 items (at 96 items/min)
2019-06-10 16:49:37 [scrapy.extensions.logstats] INFO: Crawled 760 pages (at 25 pages/min), scraped 3806 items (at 48 items/min)
2019-06-10 16:50:37 [scrapy.extensions.logstats] INFO: Crawled 785 pages (at 25 pages/min), scraped 3928 items (at 122 items/min)
2019-06-10 16:51:37 [scrapy.extensions.logstats] INFO: Crawled 809 pages (at 24 pages/min), scraped 4094 items (at 166 items/min)
2019-06-10 16:52:37 [scrapy.extensions.logstats] INFO: Crawled 833 pages (at 24 pages/min), scraped 4386 items (at 292 items/min)
2019-06-10 16:53:37 [scrapy.extensions.logstats] INFO: Crawled 859 pages (at 26 pages/min), scraped 4571 items (at 185 items/min)
2019-06-10 16:54:37 [scrapy.extensions.logstats] INFO: Crawled 883 pages (at 24 pages/min), scraped 4751 items (at 180 items/min)
2019-06-10 16:55:37 [scrapy.extensions.logstats] INFO: Crawled 906 pages (at 23 pages/min), scraped 4857 items (at 106 items/min)
2019-06-10 16:56:37 [scrapy.extensions.logstats] INFO: Crawled 931 pages (at 25 pages/min), scraped 5045 items (at 188 items/min)
2019-06-10 16:57:37 [scrapy.extensions.logstats] INFO: Crawled 954 pages (at 23 pages/min), scraped 5217 items (at 172 items/min)
2019-06-10 16:58:37 [scrapy.extensions.logstats] INFO: Crawled 980 pages (at 26 pages/min), scraped 5350 items (at 133 items/min)
2019-06-10 16:59:37 [scrapy.extensions.logstats] INFO: Crawled 1003 pages (at 23 pages/min), scraped 5443 items (at 93 items/min)
2019-06-10 17:00:37 [scrapy.extensions.logstats] INFO: Crawled 1028 pages (at 25 pages/min), scraped 5537 items (at 94 items/min)
2019-06-10 17:01:37 [scrapy.extensions.logstats] INFO: Crawled 1052 pages (at 24 pages/min), scraped 5606 items (at 69 items/min)
2019-06-10 17:02:12 [Guba.spiders.CommentPageUrlSpider] ERROR: http://guba.eastmoney.com/news,601678,48255953.html json 解析出错, 错误原因 Error 60 connecting to 120.***.***.***:6379. Operation timed out.
2019-06-10 17:02:37 [scrapy.extensions.logstats] INFO: Crawled 1075 pages (at 23 pages/min), scraped 5727 items (at 121 items/min)
2019-06-10 17:03:37 [scrapy.extensions.logstats] INFO: Crawled 1098 pages (at 23 pages/min), scraped 5796 items (at 69 items/min)
2019-06-10 17:04:37 [scrapy.extensions.logstats] INFO: Crawled 1124 pages (at 26 pages/min), scraped 5882 items (at 86 items/min)
2019-06-10 17:05:37 [scrapy.extensions.logstats] INFO: Crawled 1150 pages (at 26 pages/min), scraped 6012 items (at 130 items/min)
2019-06-10 17:06:37 [scrapy.extensions.logstats] INFO: Crawled 1173 pages (at 23 pages/min), scraped 6180 items (at 168 items/min)
2019-06-10 17:07:37 [scrapy.extensions.logstats] INFO: Crawled 1197 pages (at 24 pages/min), scraped 6492 items (at 312 items/min)
2019-06-10 17:08:37 [scrapy.extensions.logstats] INFO: Crawled 1222 pages (at 25 pages/min), scraped 6672 items (at 180 items/min)
2019-06-10 17:09:37 [scrapy.extensions.logstats] INFO: Crawled 1245 pages (at 23 pages/min), scraped 6754 items (at 82 items/min)
2019-06-10 17:10:37 [scrapy.extensions.logstats] INFO: Crawled 1270 pages (at 25 pages/min), scraped 7248 items (at 494 items/min)
2019-06-10 17:11:37 [scrapy.extensions.logstats] INFO: Crawled 1294 pages (at 24 pages/min), scraped 7334 items (at 86 items/min)
2019-06-10 17:12:37 [scrapy.extensions.logstats] INFO: Crawled 1320 pages (at 26 pages/min), scraped 7444 items (at 110 items/min)
2019-06-10 17:13:37 [scrapy.extensions.logstats] INFO: Crawled 1345 pages (at 25 pages/min), scraped 7708 items (at 264 items/min)
2019-06-10 17:14:37 [scrapy.extensions.logstats] INFO: Crawled 1370 pages (at 25 pages/min), scraped 8037 items (at 329 items/min)
2019-06-10 17:15:37 [scrapy.extensions.logstats] INFO: Crawled 1395 pages (at 25 pages/min), scraped 8375 items (at 338 items/min)
2019-06-10 17:16:37 [scrapy.extensions.logstats] INFO: Crawled 1420 pages (at 25 pages/min), scraped 8700 items (at 325 items/min)
2019-06-10 17:17:37 [scrapy.extensions.logstats] INFO: Crawled 1444 pages (at 24 pages/min), scraped 8933 items (at 233 items/min)
2019-06-10 17:18:37 [scrapy.extensions.logstats] INFO: Crawled 1469 pages (at 25 pages/min), scraped 9205 items (at 272 items/min)
2019-06-10 17:19:37 [scrapy.extensions.logstats] INFO: Crawled 1495 pages (at 26 pages/min), scraped 9737 items (at 532 items/min)
2019-06-10 17:20:37 [scrapy.extensions.logstats] INFO: Crawled 1514 pages (at 19 pages/min), scraped 9804 items (at 67 items/min)
2019-06-10 17:21:37 [scrapy.extensions.logstats] INFO: Crawled 1539 pages (at 25 pages/min), scraped 9894 items (at 90 items/min)
2019-06-10 17:22:37 [scrapy.extensions.logstats] INFO: Crawled 1561 pages (at 22 pages/min), scraped 10030 items (at 136 items/min)
2019-06-10 17:23:37 [scrapy.extensions.logstats] INFO: Crawled 1583 pages (at 22 pages/min), scraped 10060 items (at 30 items/min)
2019-06-10 17:24:37 [scrapy.extensions.logstats] INFO: Crawled 1609 pages (at 26 pages/min), scraped 10159 items (at 99 items/min)
2019-06-10 17:25:37 [scrapy.extensions.logstats] INFO: Crawled 1632 pages (at 23 pages/min), scraped 10244 items (at 85 items/min)
2019-06-10 17:26:37 [scrapy.extensions.logstats] INFO: Crawled 1656 pages (at 24 pages/min), scraped 10375 items (at 131 items/min)
2019-06-10 17:27:37 [scrapy.extensions.logstats] INFO: Crawled 1680 pages (at 24 pages/min), scraped 10479 items (at 104 items/min)
2019-06-10 17:28:37 [scrapy.extensions.logstats] INFO: Crawled 1707 pages (at 27 pages/min), scraped 10763 items (at 284 items/min)
2019-06-10 17:29:37 [scrapy.extensions.logstats] INFO: Crawled 1733 pages (at 26 pages/min), scraped 11019 items (at 256 items/min)
2019-06-10 17:30:37 [scrapy.extensions.logstats] INFO: Crawled 1758 pages (at 25 pages/min), scraped 11118 items (at 99 items/min)
2019-06-10 17:31:37 [scrapy.extensions.logstats] INFO: Crawled 1781 pages (at 23 pages/min), scraped 11332 items (at 214 items/min)
2019-06-10 17:32:37 [scrapy.extensions.logstats] INFO: Crawled 1805 pages (at 24 pages/min), scraped 11517 items (at 185 items/min)
2019-06-10 17:33:37 [scrapy.extensions.logstats] INFO: Crawled 1829 pages (at 24 pages/min), scraped 11615 items (at 98 items/min)
2019-06-10 17:34:37 [scrapy.extensions.logstats] INFO: Crawled 1855 pages (at 26 pages/min), scraped 11865 items (at 250 items/min)
2019-06-10 17:35:37 [scrapy.extensions.logstats] INFO: Crawled 1880 pages (at 25 pages/min), scraped 11992 items (at 127 items/min)
2019-06-10 17:36:37 [scrapy.extensions.logstats] INFO: Crawled 1906 pages (at 26 pages/min), scraped 12115 items (at 123 items/min)
2019-06-10 17:37:37 [scrapy.extensions.logstats] INFO: Crawled 1928 pages (at 22 pages/min), scraped 12184 items (at 69 items/min)
2019-06-10 17:38:37 [scrapy.extensions.logstats] INFO: Crawled 1953 pages (at 25 pages/min), scraped 12257 items (at 73 items/min)
2019-06-10 17:39:37 [scrapy.extensions.logstats] INFO: Crawled 1978 pages (at 25 pages/min), scraped 12400 items (at 143 items/min)
2019-06-10 17:40:37 [scrapy.extensions.logstats] INFO: Crawled 2000 pages (at 22 pages/min), scraped 12560 items (at 160 items/min)
2019-06-10 17:41:37 [scrapy.extensions.logstats] INFO: Crawled 2024 pages (at 24 pages/min), scraped 12712 items (at 152 items/min)
2019-06-10 17:42:37 [scrapy.extensions.logstats] INFO: Crawled 2049 pages (at 25 pages/min), scraped 12914 items (at 202 items/min)
2019-06-10 17:43:37 [scrapy.extensions.logstats] INFO: Crawled 2072 pages (at 23 pages/min), scraped 13017 items (at 103 items/min)
2019-06-10 17:44:37 [scrapy.extensions.logstats] INFO: Crawled 2097 pages (at 25 pages/min), scraped 13060 items (at 43 items/min)
2019-06-10 17:45:37 [scrapy.extensions.logstats] INFO: Crawled 2121 pages (at 24 pages/min), scraped 13112 items (at 52 items/min)
2019-06-10 17:46:37 [scrapy.extensions.logstats] INFO: Crawled 2145 pages (at 24 pages/min), scraped 13191 items (at 79 items/min)
2019-06-10 17:47:37 [scrapy.extensions.logstats] INFO: Crawled 2169 pages (at 24 pages/min), scraped 13425 items (at 234 items/min)
2019-06-10 17:48:37 [scrapy.extensions.logstats] INFO: Crawled 2193 pages (at 24 pages/min), scraped 13763 items (at 338 items/min)
2019-06-10 17:49:37 [scrapy.extensions.logstats] INFO: Crawled 2217 pages (at 24 pages/min), scraped 13953 items (at 190 items/min)
2019-06-10 17:50:37 [scrapy.extensions.logstats] INFO: Crawled 2240 pages (at 23 pages/min), scraped 14095 items (at 142 items/min)
2019-06-10 17:51:37 [scrapy.extensions.logstats] INFO: Crawled 2263 pages (at 23 pages/min), scraped 14349 items (at 254 items/min)
2019-06-10 17:52:37 [scrapy.extensions.logstats] INFO: Crawled 2291 pages (at 28 pages/min), scraped 14519 items (at 170 items/min)
2019-06-10 17:53:37 [scrapy.extensions.logstats] INFO: Crawled 2316 pages (at 25 pages/min), scraped 14634 items (at 115 items/min)
2019-06-10 17:54:37 [scrapy.extensions.logstats] INFO: Crawled 2341 pages (at 25 pages/min), scraped 14937 items (at 303 items/min)
2019-06-10 17:55:37 [scrapy.extensions.logstats] INFO: Crawled 2365 pages (at 24 pages/min), scraped 15103 items (at 166 items/min)
2019-06-10 17:56:37 [scrapy.extensions.logstats] INFO: Crawled 2391 pages (at 26 pages/min), scraped 15200 items (at 97 items/min)
2019-06-10 17:57:37 [scrapy.extensions.logstats] INFO: Crawled 2415 pages (at 24 pages/min), scraped 15361 items (at 161 items/min)
2019-06-10 17:58:37 [scrapy.extensions.logstats] INFO: Crawled 2440 pages (at 25 pages/min), scraped 15402 items (at 41 items/min)
2019-06-10 17:59:37 [scrapy.extensions.logstats] INFO: Crawled 2465 pages (at 25 pages/min), scraped 15561 items (at 159 items/min)
2019-06-10 18:00:37 [scrapy.extensions.logstats] INFO: Crawled 2489 pages (at 24 pages/min), scraped 15713 items (at 152 items/min)
2019-06-10 18:01:37 [scrapy.extensions.logstats] INFO: Crawled 2513 pages (at 24 pages/min), scraped 15782 items (at 69 items/min)
2019-06-10 18:02:37 [scrapy.extensions.logstats] INFO: Crawled 2538 pages (at 25 pages/min), scraped 15868 items (at 86 items/min)
2019-06-10 18:03:37 [scrapy.extensions.logstats] INFO: Crawled 2561 pages (at 23 pages/min), scraped 15923 items (at 55 items/min)
2019-06-10 18:04:37 [scrapy.extensions.logstats] INFO: Crawled 2586 pages (at 25 pages/min), scraped 16071 items (at 148 items/min)
2019-06-10 18:05:37 [scrapy.extensions.logstats] INFO: Crawled 2610 pages (at 24 pages/min), scraped 16273 items (at 202 items/min)
2019-06-10 18:06:37 [scrapy.extensions.logstats] INFO: Crawled 2635 pages (at 25 pages/min), scraped 16349 items (at 76 items/min)
2019-06-10 18:07:37 [scrapy.extensions.logstats] INFO: Crawled 2661 pages (at 26 pages/min), scraped 16495 items (at 146 items/min)
2019-06-10 18:08:37 [scrapy.extensions.logstats] INFO: Crawled 2685 pages (at 24 pages/min), scraped 16552 items (at 57 items/min)
2019-06-10 18:09:37 [scrapy.extensions.logstats] INFO: Crawled 2710 pages (at 25 pages/min), scraped 16640 items (at 88 items/min)
2019-06-10 18:10:37 [scrapy.extensions.logstats] INFO: Crawled 2733 pages (at 23 pages/min), scraped 16722 items (at 82 items/min)
2019-06-10 18:11:37 [scrapy.extensions.logstats] INFO: Crawled 2757 pages (at 24 pages/min), scraped 16804 items (at 82 items/min)
2019-06-10 18:12:37 [scrapy.extensions.logstats] INFO: Crawled 2782 pages (at 25 pages/min), scraped 16930 items (at 126 items/min)
2019-06-10 18:13:37 [scrapy.extensions.logstats] INFO: Crawled 2806 pages (at 24 pages/min), scraped 17081 items (at 151 items/min)
2019-06-10 18:14:37 [scrapy.extensions.logstats] INFO: Crawled 2832 pages (at 26 pages/min), scraped 17360 items (at 279 items/min)
2019-06-10 18:15:37 [scrapy.extensions.logstats] INFO: Crawled 2856 pages (at 24 pages/min), scraped 17609 items (at 249 items/min)
2019-06-10 18:16:37 [scrapy.extensions.logstats] INFO: Crawled 2881 pages (at 25 pages/min), scraped 17837 items (at 228 items/min)
2019-06-10 18:17:37 [scrapy.extensions.logstats] INFO: Crawled 2905 pages (at 24 pages/min), scraped 17962 items (at 125 items/min)
2019-06-10 18:18:37 [scrapy.extensions.logstats] INFO: Crawled 2930 pages (at 25 pages/min), scraped 18043 items (at 81 items/min)
2019-06-10 18:19:37 [scrapy.extensions.logstats] INFO: Crawled 2954 pages (at 24 pages/min), scraped 18223 items (at 180 items/min)
2019-06-10 18:20:37 [scrapy.extensions.logstats] INFO: Crawled 2978 pages (at 24 pages/min), scraped 18424 items (at 201 items/min)
2019-06-10 18:21:37 [scrapy.extensions.logstats] INFO: Crawled 3002 pages (at 24 pages/min), scraped 18543 items (at 119 items/min)
2019-06-10 18:22:37 [scrapy.extensions.logstats] INFO: Crawled 3026 pages (at 24 pages/min), scraped 18620 items (at 77 items/min)
2019-06-10 18:23:37 [scrapy.extensions.logstats] INFO: Crawled 3046 pages (at 20 pages/min), scraped 18700 items (at 80 items/min)
2019-06-10 18:24:37 [scrapy.extensions.logstats] INFO: Crawled 3069 pages (at 23 pages/min), scraped 18748 items (at 48 items/min)
2019-06-10 18:25:37 [scrapy.extensions.logstats] INFO: Crawled 3091 pages (at 22 pages/min), scraped 18894 items (at 146 items/min)
2019-06-10 18:26:37 [scrapy.extensions.logstats] INFO: Crawled 3113 pages (at 22 pages/min), scraped 19036 items (at 142 items/min)
2019-06-10 18:27:37 [scrapy.extensions.logstats] INFO: Crawled 3139 pages (at 26 pages/min), scraped 19164 items (at 128 items/min)
2019-06-10 18:28:37 [scrapy.extensions.logstats] INFO: Crawled 3164 pages (at 25 pages/min), scraped 19223 items (at 59 items/min)
2019-06-10 18:29:37 [scrapy.extensions.logstats] INFO: Crawled 3188 pages (at 24 pages/min), scraped 19677 items (at 454 items/min)
2019-06-10 18:30:37 [scrapy.extensions.logstats] INFO: Crawled 3212 pages (at 24 pages/min), scraped 19892 items (at 215 items/min)
2019-06-10 18:31:37 [scrapy.extensions.logstats] INFO: Crawled 3236 pages (at 24 pages/min), scraped 20051 items (at 159 items/min)
2019-06-10 18:32:37 [scrapy.extensions.logstats] INFO: Crawled 3259 pages (at 23 pages/min), scraped 20311 items (at 260 items/min)
2019-06-10 18:33:37 [scrapy.extensions.logstats] INFO: Crawled 3284 pages (at 25 pages/min), scraped 20404 items (at 93 items/min)
2019-06-10 18:34:37 [scrapy.extensions.logstats] INFO: Crawled 3308 pages (at 24 pages/min), scraped 20543 items (at 139 items/min)
2019-06-10 18:35:37 [scrapy.extensions.logstats] INFO: Crawled 3332 pages (at 24 pages/min), scraped 20622 items (at 79 items/min)
2019-06-10 18:36:37 [scrapy.extensions.logstats] INFO: Crawled 3357 pages (at 25 pages/min), scraped 20906 items (at 284 items/min)
2019-06-10 18:37:37 [scrapy.extensions.logstats] INFO: Crawled 3382 pages (at 25 pages/min), scraped 21335 items (at 429 items/min)
2019-06-10 18:38:37 [scrapy.extensions.logstats] INFO: Crawled 3404 pages (at 22 pages/min), scraped 21708 items (at 373 items/min)
2019-06-10 18:39:37 [scrapy.extensions.logstats] INFO: Crawled 3429 pages (at 25 pages/min), scraped 21961 items (at 253 items/min)
2019-06-10 18:40:37 [scrapy.extensions.logstats] INFO: Crawled 3454 pages (at 25 pages/min), scraped 22126 items (at 165 items/min)
2019-06-10 18:41:37 [scrapy.extensions.logstats] INFO: Crawled 3478 pages (at 24 pages/min), scraped 22194 items (at 68 items/min)
2019-06-10 18:42:37 [scrapy.extensions.logstats] INFO: Crawled 3502 pages (at 24 pages/min), scraped 22295 items (at 101 items/min)
2019-06-10 18:43:37 [scrapy.extensions.logstats] INFO: Crawled 3528 pages (at 26 pages/min), scraped 22451 items (at 156 items/min)
2019-06-10 18:44:37 [scrapy.extensions.logstats] INFO: Crawled 3552 pages (at 24 pages/min), scraped 22637 items (at 186 items/min)
2019-06-10 18:45:37 [scrapy.extensions.logstats] INFO: Crawled 3577 pages (at 25 pages/min), scraped 22779 items (at 142 items/min)
2019-06-10 18:46:37 [scrapy.extensions.logstats] INFO: Crawled 3600 pages (at 23 pages/min), scraped 23008 items (at 229 items/min)
2019-06-10 18:47:37 [scrapy.extensions.logstats] INFO: Crawled 3626 pages (at 26 pages/min), scraped 23099 items (at 91 items/min)
2019-06-10 18:48:37 [scrapy.extensions.logstats] INFO: Crawled 3650 pages (at 24 pages/min), scraped 23309 items (at 210 items/min)
2019-06-10 18:49:37 [scrapy.extensions.logstats] INFO: Crawled 3675 pages (at 25 pages/min), scraped 23395 items (at 86 items/min)
2019-06-10 18:50:37 [scrapy.extensions.logstats] INFO: Crawled 3699 pages (at 24 pages/min), scraped 23480 items (at 85 items/min)
2019-06-10 18:51:37 [scrapy.extensions.logstats] INFO: Crawled 3723 pages (at 24 pages/min), scraped 23628 items (at 148 items/min)
2019-06-10 18:52:37 [scrapy.extensions.logstats] INFO: Crawled 3746 pages (at 23 pages/min), scraped 23828 items (at 200 items/min)
2019-06-10 18:53:37 [scrapy.extensions.logstats] INFO: Crawled 3769 pages (at 23 pages/min), scraped 23983 items (at 155 items/min)
2019-06-10 18:54:37 [scrapy.extensions.logstats] INFO: Crawled 3793 pages (at 24 pages/min), scraped 24243 items (at 260 items/min)
2019-06-10 18:55:37 [scrapy.extensions.logstats] INFO: Crawled 3819 pages (at 26 pages/min), scraped 24469 items (at 226 items/min)
2019-06-10 18:56:37 [scrapy.extensions.logstats] INFO: Crawled 3841 pages (at 22 pages/min), scraped 24656 items (at 187 items/min)
2019-06-10 18:57:37 [scrapy.extensions.logstats] INFO: Crawled 3866 pages (at 25 pages/min), scraped 25156 items (at 500 items/min)
2019-06-10 18:58:37 [scrapy.extensions.logstats] INFO: Crawled 3891 pages (at 25 pages/min), scraped 25551 items (at 395 items/min)
2019-06-10 18:59:37 [scrapy.extensions.logstats] INFO: Crawled 3916 pages (at 25 pages/min), scraped 25619 items (at 68 items/min)
2019-06-10 19:00:37 [scrapy.extensions.logstats] INFO: Crawled 3942 pages (at 26 pages/min), scraped 25722 items (at 103 items/min)
2019-06-10 19:01:37 [scrapy.extensions.logstats] INFO: Crawled 3965 pages (at 23 pages/min), scraped 25768 items (at 46 items/min)
2019-06-10 19:02:37 [scrapy.extensions.logstats] INFO: Crawled 3990 pages (at 25 pages/min), scraped 25814 items (at 46 items/min)
2019-06-10 19:03:37 [scrapy.extensions.logstats] INFO: Crawled 4015 pages (at 25 pages/min), scraped 25899 items (at 85 items/min)
2019-06-10 19:04:37 [scrapy.extensions.logstats] INFO: Crawled 4039 pages (at 24 pages/min), scraped 25985 items (at 86 items/min)
2019-06-10 19:05:37 [scrapy.extensions.logstats] INFO: Crawled 4063 pages (at 24 pages/min), scraped 26347 items (at 362 items/min)
2019-06-10 19:06:37 [scrapy.extensions.logstats] INFO: Crawled 4087 pages (at 24 pages/min), scraped 26475 items (at 128 items/min)
2019-06-10 19:07:37 [scrapy.extensions.logstats] INFO: Crawled 4111 pages (at 24 pages/min), scraped 26623 items (at 148 items/min)
2019-06-10 19:08:37 [scrapy.extensions.logstats] INFO: Crawled 4136 pages (at 25 pages/min), scraped 26873 items (at 250 items/min)
2019-06-10 19:09:37 [scrapy.extensions.logstats] INFO: Crawled 4161 pages (at 25 pages/min), scraped 27111 items (at 238 items/min)
2019-06-10 19:10:37 [scrapy.extensions.logstats] INFO: Crawled 4186 pages (at 25 pages/min), scraped 27195 items (at 84 items/min)
2019-06-10 19:11:37 [scrapy.extensions.logstats] INFO: Crawled 4209 pages (at 23 pages/min), scraped 27356 items (at 161 items/min)
2019-06-10 19:12:37 [scrapy.extensions.logstats] INFO: Crawled 4234 pages (at 25 pages/min), scraped 27461 items (at 105 items/min)
2019-06-10 19:13:37 [scrapy.extensions.logstats] INFO: Crawled 4259 pages (at 25 pages/min), scraped 27638 items (at 177 items/min)
2019-06-10 19:14:37 [scrapy.extensions.logstats] INFO: Crawled 4284 pages (at 25 pages/min), scraped 27666 items (at 28 items/min)
2019-06-10 19:15:37 [scrapy.extensions.logstats] INFO: Crawled 4308 pages (at 24 pages/min), scraped 27710 items (at 44 items/min)
2019-06-10 19:16:37 [scrapy.extensions.logstats] INFO: Crawled 4332 pages (at 24 pages/min), scraped 27763 items (at 53 items/min)
2019-06-10 19:17:37 [scrapy.extensions.logstats] INFO: Crawled 4356 pages (at 24 pages/min), scraped 27862 items (at 99 items/min)
2019-06-10 19:18:37 [scrapy.extensions.logstats] INFO: Crawled 4379 pages (at 23 pages/min), scraped 28316 items (at 454 items/min)
2019-06-10 19:19:37 [scrapy.extensions.logstats] INFO: Crawled 4402 pages (at 23 pages/min), scraped 28510 items (at 194 items/min)
2019-06-10 19:20:37 [scrapy.extensions.logstats] INFO: Crawled 4426 pages (at 24 pages/min), scraped 28854 items (at 344 items/min)
2019-06-10 19:21:37 [scrapy.extensions.logstats] INFO: Crawled 4450 pages (at 24 pages/min), scraped 29248 items (at 394 items/min)
2019-06-10 19:22:37 [scrapy.extensions.logstats] INFO: Crawled 4474 pages (at 24 pages/min), scraped 29325 items (at 77 items/min)
2019-06-10 19:23:37 [scrapy.extensions.logstats] INFO: Crawled 4498 pages (at 24 pages/min), scraped 29390 items (at 65 items/min)
2019-06-10 19:24:37 [scrapy.extensions.logstats] INFO: Crawled 4521 pages (at 23 pages/min), scraped 29465 items (at 75 items/min)
2019-06-10 19:25:37 [scrapy.extensions.logstats] INFO: Crawled 4546 pages (at 25 pages/min), scraped 29561 items (at 96 items/min)
2019-06-10 19:26:37 [scrapy.extensions.logstats] INFO: Crawled 4570 pages (at 24 pages/min), scraped 29679 items (at 118 items/min)
2019-06-10 19:27:37 [scrapy.extensions.logstats] INFO: Crawled 4596 pages (at 26 pages/min), scraped 29752 items (at 73 items/min)
2019-06-10 19:28:37 [scrapy.extensions.logstats] INFO: Crawled 4620 pages (at 24 pages/min), scraped 29921 items (at 169 items/min)
2019-06-10 19:29:37 [scrapy.extensions.logstats] INFO: Crawled 4642 pages (at 22 pages/min), scraped 30065 items (at 144 items/min)
2019-06-10 19:30:37 [scrapy.extensions.logstats] INFO: Crawled 4668 pages (at 26 pages/min), scraped 30138 items (at 73 items/min)
2019-06-10 19:31:37 [scrapy.extensions.logstats] INFO: Crawled 4693 pages (at 25 pages/min), scraped 30203 items (at 65 items/min)
2019-06-10 19:32:37 [scrapy.extensions.logstats] INFO: Crawled 4717 pages (at 24 pages/min), scraped 30286 items (at 83 items/min)
2019-06-10 19:33:37 [scrapy.extensions.logstats] INFO: Crawled 4741 pages (at 24 pages/min), scraped 30350 items (at 64 items/min)
2019-06-10 19:34:37 [scrapy.extensions.logstats] INFO: Crawled 4766 pages (at 25 pages/min), scraped 30426 items (at 76 items/min)
2019-06-10 19:35:37 [scrapy.extensions.logstats] INFO: Crawled 4791 pages (at 25 pages/min), scraped 30637 items (at 211 items/min)
2019-06-10 19:36:37 [scrapy.extensions.logstats] INFO: Crawled 4814 pages (at 23 pages/min), scraped 30828 items (at 191 items/min)
2019-06-10 19:37:37 [scrapy.extensions.logstats] INFO: Crawled 4839 pages (at 25 pages/min), scraped 31014 items (at 186 items/min)
2019-06-10 19:38:37 [scrapy.extensions.logstats] INFO: Crawled 4863 pages (at 24 pages/min), scraped 31266 items (at 252 items/min)
2019-06-10 19:39:37 [scrapy.extensions.logstats] INFO: Crawled 4888 pages (at 25 pages/min), scraped 31456 items (at 190 items/min)
2019-06-10 19:40:37 [scrapy.extensions.logstats] INFO: Crawled 4913 pages (at 25 pages/min), scraped 31503 items (at 47 items/min)
2019-06-10 19:41:37 [scrapy.extensions.logstats] INFO: Crawled 4937 pages (at 24 pages/min), scraped 31800 items (at 297 items/min)
2019-06-10 19:42:37 [scrapy.extensions.logstats] INFO: Crawled 4962 pages (at 25 pages/min), scraped 31960 items (at 160 items/min)
2019-06-10 19:43:25 [Guba.spiders.CommentPageUrlSpider] ERROR: 评论部分用户 http://guba.eastmoney.com/news,601318,195812804.html json 解析出错, 错误原因 Unterminated string starting at: line 1 column 47 (char 46) 

2019-06-10 19:43:25 [Guba.spiders.CommentPageUrlSpider] ERROR: 评论部分用户 http://guba.eastmoney.com/news,601318,195812804.html json 解析出错, 错误原因 Unterminated string starting at: line 1 column 47 (char 46) 

2019-06-10 19:43:37 [scrapy.extensions.logstats] INFO: Crawled 4985 pages (at 23 pages/min), scraped 32289 items (at 329 items/min)
2019-06-10 19:44:37 [scrapy.extensions.logstats] INFO: Crawled 5009 pages (at 24 pages/min), scraped 32670 items (at 381 items/min)
2019-06-10 19:45:37 [scrapy.extensions.logstats] INFO: Crawled 5036 pages (at 27 pages/min), scraped 32816 items (at 146 items/min)
2019-06-10 19:46:37 [scrapy.extensions.logstats] INFO: Crawled 5062 pages (at 26 pages/min), scraped 33017 items (at 201 items/min)
2019-06-10 19:47:37 [scrapy.extensions.logstats] INFO: Crawled 5085 pages (at 23 pages/min), scraped 33225 items (at 208 items/min)
2019-06-10 19:48:37 [scrapy.extensions.logstats] INFO: Crawled 5109 pages (at 24 pages/min), scraped 33344 items (at 119 items/min)
2019-06-10 19:49:37 [scrapy.extensions.logstats] INFO: Crawled 5134 pages (at 25 pages/min), scraped 33532 items (at 188 items/min)
2019-06-10 19:50:37 [scrapy.extensions.logstats] INFO: Crawled 5158 pages (at 24 pages/min), scraped 33790 items (at 258 items/min)
2019-06-10 19:51:37 [scrapy.extensions.logstats] INFO: Crawled 5182 pages (at 24 pages/min), scraped 34156 items (at 366 items/min)
2019-06-10 19:52:37 [scrapy.extensions.logstats] INFO: Crawled 5207 pages (at 25 pages/min), scraped 34509 items (at 353 items/min)
2019-06-10 19:53:37 [scrapy.extensions.logstats] INFO: Crawled 5231 pages (at 24 pages/min), scraped 34736 items (at 227 items/min)
2019-06-10 19:54:37 [scrapy.extensions.logstats] INFO: Crawled 5255 pages (at 24 pages/min), scraped 34969 items (at 233 items/min)
2019-06-10 19:55:37 [scrapy.extensions.logstats] INFO: Crawled 5279 pages (at 24 pages/min), scraped 35185 items (at 216 items/min)
2019-06-10 19:56:37 [scrapy.extensions.logstats] INFO: Crawled 5304 pages (at 25 pages/min), scraped 35304 items (at 119 items/min)
2019-06-10 19:57:37 [scrapy.extensions.logstats] INFO: Crawled 5328 pages (at 24 pages/min), scraped 35433 items (at 129 items/min)
2019-06-10 19:58:37 [scrapy.extensions.logstats] INFO: Crawled 5350 pages (at 22 pages/min), scraped 35487 items (at 54 items/min)
2019-06-10 19:59:37 [scrapy.extensions.logstats] INFO: Crawled 5374 pages (at 24 pages/min), scraped 35646 items (at 159 items/min)
2019-06-10 20:00:37 [scrapy.extensions.logstats] INFO: Crawled 5397 pages (at 23 pages/min), scraped 35688 items (at 42 items/min)
2019-06-10 20:01:37 [scrapy.extensions.logstats] INFO: Crawled 5422 pages (at 25 pages/min), scraped 35784 items (at 96 items/min)
2019-06-10 20:02:37 [scrapy.extensions.logstats] INFO: Crawled 5446 pages (at 24 pages/min), scraped 35912 items (at 128 items/min)
2019-06-10 20:03:37 [scrapy.extensions.logstats] INFO: Crawled 5471 pages (at 25 pages/min), scraped 36236 items (at 324 items/min)
2019-06-10 20:04:37 [scrapy.extensions.logstats] INFO: Crawled 5495 pages (at 24 pages/min), scraped 36404 items (at 168 items/min)
2019-06-10 20:05:37 [scrapy.extensions.logstats] INFO: Crawled 5520 pages (at 25 pages/min), scraped 36572 items (at 168 items/min)
2019-06-10 20:06:37 [scrapy.extensions.logstats] INFO: Crawled 5544 pages (at 24 pages/min), scraped 36859 items (at 287 items/min)
2019-06-10 20:07:37 [scrapy.extensions.logstats] INFO: Crawled 5568 pages (at 24 pages/min), scraped 36959 items (at 100 items/min)
2019-06-10 20:08:37 [scrapy.extensions.logstats] INFO: Crawled 5594 pages (at 26 pages/min), scraped 37183 items (at 224 items/min)
2019-06-10 20:09:37 [scrapy.extensions.logstats] INFO: Crawled 5617 pages (at 23 pages/min), scraped 37361 items (at 178 items/min)
2019-06-10 20:10:37 [scrapy.extensions.logstats] INFO: Crawled 5642 pages (at 25 pages/min), scraped 37503 items (at 142 items/min)
2019-06-10 20:11:37 [scrapy.extensions.logstats] INFO: Crawled 5667 pages (at 25 pages/min), scraped 37548 items (at 45 items/min)
2019-06-10 20:12:37 [scrapy.extensions.logstats] INFO: Crawled 5692 pages (at 25 pages/min), scraped 37719 items (at 171 items/min)
2019-06-10 20:13:37 [scrapy.extensions.logstats] INFO: Crawled 5717 pages (at 25 pages/min), scraped 37926 items (at 207 items/min)
2019-06-10 20:14:37 [scrapy.extensions.logstats] INFO: Crawled 5742 pages (at 25 pages/min), scraped 37982 items (at 56 items/min)
2019-06-10 20:15:37 [scrapy.extensions.logstats] INFO: Crawled 5766 pages (at 24 pages/min), scraped 38048 items (at 66 items/min)
2019-06-10 20:16:37 [scrapy.extensions.logstats] INFO: Crawled 5790 pages (at 24 pages/min), scraped 38269 items (at 221 items/min)
2019-06-10 20:17:37 [scrapy.extensions.logstats] INFO: Crawled 5816 pages (at 26 pages/min), scraped 38456 items (at 187 items/min)
2019-06-10 20:18:37 [scrapy.extensions.logstats] INFO: Crawled 5837 pages (at 21 pages/min), scraped 38494 items (at 38 items/min)
2019-06-10 20:19:37 [scrapy.extensions.logstats] INFO: Crawled 5861 pages (at 24 pages/min), scraped 38547 items (at 53 items/min)
2019-06-10 20:20:37 [scrapy.extensions.logstats] INFO: Crawled 5887 pages (at 26 pages/min), scraped 38623 items (at 76 items/min)
2019-06-10 20:21:37 [scrapy.extensions.logstats] INFO: Crawled 5912 pages (at 25 pages/min), scraped 38749 items (at 126 items/min)
2019-06-10 20:22:37 [scrapy.extensions.logstats] INFO: Crawled 5938 pages (at 26 pages/min), scraped 38885 items (at 136 items/min)
2019-06-10 20:23:37 [scrapy.extensions.logstats] INFO: Crawled 5962 pages (at 24 pages/min), scraped 38922 items (at 37 items/min)
2019-06-10 20:24:37 [scrapy.extensions.logstats] INFO: Crawled 5987 pages (at 25 pages/min), scraped 39026 items (at 104 items/min)
2019-06-10 20:25:37 [scrapy.extensions.logstats] INFO: Crawled 6012 pages (at 25 pages/min), scraped 39062 items (at 36 items/min)
2019-06-10 20:26:37 [scrapy.extensions.logstats] INFO: Crawled 6036 pages (at 24 pages/min), scraped 39257 items (at 195 items/min)
2019-06-10 20:27:37 [scrapy.extensions.logstats] INFO: Crawled 6060 pages (at 24 pages/min), scraped 39283 items (at 26 items/min)
2019-06-10 20:28:37 [scrapy.extensions.logstats] INFO: Crawled 6085 pages (at 25 pages/min), scraped 39360 items (at 77 items/min)
2019-06-10 20:29:37 [scrapy.extensions.logstats] INFO: Crawled 6111 pages (at 26 pages/min), scraped 39532 items (at 172 items/min)
2019-06-10 20:30:37 [scrapy.extensions.logstats] INFO: Crawled 6135 pages (at 24 pages/min), scraped 39839 items (at 307 items/min)
2019-06-10 20:31:37 [scrapy.extensions.logstats] INFO: Crawled 6160 pages (at 25 pages/min), scraped 39967 items (at 128 items/min)
2019-06-10 20:32:37 [scrapy.extensions.logstats] INFO: Crawled 6187 pages (at 27 pages/min), scraped 40052 items (at 85 items/min)
2019-06-10 20:33:37 [scrapy.extensions.logstats] INFO: Crawled 6211 pages (at 24 pages/min), scraped 40111 items (at 59 items/min)
2019-06-10 20:34:37 [scrapy.extensions.logstats] INFO: Crawled 6235 pages (at 24 pages/min), scraped 40252 items (at 141 items/min)
2019-06-10 20:35:37 [scrapy.extensions.logstats] INFO: Crawled 6260 pages (at 25 pages/min), scraped 40333 items (at 81 items/min)
2019-06-10 20:36:37 [scrapy.extensions.logstats] INFO: Crawled 6285 pages (at 25 pages/min), scraped 40512 items (at 179 items/min)
2019-06-10 20:37:37 [scrapy.extensions.logstats] INFO: Crawled 6310 pages (at 25 pages/min), scraped 40636 items (at 124 items/min)
2019-06-10 20:38:37 [scrapy.extensions.logstats] INFO: Crawled 6336 pages (at 26 pages/min), scraped 40673 items (at 37 items/min)
2019-06-10 20:39:37 [scrapy.extensions.logstats] INFO: Crawled 6361 pages (at 25 pages/min), scraped 40727 items (at 54 items/min)
2019-06-10 20:40:37 [scrapy.extensions.logstats] INFO: Crawled 6386 pages (at 25 pages/min), scraped 40759 items (at 32 items/min)
2019-06-10 20:41:37 [scrapy.extensions.logstats] INFO: Crawled 6411 pages (at 25 pages/min), scraped 40967 items (at 208 items/min)
2019-06-10 20:42:37 [scrapy.extensions.logstats] INFO: Crawled 6436 pages (at 25 pages/min), scraped 41145 items (at 178 items/min)
2019-06-10 20:43:37 [scrapy.extensions.logstats] INFO: Crawled 6460 pages (at 24 pages/min), scraped 41416 items (at 271 items/min)
2019-06-10 20:44:37 [scrapy.extensions.logstats] INFO: Crawled 6485 pages (at 25 pages/min), scraped 41490 items (at 74 items/min)
2019-06-10 20:45:37 [scrapy.extensions.logstats] INFO: Crawled 6511 pages (at 26 pages/min), scraped 41610 items (at 120 items/min)
2019-06-10 20:46:37 [scrapy.extensions.logstats] INFO: Crawled 6535 pages (at 24 pages/min), scraped 41832 items (at 222 items/min)
2019-06-10 20:47:37 [scrapy.extensions.logstats] INFO: Crawled 6559 pages (at 24 pages/min), scraped 42100 items (at 268 items/min)
2019-06-10 20:48:37 [scrapy.extensions.logstats] INFO: Crawled 6583 pages (at 24 pages/min), scraped 42283 items (at 183 items/min)
2019-06-10 20:49:37 [scrapy.extensions.logstats] INFO: Crawled 6606 pages (at 23 pages/min), scraped 42392 items (at 109 items/min)
2019-06-10 20:50:37 [scrapy.extensions.logstats] INFO: Crawled 6631 pages (at 25 pages/min), scraped 42579 items (at 187 items/min)
2019-06-10 20:51:37 [scrapy.extensions.logstats] INFO: Crawled 6655 pages (at 24 pages/min), scraped 42848 items (at 269 items/min)
2019-06-10 20:52:37 [scrapy.extensions.logstats] INFO: Crawled 6680 pages (at 25 pages/min), scraped 43221 items (at 373 items/min)
2019-06-10 20:53:37 [scrapy.extensions.logstats] INFO: Crawled 6704 pages (at 24 pages/min), scraped 43364 items (at 143 items/min)
2019-06-10 20:54:37 [scrapy.extensions.logstats] INFO: Crawled 6728 pages (at 24 pages/min), scraped 43575 items (at 211 items/min)
2019-06-10 20:55:37 [scrapy.extensions.logstats] INFO: Crawled 6754 pages (at 26 pages/min), scraped 43760 items (at 185 items/min)
2019-06-10 20:56:37 [scrapy.extensions.logstats] INFO: Crawled 6780 pages (at 26 pages/min), scraped 43849 items (at 89 items/min)
2019-06-10 20:57:37 [scrapy.extensions.logstats] INFO: Crawled 6805 pages (at 25 pages/min), scraped 43980 items (at 131 items/min)
2019-06-10 20:58:37 [scrapy.extensions.logstats] INFO: Crawled 6829 pages (at 24 pages/min), scraped 44112 items (at 132 items/min)
2019-06-10 20:59:37 [scrapy.extensions.logstats] INFO: Crawled 6852 pages (at 23 pages/min), scraped 44351 items (at 239 items/min)
2019-06-10 21:00:37 [scrapy.extensions.logstats] INFO: Crawled 6876 pages (at 24 pages/min), scraped 44476 items (at 125 items/min)
2019-06-10 21:01:37 [scrapy.extensions.logstats] INFO: Crawled 6902 pages (at 26 pages/min), scraped 44518 items (at 42 items/min)
2019-06-10 21:02:37 [scrapy.extensions.logstats] INFO: Crawled 6928 pages (at 26 pages/min), scraped 44659 items (at 141 items/min)
2019-06-10 21:03:37 [scrapy.extensions.logstats] INFO: Crawled 6953 pages (at 25 pages/min), scraped 44810 items (at 151 items/min)
2019-06-10 21:04:37 [scrapy.extensions.logstats] INFO: Crawled 6978 pages (at 25 pages/min), scraped 44973 items (at 163 items/min)
2019-06-10 21:05:37 [scrapy.extensions.logstats] INFO: Crawled 7001 pages (at 23 pages/min), scraped 45189 items (at 216 items/min)
2019-06-10 21:06:37 [scrapy.extensions.logstats] INFO: Crawled 7026 pages (at 25 pages/min), scraped 45373 items (at 184 items/min)
2019-06-10 21:07:37 [scrapy.extensions.logstats] INFO: Crawled 7052 pages (at 26 pages/min), scraped 45630 items (at 257 items/min)
2019-06-10 21:08:37 [scrapy.extensions.logstats] INFO: Crawled 7076 pages (at 24 pages/min), scraped 45820 items (at 190 items/min)
2019-06-10 21:09:37 [scrapy.extensions.logstats] INFO: Crawled 7100 pages (at 24 pages/min), scraped 45870 items (at 50 items/min)
2019-06-10 21:10:37 [scrapy.extensions.logstats] INFO: Crawled 7126 pages (at 26 pages/min), scraped 45952 items (at 82 items/min)
2019-06-10 21:11:37 [scrapy.extensions.logstats] INFO: Crawled 7151 pages (at 25 pages/min), scraped 46044 items (at 92 items/min)
2019-06-10 21:12:37 [scrapy.extensions.logstats] INFO: Crawled 7175 pages (at 24 pages/min), scraped 46168 items (at 124 items/min)
2019-06-10 21:13:37 [scrapy.extensions.logstats] INFO: Crawled 7201 pages (at 26 pages/min), scraped 46216 items (at 48 items/min)
2019-06-10 21:14:37 [scrapy.extensions.logstats] INFO: Crawled 7224 pages (at 23 pages/min), scraped 46293 items (at 77 items/min)
2019-06-10 21:15:37 [scrapy.extensions.logstats] INFO: Crawled 7249 pages (at 25 pages/min), scraped 46423 items (at 130 items/min)
2019-06-10 21:16:37 [scrapy.extensions.logstats] INFO: Crawled 7273 pages (at 24 pages/min), scraped 46551 items (at 128 items/min)
2019-06-10 21:17:37 [scrapy.extensions.logstats] INFO: Crawled 7297 pages (at 24 pages/min), scraped 46705 items (at 154 items/min)
2019-06-10 21:18:37 [scrapy.extensions.logstats] INFO: Crawled 7321 pages (at 24 pages/min), scraped 46850 items (at 145 items/min)
2019-06-10 21:19:37 [scrapy.extensions.logstats] INFO: Crawled 7345 pages (at 24 pages/min), scraped 46946 items (at 96 items/min)
2019-06-10 21:20:37 [scrapy.extensions.logstats] INFO: Crawled 7369 pages (at 24 pages/min), scraped 47065 items (at 119 items/min)
2019-06-10 21:21:37 [scrapy.extensions.logstats] INFO: Crawled 7393 pages (at 24 pages/min), scraped 47247 items (at 182 items/min)
2019-06-10 21:22:37 [scrapy.extensions.logstats] INFO: Crawled 7418 pages (at 25 pages/min), scraped 47442 items (at 195 items/min)
2019-06-10 21:23:37 [scrapy.extensions.logstats] INFO: Crawled 7443 pages (at 25 pages/min), scraped 47533 items (at 91 items/min)
2019-06-10 21:24:37 [scrapy.extensions.logstats] INFO: Crawled 7467 pages (at 24 pages/min), scraped 47737 items (at 204 items/min)
2019-06-10 21:25:37 [scrapy.extensions.logstats] INFO: Crawled 7490 pages (at 23 pages/min), scraped 48020 items (at 283 items/min)
2019-06-10 21:26:37 [scrapy.extensions.logstats] INFO: Crawled 7515 pages (at 25 pages/min), scraped 48267 items (at 247 items/min)
2019-06-10 21:27:37 [scrapy.extensions.logstats] INFO: Crawled 7539 pages (at 24 pages/min), scraped 48562 items (at 295 items/min)
2019-06-10 21:28:37 [scrapy.extensions.logstats] INFO: Crawled 7563 pages (at 24 pages/min), scraped 48671 items (at 109 items/min)
2019-06-10 21:29:37 [scrapy.extensions.logstats] INFO: Crawled 7588 pages (at 25 pages/min), scraped 48805 items (at 134 items/min)
2019-06-10 21:30:37 [scrapy.extensions.logstats] INFO: Crawled 7613 pages (at 25 pages/min), scraped 48974 items (at 169 items/min)
2019-06-10 21:31:37 [scrapy.extensions.logstats] INFO: Crawled 7638 pages (at 25 pages/min), scraped 49087 items (at 113 items/min)
2019-06-10 21:32:37 [scrapy.extensions.logstats] INFO: Crawled 7664 pages (at 26 pages/min), scraped 49126 items (at 39 items/min)
2019-06-10 21:33:37 [scrapy.extensions.logstats] INFO: Crawled 7688 pages (at 24 pages/min), scraped 49156 items (at 30 items/min)
2019-06-10 21:34:37 [scrapy.extensions.logstats] INFO: Crawled 7712 pages (at 24 pages/min), scraped 49346 items (at 190 items/min)
2019-06-10 21:35:24 [scrapy.crawler] INFO: Received SIGTERM, shutting down gracefully. Send again to force 
2019-06-10 21:35:24 [scrapy.core.engine] INFO: Closing spider (shutdown)
2019-06-10 21:35:31 [scrapy.statscollectors] INFO: Dumping Scrapy stats:
{'downloader/request_bytes': 2431193,
 'downloader/request_count': 7739,
 'downloader/request_method_count/GET': 7739,
 'downloader/response_bytes': 154176016,
 'downloader/response_count': 7739,
 'downloader/response_status_count/200': 7733,
 'downloader/response_status_count/302': 3,
 'downloader/response_status_count/404': 1,
 'downloader/response_status_count/503': 2,
 'finish_reason': 'shutdown',
 'finish_time': datetime.datetime(2019, 6, 10, 13, 35, 31, 551969),
 'item_scraped_count': 49415,
 'log_count/ERROR': 3,
 'log_count/INFO': 325,
 'memusage/max': 85204992,
 'memusage/startup': 62947328,
 'response_received_count': 7734,
 'retry/count': 2,
 'retry/reason_count/503 Service Unavailable': 2,
 'robotstxt/request_count': 1,
 'robotstxt/response_count': 1,
 'robotstxt/response_status_count/404': 1,
 'scheduler/dequeued/redis': 7738,
 'scheduler/enqueued/redis': 7737,
 'start_time': datetime.datetime(2019, 6, 10, 8, 18, 37, 762637)}
2019-06-10 21:35:31 [scrapy.core.engine] INFO: Spider closed (shutdown)
