2019-06-10 16:18:22 [scrapy.utils.log] INFO: Scrapy 1.6.0 started (bot: Guba)
2019-06-10 16:18:22 [scrapy.utils.log] INFO: Versions: lxml 4.3.2.0, libxml2 2.9.9, cssselect 1.0.3, parsel 1.5.1, w3lib 1.20.0, Twisted 18.9.0, Python 3.7.3 (default, Mar 27 2019, 16:54:48) - [Clang 4.0.1 (tags/RELEASE_401/final)], pyOpenSSL 19.0.0 (OpenSSL 1.1.1b  26 Feb 2019), cryptography 2.6.1, Platform Darwin-18.6.0-x86_64-i386-64bit
2019-06-10 16:18:22 [scrapy.crawler] INFO: Overridden settings: {'BOT_NAME': 'Guba', 'CONCURRENT_REQUESTS': 4, 'DOWNLOAD_DELAY': 2, 'DUPEFILTER_CLASS': 'scrapy_redis.dupefilter.RFPDupeFilter', 'LOG_FILE': 'logs/Guba/CommentPageUrlSpider/2019-06-10T16_18_18.log', 'LOG_LEVEL': 'INFO', 'NEWSPIDER_MODULE': 'Guba.spiders', 'ROBOTSTXT_OBEY': True, 'SCHEDULER': 'scrapy_redis.scheduler.Scheduler', 'SPIDER_MODULES': ['Guba.spiders']}
2019-06-10 16:18:22 [scrapy.middleware] INFO: Enabled extensions:
['scrapy.extensions.corestats.CoreStats',
 'scrapy.extensions.memusage.MemoryUsage',
 'scrapy.extensions.logstats.LogStats']
2019-06-10 16:18:22 [CommentPageUrlSpider] INFO: Reading start URLs from redis key 'NewsContent:start_urls' (batch size: 4, encoding: utf-8
2019-06-10 16:18:22 [scrapy.middleware] INFO: Enabled downloader middlewares:
['scrapy.downloadermiddlewares.robotstxt.RobotsTxtMiddleware',
 'scrapy.downloadermiddlewares.httpauth.HttpAuthMiddleware',
 'scrapy.downloadermiddlewares.downloadtimeout.DownloadTimeoutMiddleware',
 'scrapy.downloadermiddlewares.defaultheaders.DefaultHeadersMiddleware',
 'Guba.middlewares.RandomUserAgentMiddleware',
 'scrapy.downloadermiddlewares.retry.RetryMiddleware',
 'scrapy.downloadermiddlewares.redirect.MetaRefreshMiddleware',
 'scrapy.downloadermiddlewares.httpcompression.HttpCompressionMiddleware',
 'scrapy.downloadermiddlewares.redirect.RedirectMiddleware',
 'scrapy.downloadermiddlewares.cookies.CookiesMiddleware',
 'scrapy.downloadermiddlewares.httpproxy.HttpProxyMiddleware',
 'scrapy.downloadermiddlewares.stats.DownloaderStats']
2019-06-10 16:18:22 [scrapy.middleware] INFO: Enabled spider middlewares:
['scrapy.spidermiddlewares.httperror.HttpErrorMiddleware',
 'scrapy.spidermiddlewares.offsite.OffsiteMiddleware',
 'scrapy.spidermiddlewares.referer.RefererMiddleware',
 'scrapy.spidermiddlewares.urllength.UrlLengthMiddleware',
 'scrapy.spidermiddlewares.depth.DepthMiddleware']
2019-06-10 16:18:22 [scrapy.middleware] INFO: Enabled item pipelines:
['Guba.pipelines.GubaPipeline']
2019-06-10 16:18:22 [scrapy.core.engine] INFO: Spider opened
2019-06-10 16:18:22 [scrapy.extensions.logstats] INFO: Crawled 0 pages (at 0 pages/min), scraped 0 items (at 0 items/min)
2019-06-10 16:19:22 [scrapy.extensions.logstats] INFO: Crawled 23 pages (at 23 pages/min), scraped 291 items (at 291 items/min)
2019-06-10 16:20:22 [scrapy.extensions.logstats] INFO: Crawled 48 pages (at 25 pages/min), scraped 572 items (at 281 items/min)
2019-06-10 16:21:22 [scrapy.extensions.logstats] INFO: Crawled 73 pages (at 25 pages/min), scraped 624 items (at 52 items/min)
2019-06-10 16:22:22 [scrapy.extensions.logstats] INFO: Crawled 98 pages (at 25 pages/min), scraped 746 items (at 122 items/min)
2019-06-10 16:23:22 [scrapy.extensions.logstats] INFO: Crawled 122 pages (at 24 pages/min), scraped 860 items (at 114 items/min)
2019-06-10 16:24:22 [scrapy.extensions.logstats] INFO: Crawled 147 pages (at 25 pages/min), scraped 989 items (at 129 items/min)
2019-06-10 16:25:22 [scrapy.extensions.logstats] INFO: Crawled 172 pages (at 25 pages/min), scraped 1073 items (at 84 items/min)
2019-06-10 16:26:22 [scrapy.extensions.logstats] INFO: Crawled 197 pages (at 25 pages/min), scraped 1241 items (at 168 items/min)
2019-06-10 16:27:22 [scrapy.extensions.logstats] INFO: Crawled 223 pages (at 26 pages/min), scraped 1596 items (at 355 items/min)
2019-06-10 16:28:22 [scrapy.extensions.logstats] INFO: Crawled 247 pages (at 24 pages/min), scraped 1892 items (at 296 items/min)
2019-06-10 16:29:22 [scrapy.extensions.logstats] INFO: Crawled 271 pages (at 24 pages/min), scraped 1955 items (at 63 items/min)
2019-06-10 16:30:22 [scrapy.extensions.logstats] INFO: Crawled 297 pages (at 26 pages/min), scraped 2089 items (at 134 items/min)
2019-06-10 16:31:22 [scrapy.extensions.logstats] INFO: Crawled 320 pages (at 23 pages/min), scraped 2173 items (at 84 items/min)
2019-06-10 16:32:22 [scrapy.extensions.logstats] INFO: Crawled 344 pages (at 24 pages/min), scraped 2291 items (at 118 items/min)
2019-06-10 16:33:22 [scrapy.extensions.logstats] INFO: Crawled 368 pages (at 24 pages/min), scraped 2359 items (at 68 items/min)
2019-06-10 16:34:22 [scrapy.extensions.logstats] INFO: Crawled 393 pages (at 25 pages/min), scraped 2443 items (at 84 items/min)
2019-06-10 16:35:22 [scrapy.extensions.logstats] INFO: Crawled 419 pages (at 26 pages/min), scraped 2483 items (at 40 items/min)
2019-06-10 16:36:22 [scrapy.extensions.logstats] INFO: Crawled 441 pages (at 22 pages/min), scraped 2512 items (at 29 items/min)
2019-06-10 16:37:22 [scrapy.extensions.logstats] INFO: Crawled 467 pages (at 26 pages/min), scraped 2605 items (at 93 items/min)
2019-06-10 16:38:22 [scrapy.extensions.logstats] INFO: Crawled 492 pages (at 25 pages/min), scraped 2702 items (at 97 items/min)
2019-06-10 16:39:22 [scrapy.extensions.logstats] INFO: Crawled 517 pages (at 25 pages/min), scraped 2913 items (at 211 items/min)
2019-06-10 16:40:22 [scrapy.extensions.logstats] INFO: Crawled 542 pages (at 25 pages/min), scraped 3170 items (at 257 items/min)
2019-06-10 16:41:22 [scrapy.extensions.logstats] INFO: Crawled 568 pages (at 26 pages/min), scraped 3263 items (at 93 items/min)
2019-06-10 16:42:22 [scrapy.extensions.logstats] INFO: Crawled 593 pages (at 25 pages/min), scraped 3413 items (at 150 items/min)
2019-06-10 16:43:22 [scrapy.extensions.logstats] INFO: Crawled 618 pages (at 25 pages/min), scraped 3509 items (at 96 items/min)
2019-06-10 16:44:22 [scrapy.extensions.logstats] INFO: Crawled 641 pages (at 23 pages/min), scraped 3561 items (at 52 items/min)
2019-06-10 16:45:22 [scrapy.extensions.logstats] INFO: Crawled 665 pages (at 24 pages/min), scraped 3706 items (at 145 items/min)
2019-06-10 16:46:22 [scrapy.extensions.logstats] INFO: Crawled 690 pages (at 25 pages/min), scraped 3760 items (at 54 items/min)
2019-06-10 16:47:22 [scrapy.extensions.logstats] INFO: Crawled 714 pages (at 24 pages/min), scraped 3834 items (at 74 items/min)
2019-06-10 16:48:22 [scrapy.extensions.logstats] INFO: Crawled 736 pages (at 22 pages/min), scraped 3930 items (at 96 items/min)
2019-06-10 16:49:22 [scrapy.extensions.logstats] INFO: Crawled 760 pages (at 24 pages/min), scraped 3978 items (at 48 items/min)
2019-06-10 16:50:22 [scrapy.extensions.logstats] INFO: Crawled 783 pages (at 23 pages/min), scraped 4098 items (at 120 items/min)
2019-06-10 16:51:22 [scrapy.extensions.logstats] INFO: Crawled 807 pages (at 24 pages/min), scraped 4151 items (at 53 items/min)
2019-06-10 16:52:22 [scrapy.extensions.logstats] INFO: Crawled 832 pages (at 25 pages/min), scraped 4347 items (at 196 items/min)
2019-06-10 16:53:22 [scrapy.extensions.logstats] INFO: Crawled 858 pages (at 26 pages/min), scraped 4597 items (at 250 items/min)
2019-06-10 16:54:22 [scrapy.extensions.logstats] INFO: Crawled 883 pages (at 25 pages/min), scraped 4837 items (at 240 items/min)
2019-06-10 16:55:22 [scrapy.extensions.logstats] INFO: Crawled 906 pages (at 23 pages/min), scraped 4951 items (at 114 items/min)
2019-06-10 16:56:22 [scrapy.extensions.logstats] INFO: Crawled 930 pages (at 24 pages/min), scraped 5162 items (at 211 items/min)
2019-06-10 16:57:22 [scrapy.extensions.logstats] INFO: Crawled 955 pages (at 25 pages/min), scraped 5589 items (at 427 items/min)
2019-06-10 16:58:22 [scrapy.extensions.logstats] INFO: Crawled 980 pages (at 25 pages/min), scraped 5803 items (at 214 items/min)
2019-06-10 16:59:22 [scrapy.extensions.logstats] INFO: Crawled 1003 pages (at 23 pages/min), scraped 5901 items (at 98 items/min)
2019-06-10 17:00:22 [scrapy.extensions.logstats] INFO: Crawled 1026 pages (at 23 pages/min), scraped 5983 items (at 82 items/min)
2019-06-10 17:01:22 [scrapy.extensions.logstats] INFO: Crawled 1051 pages (at 25 pages/min), scraped 6057 items (at 74 items/min)
2019-06-10 17:02:22 [scrapy.extensions.logstats] INFO: Crawled 1076 pages (at 25 pages/min), scraped 6157 items (at 100 items/min)
2019-06-10 17:03:22 [scrapy.extensions.logstats] INFO: Crawled 1102 pages (at 26 pages/min), scraped 6231 items (at 74 items/min)
2019-06-10 17:04:06 [Guba.spiders.CommentPageUrlSpider] ERROR: http://guba.eastmoney.com/news,601678,633928195.html json 解析出错, 错误原因 Error 60 connecting to 120.***.***.***:6379. Operation timed out.
2019-06-10 17:04:22 [scrapy.extensions.logstats] INFO: Crawled 1123 pages (at 21 pages/min), scraped 6337 items (at 106 items/min)
2019-06-10 17:05:22 [scrapy.extensions.logstats] INFO: Crawled 1146 pages (at 23 pages/min), scraped 6489 items (at 152 items/min)
2019-06-10 17:06:22 [scrapy.extensions.logstats] INFO: Crawled 1170 pages (at 24 pages/min), scraped 6596 items (at 107 items/min)
2019-06-10 17:07:22 [scrapy.extensions.logstats] INFO: Crawled 1191 pages (at 21 pages/min), scraped 6908 items (at 312 items/min)
2019-06-10 17:08:22 [scrapy.extensions.logstats] INFO: Crawled 1215 pages (at 24 pages/min), scraped 7220 items (at 312 items/min)
2019-06-10 17:09:22 [scrapy.extensions.logstats] INFO: Crawled 1241 pages (at 26 pages/min), scraped 7430 items (at 210 items/min)
2019-06-10 17:10:22 [scrapy.extensions.logstats] INFO: Crawled 1264 pages (at 23 pages/min), scraped 7735 items (at 305 items/min)
2019-06-10 17:11:22 [scrapy.extensions.logstats] INFO: Crawled 1290 pages (at 26 pages/min), scraped 7949 items (at 214 items/min)
2019-06-10 17:12:22 [scrapy.extensions.logstats] INFO: Crawled 1314 pages (at 24 pages/min), scraped 8103 items (at 154 items/min)
2019-06-10 17:13:22 [scrapy.extensions.logstats] INFO: Crawled 1338 pages (at 24 pages/min), scraped 8297 items (at 194 items/min)
2019-06-10 17:14:22 [scrapy.extensions.logstats] INFO: Crawled 1362 pages (at 24 pages/min), scraped 8635 items (at 338 items/min)
2019-06-10 17:15:22 [scrapy.extensions.logstats] INFO: Crawled 1386 pages (at 24 pages/min), scraped 8945 items (at 310 items/min)
2019-06-10 17:16:22 [scrapy.extensions.logstats] INFO: Crawled 1410 pages (at 24 pages/min), scraped 9327 items (at 382 items/min)
2019-06-10 17:17:22 [scrapy.extensions.logstats] INFO: Crawled 1433 pages (at 23 pages/min), scraped 9501 items (at 174 items/min)
2019-06-10 17:18:22 [scrapy.extensions.logstats] INFO: Crawled 1459 pages (at 26 pages/min), scraped 9783 items (at 282 items/min)
2019-06-10 17:19:22 [scrapy.extensions.logstats] INFO: Crawled 1483 pages (at 24 pages/min), scraped 10274 items (at 491 items/min)
2019-06-10 17:20:22 [scrapy.extensions.logstats] INFO: Crawled 1505 pages (at 22 pages/min), scraped 10377 items (at 103 items/min)
2019-06-10 17:21:22 [scrapy.extensions.logstats] INFO: Crawled 1528 pages (at 23 pages/min), scraped 10464 items (at 87 items/min)
2019-06-10 17:22:22 [scrapy.extensions.logstats] INFO: Crawled 1551 pages (at 23 pages/min), scraped 10535 items (at 71 items/min)
2019-06-10 17:23:22 [scrapy.extensions.logstats] INFO: Crawled 1574 pages (at 23 pages/min), scraped 10581 items (at 46 items/min)
2019-06-10 17:24:22 [scrapy.extensions.logstats] INFO: Crawled 1597 pages (at 23 pages/min), scraped 10698 items (at 117 items/min)
2019-06-10 17:25:22 [scrapy.extensions.logstats] INFO: Crawled 1621 pages (at 24 pages/min), scraped 10742 items (at 44 items/min)
2019-06-10 17:26:22 [scrapy.extensions.logstats] INFO: Crawled 1645 pages (at 24 pages/min), scraped 10904 items (at 162 items/min)
2019-06-10 17:27:22 [scrapy.extensions.logstats] INFO: Crawled 1670 pages (at 25 pages/min), scraped 11088 items (at 184 items/min)
2019-06-10 17:28:22 [scrapy.extensions.logstats] INFO: Crawled 1695 pages (at 25 pages/min), scraped 11209 items (at 121 items/min)
2019-06-10 17:29:22 [scrapy.extensions.logstats] INFO: Crawled 1719 pages (at 24 pages/min), scraped 11444 items (at 235 items/min)
2019-06-10 17:30:22 [scrapy.extensions.logstats] INFO: Crawled 1743 pages (at 24 pages/min), scraped 11533 items (at 89 items/min)
2019-06-10 17:31:22 [scrapy.extensions.logstats] INFO: Crawled 1768 pages (at 25 pages/min), scraped 11744 items (at 211 items/min)
2019-06-10 17:32:22 [scrapy.extensions.logstats] INFO: Crawled 1792 pages (at 24 pages/min), scraped 11885 items (at 141 items/min)
2019-06-10 17:33:22 [scrapy.extensions.logstats] INFO: Crawled 1815 pages (at 23 pages/min), scraped 11999 items (at 114 items/min)
2019-06-10 17:34:22 [scrapy.extensions.logstats] INFO: Crawled 1840 pages (at 25 pages/min), scraped 12189 items (at 190 items/min)
2019-06-10 17:35:22 [scrapy.extensions.logstats] INFO: Crawled 1865 pages (at 25 pages/min), scraped 12297 items (at 108 items/min)
2019-06-10 17:36:22 [scrapy.extensions.logstats] INFO: Crawled 1889 pages (at 24 pages/min), scraped 12424 items (at 127 items/min)
2019-06-10 17:37:22 [scrapy.extensions.logstats] INFO: Crawled 1915 pages (at 26 pages/min), scraped 12493 items (at 69 items/min)
2019-06-10 17:38:22 [scrapy.extensions.logstats] INFO: Crawled 1940 pages (at 25 pages/min), scraped 12561 items (at 68 items/min)
2019-06-10 17:39:22 [scrapy.extensions.logstats] INFO: Crawled 1965 pages (at 25 pages/min), scraped 12651 items (at 90 items/min)
2019-06-10 17:40:22 [scrapy.extensions.logstats] INFO: Crawled 1989 pages (at 24 pages/min), scraped 12802 items (at 151 items/min)
2019-06-10 17:41:22 [scrapy.extensions.logstats] INFO: Crawled 2015 pages (at 26 pages/min), scraped 12970 items (at 168 items/min)
2019-06-10 17:42:22 [scrapy.extensions.logstats] INFO: Crawled 2040 pages (at 25 pages/min), scraped 13199 items (at 229 items/min)
2019-06-10 17:43:22 [scrapy.extensions.logstats] INFO: Crawled 2063 pages (at 23 pages/min), scraped 13345 items (at 146 items/min)
2019-06-10 17:44:22 [scrapy.extensions.logstats] INFO: Crawled 2089 pages (at 26 pages/min), scraped 13435 items (at 90 items/min)
2019-06-10 17:45:22 [scrapy.extensions.logstats] INFO: Crawled 2114 pages (at 25 pages/min), scraped 13509 items (at 74 items/min)
2019-06-10 17:46:22 [scrapy.extensions.logstats] INFO: Crawled 2138 pages (at 24 pages/min), scraped 13541 items (at 32 items/min)
2019-06-10 17:47:22 [scrapy.extensions.logstats] INFO: Crawled 2162 pages (at 24 pages/min), scraped 13755 items (at 214 items/min)
2019-06-10 17:48:22 [scrapy.extensions.logstats] INFO: Crawled 2186 pages (at 24 pages/min), scraped 14028 items (at 273 items/min)
2019-06-10 17:49:22 [scrapy.extensions.logstats] INFO: Crawled 2211 pages (at 25 pages/min), scraped 14301 items (at 273 items/min)
2019-06-10 17:50:22 [scrapy.extensions.logstats] INFO: Crawled 2235 pages (at 24 pages/min), scraped 14401 items (at 100 items/min)
2019-06-10 17:51:22 [scrapy.extensions.logstats] INFO: Crawled 2261 pages (at 26 pages/min), scraped 14684 items (at 283 items/min)
2019-06-10 17:52:22 [scrapy.extensions.logstats] INFO: Crawled 2286 pages (at 25 pages/min), scraped 14950 items (at 266 items/min)
2019-06-10 17:53:22 [scrapy.extensions.logstats] INFO: Crawled 2311 pages (at 25 pages/min), scraped 14992 items (at 42 items/min)
2019-06-10 17:54:22 [scrapy.extensions.logstats] INFO: Crawled 2336 pages (at 25 pages/min), scraped 15245 items (at 253 items/min)
2019-06-10 17:55:22 [scrapy.extensions.logstats] INFO: Crawled 2361 pages (at 25 pages/min), scraped 15538 items (at 293 items/min)
2019-06-10 17:56:22 [scrapy.extensions.logstats] INFO: Crawled 2385 pages (at 24 pages/min), scraped 15685 items (at 147 items/min)
2019-06-10 17:57:22 [scrapy.extensions.logstats] INFO: Crawled 2410 pages (at 25 pages/min), scraped 15902 items (at 217 items/min)
2019-06-10 17:58:22 [scrapy.extensions.logstats] INFO: Crawled 2434 pages (at 24 pages/min), scraped 15937 items (at 35 items/min)
2019-06-10 17:59:22 [scrapy.extensions.logstats] INFO: Crawled 2458 pages (at 24 pages/min), scraped 16033 items (at 96 items/min)
2019-06-10 18:00:22 [scrapy.extensions.logstats] INFO: Crawled 2484 pages (at 26 pages/min), scraped 16185 items (at 152 items/min)
2019-06-10 18:01:22 [scrapy.extensions.logstats] INFO: Crawled 2507 pages (at 23 pages/min), scraped 16321 items (at 136 items/min)
2019-06-10 18:02:22 [scrapy.extensions.logstats] INFO: Crawled 2532 pages (at 25 pages/min), scraped 16450 items (at 129 items/min)
2019-06-10 18:03:22 [scrapy.extensions.logstats] INFO: Crawled 2557 pages (at 25 pages/min), scraped 16525 items (at 75 items/min)
2019-06-10 18:04:22 [scrapy.extensions.logstats] INFO: Crawled 2581 pages (at 24 pages/min), scraped 16640 items (at 115 items/min)
2019-06-10 18:05:22 [scrapy.extensions.logstats] INFO: Crawled 2604 pages (at 23 pages/min), scraped 16827 items (at 187 items/min)
2019-06-10 18:06:22 [scrapy.extensions.logstats] INFO: Crawled 2628 pages (at 24 pages/min), scraped 16925 items (at 98 items/min)
2019-06-10 18:07:22 [scrapy.extensions.logstats] INFO: Crawled 2651 pages (at 23 pages/min), scraped 17029 items (at 104 items/min)
2019-06-10 18:08:22 [scrapy.extensions.logstats] INFO: Crawled 2674 pages (at 23 pages/min), scraped 17069 items (at 40 items/min)
2019-06-10 18:09:22 [scrapy.extensions.logstats] INFO: Crawled 2698 pages (at 24 pages/min), scraped 17112 items (at 43 items/min)
2019-06-10 18:10:22 [scrapy.extensions.logstats] INFO: Crawled 2723 pages (at 25 pages/min), scraped 17246 items (at 134 items/min)
2019-06-10 18:11:22 [scrapy.extensions.logstats] INFO: Crawled 2746 pages (at 23 pages/min), scraped 17344 items (at 98 items/min)
2019-06-10 18:12:22 [scrapy.extensions.logstats] INFO: Crawled 2771 pages (at 25 pages/min), scraped 17507 items (at 163 items/min)
2019-06-10 18:13:22 [scrapy.extensions.logstats] INFO: Crawled 2797 pages (at 26 pages/min), scraped 17619 items (at 112 items/min)
2019-06-10 18:14:22 [scrapy.extensions.logstats] INFO: Crawled 2821 pages (at 24 pages/min), scraped 17867 items (at 248 items/min)
2019-06-10 18:15:22 [scrapy.extensions.logstats] INFO: Crawled 2846 pages (at 25 pages/min), scraped 18106 items (at 239 items/min)
2019-06-10 18:16:22 [scrapy.extensions.logstats] INFO: Crawled 2871 pages (at 25 pages/min), scraped 18376 items (at 270 items/min)
2019-06-10 18:17:22 [scrapy.extensions.logstats] INFO: Crawled 2895 pages (at 24 pages/min), scraped 18529 items (at 153 items/min)
2019-06-10 18:18:22 [scrapy.extensions.logstats] INFO: Crawled 2920 pages (at 25 pages/min), scraped 18678 items (at 149 items/min)
2019-06-10 18:19:22 [scrapy.extensions.logstats] INFO: Crawled 2944 pages (at 24 pages/min), scraped 18740 items (at 62 items/min)
2019-06-10 18:20:22 [scrapy.extensions.logstats] INFO: Crawled 2970 pages (at 26 pages/min), scraped 19015 items (at 275 items/min)
2019-06-10 18:21:22 [scrapy.extensions.logstats] INFO: Crawled 2994 pages (at 24 pages/min), scraped 19087 items (at 72 items/min)
2019-06-10 18:22:22 [scrapy.extensions.logstats] INFO: Crawled 3019 pages (at 25 pages/min), scraped 19198 items (at 111 items/min)
2019-06-10 18:23:22 [scrapy.extensions.logstats] INFO: Crawled 3042 pages (at 23 pages/min), scraped 19288 items (at 90 items/min)
2019-06-10 18:24:22 [scrapy.extensions.logstats] INFO: Crawled 3066 pages (at 24 pages/min), scraped 19392 items (at 104 items/min)
2019-06-10 18:25:22 [scrapy.extensions.logstats] INFO: Crawled 3088 pages (at 22 pages/min), scraped 19477 items (at 85 items/min)
2019-06-10 18:26:22 [scrapy.extensions.logstats] INFO: Crawled 3113 pages (at 25 pages/min), scraped 19558 items (at 81 items/min)
2019-06-10 18:27:22 [scrapy.extensions.logstats] INFO: Crawled 3139 pages (at 26 pages/min), scraped 19781 items (at 223 items/min)
2019-06-10 18:28:22 [scrapy.extensions.logstats] INFO: Crawled 3163 pages (at 24 pages/min), scraped 19948 items (at 167 items/min)
2019-06-10 18:29:22 [scrapy.extensions.logstats] INFO: Crawled 3187 pages (at 24 pages/min), scraped 20257 items (at 309 items/min)
2019-06-10 18:30:22 [scrapy.extensions.logstats] INFO: Crawled 3213 pages (at 26 pages/min), scraped 20690 items (at 433 items/min)
2019-06-10 18:31:22 [scrapy.extensions.logstats] INFO: Crawled 3237 pages (at 24 pages/min), scraped 20912 items (at 222 items/min)
2019-06-10 18:32:22 [scrapy.extensions.logstats] INFO: Crawled 3262 pages (at 25 pages/min), scraped 21084 items (at 172 items/min)
2019-06-10 18:33:22 [scrapy.extensions.logstats] INFO: Crawled 3286 pages (at 24 pages/min), scraped 21217 items (at 133 items/min)
2019-06-10 18:34:22 [scrapy.extensions.logstats] INFO: Crawled 3310 pages (at 24 pages/min), scraped 21315 items (at 98 items/min)
2019-06-10 18:35:22 [scrapy.extensions.logstats] INFO: Crawled 3334 pages (at 24 pages/min), scraped 21452 items (at 137 items/min)
2019-06-10 18:36:22 [scrapy.extensions.logstats] INFO: Crawled 3358 pages (at 24 pages/min), scraped 21585 items (at 133 items/min)
2019-06-10 18:37:22 [scrapy.extensions.logstats] INFO: Crawled 3383 pages (at 25 pages/min), scraped 21881 items (at 296 items/min)
2019-06-10 18:38:22 [scrapy.extensions.logstats] INFO: Crawled 3409 pages (at 26 pages/min), scraped 22327 items (at 446 items/min)
2019-06-10 18:39:22 [scrapy.extensions.logstats] INFO: Crawled 3433 pages (at 24 pages/min), scraped 22527 items (at 200 items/min)
2019-06-10 18:40:22 [scrapy.extensions.logstats] INFO: Crawled 3458 pages (at 25 pages/min), scraped 22673 items (at 146 items/min)
2019-06-10 18:41:22 [scrapy.extensions.logstats] INFO: Crawled 3483 pages (at 25 pages/min), scraped 22827 items (at 154 items/min)
2019-06-10 18:42:22 [scrapy.extensions.logstats] INFO: Crawled 3506 pages (at 23 pages/min), scraped 22940 items (at 113 items/min)
2019-06-10 18:43:22 [scrapy.extensions.logstats] INFO: Crawled 3531 pages (at 25 pages/min), scraped 23074 items (at 134 items/min)
2019-06-10 18:44:22 [scrapy.extensions.logstats] INFO: Crawled 3554 pages (at 23 pages/min), scraped 23138 items (at 64 items/min)
2019-06-10 18:45:22 [scrapy.extensions.logstats] INFO: Crawled 3578 pages (at 24 pages/min), scraped 23266 items (at 128 items/min)
2019-06-10 18:46:22 [scrapy.extensions.logstats] INFO: Crawled 3601 pages (at 23 pages/min), scraped 23468 items (at 202 items/min)
2019-06-10 18:47:22 [scrapy.extensions.logstats] INFO: Crawled 3626 pages (at 25 pages/min), scraped 23604 items (at 136 items/min)
2019-06-10 18:48:22 [scrapy.extensions.logstats] INFO: Crawled 3650 pages (at 24 pages/min), scraped 23783 items (at 179 items/min)
2019-06-10 18:49:22 [scrapy.extensions.logstats] INFO: Crawled 3674 pages (at 24 pages/min), scraped 23929 items (at 146 items/min)
2019-06-10 18:50:22 [scrapy.extensions.logstats] INFO: Crawled 3699 pages (at 25 pages/min), scraped 24100 items (at 171 items/min)
2019-06-10 18:51:22 [scrapy.extensions.logstats] INFO: Crawled 3723 pages (at 24 pages/min), scraped 24204 items (at 104 items/min)
2019-06-10 18:52:22 [scrapy.extensions.logstats] INFO: Crawled 3747 pages (at 24 pages/min), scraped 24418 items (at 214 items/min)
2019-06-10 18:53:22 [scrapy.extensions.logstats] INFO: Crawled 3771 pages (at 24 pages/min), scraped 24483 items (at 65 items/min)
2019-06-10 18:54:22 [scrapy.extensions.logstats] INFO: Crawled 3796 pages (at 25 pages/min), scraped 24784 items (at 301 items/min)
2019-06-10 18:55:22 [scrapy.extensions.logstats] INFO: Crawled 3820 pages (at 24 pages/min), scraped 24992 items (at 208 items/min)
2019-06-10 18:56:22 [scrapy.extensions.logstats] INFO: Crawled 3843 pages (at 23 pages/min), scraped 25130 items (at 138 items/min)
2019-06-10 18:57:22 [scrapy.extensions.logstats] INFO: Crawled 3866 pages (at 23 pages/min), scraped 25358 items (at 228 items/min)
2019-06-10 18:58:22 [scrapy.extensions.logstats] INFO: Crawled 3891 pages (at 25 pages/min), scraped 25778 items (at 420 items/min)
2019-06-10 18:59:22 [scrapy.extensions.logstats] INFO: Crawled 3918 pages (at 27 pages/min), scraped 25843 items (at 65 items/min)
2019-06-10 19:00:22 [scrapy.extensions.logstats] INFO: Crawled 3944 pages (at 26 pages/min), scraped 25957 items (at 114 items/min)
2019-06-10 19:01:22 [scrapy.extensions.logstats] INFO: Crawled 3968 pages (at 24 pages/min), scraped 26024 items (at 67 items/min)
2019-06-10 19:02:22 [scrapy.extensions.logstats] INFO: Crawled 3993 pages (at 25 pages/min), scraped 26071 items (at 47 items/min)
2019-06-10 19:03:22 [scrapy.extensions.logstats] INFO: Crawled 4017 pages (at 24 pages/min), scraped 26247 items (at 176 items/min)
2019-06-10 19:04:22 [scrapy.extensions.logstats] INFO: Crawled 4042 pages (at 25 pages/min), scraped 26295 items (at 48 items/min)
2019-06-10 19:05:22 [scrapy.extensions.logstats] INFO: Crawled 4067 pages (at 25 pages/min), scraped 26470 items (at 175 items/min)
2019-06-10 19:06:22 [scrapy.extensions.logstats] INFO: Crawled 4090 pages (at 23 pages/min), scraped 26770 items (at 300 items/min)
2019-06-10 19:07:22 [scrapy.extensions.logstats] INFO: Crawled 4116 pages (at 26 pages/min), scraped 26941 items (at 171 items/min)
2019-06-10 19:08:22 [scrapy.extensions.logstats] INFO: Crawled 4140 pages (at 24 pages/min), scraped 27254 items (at 313 items/min)
2019-06-10 19:09:22 [scrapy.extensions.logstats] INFO: Crawled 4166 pages (at 26 pages/min), scraped 27584 items (at 330 items/min)
2019-06-10 19:10:22 [scrapy.extensions.logstats] INFO: Crawled 4190 pages (at 24 pages/min), scraped 27712 items (at 128 items/min)
2019-06-10 19:11:22 [scrapy.extensions.logstats] INFO: Crawled 4215 pages (at 25 pages/min), scraped 27868 items (at 156 items/min)
2019-06-10 19:12:22 [scrapy.extensions.logstats] INFO: Crawled 4240 pages (at 25 pages/min), scraped 28029 items (at 161 items/min)
2019-06-10 19:13:22 [scrapy.extensions.logstats] INFO: Crawled 4266 pages (at 26 pages/min), scraped 28230 items (at 201 items/min)
2019-06-10 19:14:22 [scrapy.extensions.logstats] INFO: Crawled 4292 pages (at 26 pages/min), scraped 28261 items (at 31 items/min)
2019-06-10 19:15:22 [scrapy.extensions.logstats] INFO: Crawled 4317 pages (at 25 pages/min), scraped 28330 items (at 69 items/min)
2019-06-10 19:16:22 [scrapy.extensions.logstats] INFO: Crawled 4339 pages (at 22 pages/min), scraped 28394 items (at 64 items/min)
2019-06-10 19:17:22 [scrapy.extensions.logstats] INFO: Crawled 4363 pages (at 24 pages/min), scraped 28453 items (at 59 items/min)
2019-06-10 19:18:22 [scrapy.extensions.logstats] INFO: Crawled 4387 pages (at 24 pages/min), scraped 28896 items (at 443 items/min)
2019-06-10 19:19:22 [scrapy.extensions.logstats] INFO: Crawled 4412 pages (at 25 pages/min), scraped 29046 items (at 150 items/min)
2019-06-10 19:20:22 [scrapy.extensions.logstats] INFO: Crawled 4435 pages (at 23 pages/min), scraped 29233 items (at 187 items/min)
2019-06-10 19:21:22 [scrapy.extensions.logstats] INFO: Crawled 4457 pages (at 22 pages/min), scraped 29906 items (at 673 items/min)
2019-06-10 19:22:22 [scrapy.extensions.logstats] INFO: Crawled 4483 pages (at 26 pages/min), scraped 30160 items (at 254 items/min)
2019-06-10 19:23:22 [scrapy.extensions.logstats] INFO: Crawled 4506 pages (at 23 pages/min), scraped 30219 items (at 59 items/min)
2019-06-10 19:24:22 [scrapy.extensions.logstats] INFO: Crawled 4531 pages (at 25 pages/min), scraped 30323 items (at 104 items/min)
2019-06-10 19:25:22 [scrapy.extensions.logstats] INFO: Crawled 4553 pages (at 22 pages/min), scraped 30388 items (at 65 items/min)
2019-06-10 19:26:22 [scrapy.extensions.logstats] INFO: Crawled 4578 pages (at 25 pages/min), scraped 30479 items (at 91 items/min)
2019-06-10 19:27:22 [scrapy.extensions.logstats] INFO: Crawled 4602 pages (at 24 pages/min), scraped 30578 items (at 99 items/min)
2019-06-10 19:28:22 [scrapy.extensions.logstats] INFO: Crawled 4625 pages (at 23 pages/min), scraped 30670 items (at 92 items/min)
2019-06-10 19:29:22 [scrapy.extensions.logstats] INFO: Crawled 4649 pages (at 24 pages/min), scraped 30829 items (at 159 items/min)
2019-06-10 19:30:22 [scrapy.extensions.logstats] INFO: Crawled 4671 pages (at 22 pages/min), scraped 30890 items (at 61 items/min)
2019-06-10 19:31:22 [scrapy.extensions.logstats] INFO: Crawled 4694 pages (at 23 pages/min), scraped 30995 items (at 105 items/min)
2019-06-10 19:32:22 [scrapy.extensions.logstats] INFO: Crawled 4718 pages (at 24 pages/min), scraped 31027 items (at 32 items/min)
2019-06-10 19:33:22 [scrapy.extensions.logstats] INFO: Crawled 4745 pages (at 27 pages/min), scraped 31185 items (at 158 items/min)
2019-06-10 19:34:22 [scrapy.extensions.logstats] INFO: Crawled 4770 pages (at 25 pages/min), scraped 31243 items (at 58 items/min)
2019-06-10 19:35:22 [scrapy.extensions.logstats] INFO: Crawled 4795 pages (at 25 pages/min), scraped 31342 items (at 99 items/min)
2019-06-10 19:36:22 [scrapy.extensions.logstats] INFO: Crawled 4818 pages (at 23 pages/min), scraped 31560 items (at 218 items/min)
2019-06-10 19:37:22 [scrapy.extensions.logstats] INFO: Crawled 4843 pages (at 25 pages/min), scraped 31788 items (at 228 items/min)
2019-06-10 19:38:22 [scrapy.extensions.logstats] INFO: Crawled 4868 pages (at 25 pages/min), scraped 31934 items (at 146 items/min)
2019-06-10 19:39:22 [scrapy.extensions.logstats] INFO: Crawled 4893 pages (at 25 pages/min), scraped 32339 items (at 405 items/min)
2019-06-10 19:40:22 [scrapy.extensions.logstats] INFO: Crawled 4919 pages (at 26 pages/min), scraped 32427 items (at 88 items/min)
2019-06-10 19:41:22 [scrapy.extensions.logstats] INFO: Crawled 4943 pages (at 24 pages/min), scraped 32711 items (at 284 items/min)
2019-06-10 19:42:22 [scrapy.extensions.logstats] INFO: Crawled 4967 pages (at 24 pages/min), scraped 33126 items (at 415 items/min)
2019-06-10 19:43:22 [scrapy.extensions.logstats] INFO: Crawled 4992 pages (at 25 pages/min), scraped 33351 items (at 225 items/min)
2019-06-10 19:44:22 [scrapy.extensions.logstats] INFO: Crawled 5016 pages (at 24 pages/min), scraped 33693 items (at 342 items/min)
2019-06-10 19:45:22 [scrapy.extensions.logstats] INFO: Crawled 5039 pages (at 23 pages/min), scraped 33963 items (at 270 items/min)
2019-06-10 19:46:22 [scrapy.extensions.logstats] INFO: Crawled 5065 pages (at 26 pages/min), scraped 34191 items (at 228 items/min)
2019-06-10 19:47:22 [scrapy.extensions.logstats] INFO: Crawled 5090 pages (at 25 pages/min), scraped 34390 items (at 199 items/min)
2019-06-10 19:48:22 [scrapy.extensions.logstats] INFO: Crawled 5115 pages (at 25 pages/min), scraped 34538 items (at 148 items/min)
2019-06-10 19:49:22 [scrapy.extensions.logstats] INFO: Crawled 5137 pages (at 22 pages/min), scraped 34668 items (at 130 items/min)
2019-06-10 19:50:22 [scrapy.extensions.logstats] INFO: Crawled 5160 pages (at 23 pages/min), scraped 34871 items (at 203 items/min)
2019-06-10 19:51:22 [scrapy.extensions.logstats] INFO: Crawled 5184 pages (at 24 pages/min), scraped 35198 items (at 327 items/min)
2019-06-10 19:52:22 [scrapy.extensions.logstats] INFO: Crawled 5210 pages (at 26 pages/min), scraped 35522 items (at 324 items/min)
2019-06-10 19:53:22 [scrapy.extensions.logstats] INFO: Crawled 5235 pages (at 25 pages/min), scraped 35784 items (at 262 items/min)
2019-06-10 19:54:22 [scrapy.extensions.logstats] INFO: Crawled 5259 pages (at 24 pages/min), scraped 35915 items (at 131 items/min)
2019-06-10 19:55:22 [scrapy.extensions.logstats] INFO: Crawled 5285 pages (at 26 pages/min), scraped 36220 items (at 305 items/min)
2019-06-10 19:56:22 [scrapy.extensions.logstats] INFO: Crawled 5309 pages (at 24 pages/min), scraped 36341 items (at 121 items/min)
2019-06-10 19:57:22 [scrapy.extensions.logstats] INFO: Crawled 5334 pages (at 25 pages/min), scraped 36468 items (at 127 items/min)
2019-06-10 19:58:22 [scrapy.extensions.logstats] INFO: Crawled 5358 pages (at 24 pages/min), scraped 36499 items (at 31 items/min)
2019-06-10 19:59:22 [scrapy.extensions.logstats] INFO: Crawled 5383 pages (at 25 pages/min), scraped 36605 items (at 106 items/min)
2019-06-10 20:00:22 [scrapy.extensions.logstats] INFO: Crawled 5409 pages (at 26 pages/min), scraped 36674 items (at 69 items/min)
2019-06-10 20:01:22 [scrapy.extensions.logstats] INFO: Crawled 5434 pages (at 25 pages/min), scraped 36866 items (at 192 items/min)
2019-06-10 20:02:22 [scrapy.extensions.logstats] INFO: Crawled 5458 pages (at 24 pages/min), scraped 36990 items (at 124 items/min)
2019-06-10 20:03:22 [scrapy.extensions.logstats] INFO: Crawled 5483 pages (at 25 pages/min), scraped 37239 items (at 249 items/min)
2019-06-10 20:04:22 [scrapy.extensions.logstats] INFO: Crawled 5509 pages (at 26 pages/min), scraped 37380 items (at 141 items/min)
2019-06-10 20:05:22 [scrapy.extensions.logstats] INFO: Crawled 5534 pages (at 25 pages/min), scraped 37617 items (at 237 items/min)
2019-06-10 20:06:22 [scrapy.extensions.logstats] INFO: Crawled 5560 pages (at 26 pages/min), scraped 37805 items (at 188 items/min)
2019-06-10 20:07:22 [scrapy.extensions.logstats] INFO: Crawled 5585 pages (at 25 pages/min), scraped 38065 items (at 260 items/min)
2019-06-10 20:08:22 [scrapy.extensions.logstats] INFO: Crawled 5609 pages (at 24 pages/min), scraped 38234 items (at 169 items/min)
2019-06-10 20:09:22 [scrapy.extensions.logstats] INFO: Crawled 5633 pages (at 24 pages/min), scraped 38366 items (at 132 items/min)
2019-06-10 20:10:22 [scrapy.extensions.logstats] INFO: Crawled 5657 pages (at 24 pages/min), scraped 38561 items (at 195 items/min)
2019-06-10 20:11:22 [scrapy.extensions.logstats] INFO: Crawled 5681 pages (at 24 pages/min), scraped 38668 items (at 107 items/min)
2019-06-10 20:12:22 [scrapy.extensions.logstats] INFO: Crawled 5707 pages (at 26 pages/min), scraped 38800 items (at 132 items/min)
2019-06-10 20:13:22 [scrapy.extensions.logstats] INFO: Crawled 5731 pages (at 24 pages/min), scraped 38996 items (at 196 items/min)
2019-06-10 20:14:22 [scrapy.extensions.logstats] INFO: Crawled 5757 pages (at 26 pages/min), scraped 39066 items (at 70 items/min)
2019-06-10 20:15:22 [scrapy.extensions.logstats] INFO: Crawled 5780 pages (at 23 pages/min), scraped 39129 items (at 63 items/min)
2019-06-10 20:16:22 [scrapy.extensions.logstats] INFO: Crawled 5804 pages (at 24 pages/min), scraped 39333 items (at 204 items/min)
2019-06-10 20:17:22 [scrapy.extensions.logstats] INFO: Crawled 5829 pages (at 25 pages/min), scraped 39421 items (at 88 items/min)
2019-06-10 20:18:22 [scrapy.extensions.logstats] INFO: Crawled 5852 pages (at 23 pages/min), scraped 39484 items (at 63 items/min)
2019-06-10 20:19:22 [scrapy.extensions.logstats] INFO: Crawled 5876 pages (at 24 pages/min), scraped 39527 items (at 43 items/min)
2019-06-10 20:20:22 [scrapy.extensions.logstats] INFO: Crawled 5902 pages (at 26 pages/min), scraped 39588 items (at 61 items/min)
2019-06-10 20:21:22 [scrapy.extensions.logstats] INFO: Crawled 5926 pages (at 24 pages/min), scraped 39668 items (at 80 items/min)
2019-06-10 20:22:22 [scrapy.extensions.logstats] INFO: Crawled 5949 pages (at 23 pages/min), scraped 39853 items (at 185 items/min)
2019-06-10 20:23:22 [scrapy.extensions.logstats] INFO: Crawled 5976 pages (at 27 pages/min), scraped 39935 items (at 82 items/min)
2019-06-10 20:24:22 [scrapy.extensions.logstats] INFO: Crawled 6000 pages (at 24 pages/min), scraped 40048 items (at 113 items/min)
2019-06-10 20:25:22 [scrapy.extensions.logstats] INFO: Crawled 6028 pages (at 28 pages/min), scraped 40109 items (at 61 items/min)
2019-06-10 20:26:22 [scrapy.extensions.logstats] INFO: Crawled 6051 pages (at 23 pages/min), scraped 40175 items (at 66 items/min)
2019-06-10 20:27:22 [scrapy.extensions.logstats] INFO: Crawled 6075 pages (at 24 pages/min), scraped 40208 items (at 33 items/min)
2019-06-10 20:28:22 [scrapy.extensions.logstats] INFO: Crawled 6100 pages (at 25 pages/min), scraped 40259 items (at 51 items/min)
2019-06-10 20:29:22 [scrapy.extensions.logstats] INFO: Crawled 6124 pages (at 24 pages/min), scraped 40346 items (at 87 items/min)
2019-06-10 20:30:22 [scrapy.extensions.logstats] INFO: Crawled 6148 pages (at 24 pages/min), scraped 40476 items (at 130 items/min)
2019-06-10 20:31:22 [scrapy.extensions.logstats] INFO: Crawled 6173 pages (at 25 pages/min), scraped 40750 items (at 274 items/min)
2019-06-10 20:32:22 [scrapy.extensions.logstats] INFO: Crawled 6196 pages (at 23 pages/min), scraped 40819 items (at 69 items/min)
2019-06-10 20:33:22 [scrapy.extensions.logstats] INFO: Crawled 6223 pages (at 27 pages/min), scraped 40893 items (at 74 items/min)
2019-06-10 20:34:22 [scrapy.extensions.logstats] INFO: Crawled 6248 pages (at 25 pages/min), scraped 40970 items (at 77 items/min)
2019-06-10 20:35:22 [scrapy.extensions.logstats] INFO: Crawled 6271 pages (at 23 pages/min), scraped 41088 items (at 118 items/min)
2019-06-10 20:36:22 [scrapy.extensions.logstats] INFO: Crawled 6295 pages (at 24 pages/min), scraped 41308 items (at 220 items/min)
2019-06-10 20:37:22 [scrapy.extensions.logstats] INFO: Crawled 6320 pages (at 25 pages/min), scraped 41396 items (at 88 items/min)
2019-06-10 20:38:22 [scrapy.extensions.logstats] INFO: Crawled 6345 pages (at 25 pages/min), scraped 41436 items (at 40 items/min)
2019-06-10 20:39:22 [scrapy.extensions.logstats] INFO: Crawled 6369 pages (at 24 pages/min), scraped 41506 items (at 70 items/min)
2019-06-10 20:40:22 [scrapy.extensions.logstats] INFO: Crawled 6394 pages (at 25 pages/min), scraped 41539 items (at 33 items/min)
2019-06-10 20:41:22 [scrapy.extensions.logstats] INFO: Crawled 6418 pages (at 24 pages/min), scraped 41681 items (at 142 items/min)
2019-06-10 20:42:22 [scrapy.extensions.logstats] INFO: Crawled 6443 pages (at 25 pages/min), scraped 41772 items (at 91 items/min)
2019-06-10 20:43:22 [scrapy.extensions.logstats] INFO: Crawled 6468 pages (at 25 pages/min), scraped 41982 items (at 210 items/min)
2019-06-10 20:44:22 [scrapy.extensions.logstats] INFO: Crawled 6493 pages (at 25 pages/min), scraped 42073 items (at 91 items/min)
2019-06-10 20:45:22 [scrapy.extensions.logstats] INFO: Crawled 6519 pages (at 26 pages/min), scraped 42237 items (at 164 items/min)
2019-06-10 20:46:22 [scrapy.extensions.logstats] INFO: Crawled 6543 pages (at 24 pages/min), scraped 42567 items (at 330 items/min)
2019-06-10 20:47:22 [scrapy.extensions.logstats] INFO: Crawled 6568 pages (at 25 pages/min), scraped 42875 items (at 308 items/min)
2019-06-10 20:48:22 [scrapy.extensions.logstats] INFO: Crawled 6591 pages (at 23 pages/min), scraped 43015 items (at 140 items/min)
2019-06-10 20:49:22 [scrapy.extensions.logstats] INFO: Crawled 6616 pages (at 25 pages/min), scraped 43237 items (at 222 items/min)
2019-06-10 20:50:22 [scrapy.extensions.logstats] INFO: Crawled 6639 pages (at 23 pages/min), scraped 43394 items (at 157 items/min)
2019-06-10 20:51:22 [scrapy.extensions.logstats] INFO: Crawled 6662 pages (at 23 pages/min), scraped 43693 items (at 299 items/min)
2019-06-10 20:52:22 [scrapy.extensions.logstats] INFO: Crawled 6688 pages (at 26 pages/min), scraped 43990 items (at 297 items/min)
2019-06-10 20:53:22 [scrapy.extensions.logstats] INFO: Crawled 6712 pages (at 24 pages/min), scraped 44191 items (at 201 items/min)
2019-06-10 20:54:22 [scrapy.extensions.logstats] INFO: Crawled 6737 pages (at 25 pages/min), scraped 44438 items (at 247 items/min)
2019-06-10 20:55:22 [scrapy.extensions.logstats] INFO: Crawled 6761 pages (at 24 pages/min), scraped 44623 items (at 185 items/min)
2019-06-10 20:56:22 [scrapy.extensions.logstats] INFO: Crawled 6785 pages (at 24 pages/min), scraped 44694 items (at 71 items/min)
2019-06-10 20:57:22 [scrapy.extensions.logstats] INFO: Crawled 6810 pages (at 25 pages/min), scraped 44829 items (at 135 items/min)
2019-06-10 20:58:22 [scrapy.extensions.logstats] INFO: Crawled 6836 pages (at 26 pages/min), scraped 45035 items (at 206 items/min)
2019-06-10 20:59:22 [scrapy.extensions.logstats] INFO: Crawled 6860 pages (at 24 pages/min), scraped 45335 items (at 300 items/min)
2019-06-10 21:00:22 [scrapy.extensions.logstats] INFO: Crawled 6884 pages (at 24 pages/min), scraped 45519 items (at 184 items/min)
2019-06-10 21:01:22 [scrapy.extensions.logstats] INFO: Crawled 6907 pages (at 23 pages/min), scraped 45637 items (at 118 items/min)
2019-06-10 21:02:22 [scrapy.extensions.logstats] INFO: Crawled 6932 pages (at 25 pages/min), scraped 45698 items (at 61 items/min)
2019-06-10 21:03:22 [scrapy.extensions.logstats] INFO: Crawled 6958 pages (at 26 pages/min), scraped 45960 items (at 262 items/min)
2019-06-10 21:04:22 [scrapy.extensions.logstats] INFO: Crawled 6983 pages (at 25 pages/min), scraped 46158 items (at 198 items/min)
2019-06-10 21:05:22 [scrapy.extensions.logstats] INFO: Crawled 7005 pages (at 22 pages/min), scraped 46322 items (at 164 items/min)
2019-06-10 21:06:22 [scrapy.extensions.logstats] INFO: Crawled 7032 pages (at 27 pages/min), scraped 46473 items (at 151 items/min)
2019-06-10 21:07:22 [scrapy.extensions.logstats] INFO: Crawled 7055 pages (at 23 pages/min), scraped 46718 items (at 245 items/min)
2019-06-10 21:08:22 [scrapy.extensions.logstats] INFO: Crawled 7079 pages (at 24 pages/min), scraped 47031 items (at 313 items/min)
2019-06-10 21:09:22 [scrapy.extensions.logstats] INFO: Crawled 7104 pages (at 25 pages/min), scraped 47087 items (at 56 items/min)
2019-06-10 21:10:22 [scrapy.extensions.logstats] INFO: Crawled 7127 pages (at 23 pages/min), scraped 47135 items (at 48 items/min)
2019-06-10 21:11:22 [scrapy.extensions.logstats] INFO: Crawled 7152 pages (at 25 pages/min), scraped 47219 items (at 84 items/min)
2019-06-10 21:12:22 [scrapy.extensions.logstats] INFO: Crawled 7176 pages (at 24 pages/min), scraped 47302 items (at 83 items/min)
2019-06-10 21:13:22 [scrapy.extensions.logstats] INFO: Crawled 7199 pages (at 23 pages/min), scraped 47380 items (at 78 items/min)
2019-06-10 21:14:22 [scrapy.extensions.logstats] INFO: Crawled 7224 pages (at 25 pages/min), scraped 47490 items (at 110 items/min)
2019-06-10 21:15:22 [scrapy.extensions.logstats] INFO: Crawled 7248 pages (at 24 pages/min), scraped 47723 items (at 233 items/min)
2019-06-10 21:16:22 [scrapy.extensions.logstats] INFO: Crawled 7272 pages (at 24 pages/min), scraped 47851 items (at 128 items/min)
2019-06-10 21:17:22 [scrapy.extensions.logstats] INFO: Crawled 7297 pages (at 25 pages/min), scraped 48011 items (at 160 items/min)
2019-06-10 21:18:22 [scrapy.extensions.logstats] INFO: Crawled 7322 pages (at 25 pages/min), scraped 48194 items (at 183 items/min)
2019-06-10 21:19:22 [scrapy.extensions.logstats] INFO: Crawled 7346 pages (at 24 pages/min), scraped 48258 items (at 64 items/min)
2019-06-10 21:20:22 [scrapy.extensions.logstats] INFO: Crawled 7369 pages (at 23 pages/min), scraped 48418 items (at 160 items/min)
2019-06-10 21:21:22 [scrapy.extensions.logstats] INFO: Crawled 7392 pages (at 23 pages/min), scraped 48608 items (at 190 items/min)
2019-06-10 21:22:22 [scrapy.extensions.logstats] INFO: Crawled 7418 pages (at 26 pages/min), scraped 48794 items (at 186 items/min)
2019-06-10 21:23:22 [scrapy.extensions.logstats] INFO: Crawled 7443 pages (at 25 pages/min), scraped 49032 items (at 238 items/min)
2019-06-10 21:24:22 [scrapy.extensions.logstats] INFO: Crawled 7466 pages (at 23 pages/min), scraped 49131 items (at 99 items/min)
2019-06-10 21:25:22 [scrapy.extensions.logstats] INFO: Crawled 7490 pages (at 24 pages/min), scraped 49464 items (at 333 items/min)
2019-06-10 21:26:22 [scrapy.extensions.logstats] INFO: Crawled 7513 pages (at 23 pages/min), scraped 49643 items (at 179 items/min)
2019-06-10 21:27:22 [scrapy.extensions.logstats] INFO: Crawled 7540 pages (at 27 pages/min), scraped 49974 items (at 331 items/min)
2019-06-10 21:28:22 [scrapy.extensions.logstats] INFO: Crawled 7566 pages (at 26 pages/min), scraped 50153 items (at 179 items/min)
2019-06-10 21:29:22 [scrapy.extensions.logstats] INFO: Crawled 7592 pages (at 26 pages/min), scraped 50269 items (at 116 items/min)
2019-06-10 21:30:22 [scrapy.extensions.logstats] INFO: Crawled 7617 pages (at 25 pages/min), scraped 50462 items (at 193 items/min)
2019-06-10 21:31:22 [scrapy.extensions.logstats] INFO: Crawled 7642 pages (at 25 pages/min), scraped 50586 items (at 124 items/min)
2019-06-10 21:32:22 [scrapy.extensions.logstats] INFO: Crawled 7667 pages (at 25 pages/min), scraped 50615 items (at 29 items/min)
2019-06-10 21:33:22 [scrapy.extensions.logstats] INFO: Crawled 7689 pages (at 22 pages/min), scraped 50639 items (at 24 items/min)
2019-06-10 21:34:22 [scrapy.extensions.logstats] INFO: Crawled 7714 pages (at 25 pages/min), scraped 50788 items (at 149 items/min)
2019-06-10 21:35:09 [scrapy.crawler] INFO: Received SIGTERM, shutting down gracefully. Send again to force 
2019-06-10 21:35:09 [scrapy.core.engine] INFO: Closing spider (shutdown)
2019-06-10 21:35:09 [scrapy.statscollectors] INFO: Dumping Scrapy stats:
{'downloader/request_bytes': 2434993,
 'downloader/request_count': 7744,
 'downloader/request_method_count/GET': 7744,
 'downloader/response_bytes': 154969843,
 'downloader/response_count': 7744,
 'downloader/response_status_count/200': 7734,
 'downloader/response_status_count/302': 4,
 'downloader/response_status_count/404': 1,
 'downloader/response_status_count/503': 5,
 'finish_reason': 'shutdown',
 'finish_time': datetime.datetime(2019, 6, 10, 13, 35, 9, 737812),
 'item_scraped_count': 50853,
 'log_count/ERROR': 1,
 'log_count/INFO': 325,
 'memusage/max': 85598208,
 'memusage/startup': 63053824,
 'response_received_count': 7735,
 'retry/count': 5,
 'retry/reason_count/503 Service Unavailable': 5,
 'robotstxt/request_count': 1,
 'robotstxt/response_count': 1,
 'robotstxt/response_status_count/404': 1,
 'scheduler/dequeued/redis': 7743,
 'scheduler/enqueued/redis': 8249,
 'start_time': datetime.datetime(2019, 6, 10, 8, 18, 22, 569282)}
2019-06-10 21:35:09 [scrapy.core.engine] INFO: Spider closed (shutdown)
