2019-06-06 20:22:53 [scrapy.utils.log] INFO: Scrapy 1.6.0 started (bot: Guba)
2019-06-06 20:22:53 [scrapy.utils.log] INFO: Versions: lxml 4.3.2.0, libxml2 2.9.9, cssselect 1.0.3, parsel 1.5.1, w3lib 1.20.0, Twisted 18.9.0, Python 3.7.3 (default, Mar 27 2019, 16:54:48) - [Clang 4.0.1 (tags/RELEASE_401/final)], pyOpenSSL 19.0.0 (OpenSSL 1.1.1b  26 Feb 2019), cryptography 2.6.1, Platform Darwin-18.6.0-x86_64-i386-64bit
2019-06-06 20:22:53 [scrapy.crawler] INFO: Overridden settings: {'BOT_NAME': 'Guba', 'CONCURRENT_REQUESTS': 8, 'DOWNLOAD_DELAY': 1, 'DUPEFILTER_CLASS': 'scrapy_redis.dupefilter.RFPDupeFilter', 'LOG_FILE': 'logs/Guba/NewsItemUrlSpider/2019-06-06T20_22_48.log', 'LOG_LEVEL': 'INFO', 'NEWSPIDER_MODULE': 'Guba.spiders', 'ROBOTSTXT_OBEY': True, 'SCHEDULER': 'scrapy_redis.scheduler.Scheduler', 'SPIDER_MODULES': ['Guba.spiders']}
2019-06-06 20:22:53 [scrapy.middleware] INFO: Enabled extensions:
['scrapy.extensions.corestats.CoreStats',
 'scrapy.extensions.memusage.MemoryUsage',
 'scrapy.extensions.logstats.LogStats']
2019-06-06 20:22:53 [NewsItemUrlSpider] INFO: Reading start URLs from redis key 'News:start_urls' (batch size: 8, encoding: utf-8
2019-06-06 20:22:53 [scrapy.middleware] INFO: Enabled downloader middlewares:
['scrapy.downloadermiddlewares.robotstxt.RobotsTxtMiddleware',
 'scrapy.downloadermiddlewares.httpauth.HttpAuthMiddleware',
 'scrapy.downloadermiddlewares.downloadtimeout.DownloadTimeoutMiddleware',
 'scrapy.downloadermiddlewares.defaultheaders.DefaultHeadersMiddleware',
 'Guba.middlewares.RandomUserAgentMiddleware',
 'scrapy.downloadermiddlewares.retry.RetryMiddleware',
 'scrapy.downloadermiddlewares.redirect.MetaRefreshMiddleware',
 'scrapy.downloadermiddlewares.httpcompression.HttpCompressionMiddleware',
 'scrapy.downloadermiddlewares.redirect.RedirectMiddleware',
 'scrapy.downloadermiddlewares.cookies.CookiesMiddleware',
 'scrapy.downloadermiddlewares.httpproxy.HttpProxyMiddleware',
 'scrapy.downloadermiddlewares.stats.DownloaderStats']
2019-06-06 20:22:53 [scrapy.middleware] INFO: Enabled spider middlewares:
['scrapy.spidermiddlewares.httperror.HttpErrorMiddleware',
 'scrapy.spidermiddlewares.offsite.OffsiteMiddleware',
 'scrapy.spidermiddlewares.referer.RefererMiddleware',
 'scrapy.spidermiddlewares.urllength.UrlLengthMiddleware',
 'scrapy.spidermiddlewares.depth.DepthMiddleware']
2019-06-06 20:22:53 [scrapy.middleware] INFO: Enabled item pipelines:
['Guba.pipelines.GubaPipeline']
2019-06-06 20:22:53 [scrapy.core.engine] INFO: Spider opened
2019-06-06 20:22:53 [scrapy.extensions.logstats] INFO: Crawled 0 pages (at 0 pages/min), scraped 0 items (at 0 items/min)
2019-06-06 20:23:53 [scrapy.extensions.logstats] INFO: Crawled 44 pages (at 44 pages/min), scraped 42 items (at 42 items/min)
2019-06-06 20:24:53 [scrapy.extensions.logstats] INFO: Crawled 88 pages (at 44 pages/min), scraped 86 items (at 44 items/min)
2019-06-06 20:25:53 [scrapy.extensions.logstats] INFO: Crawled 132 pages (at 44 pages/min), scraped 131 items (at 45 items/min)
2019-06-06 20:26:54 [scrapy.extensions.logstats] INFO: Crawled 177 pages (at 45 pages/min), scraped 175 items (at 44 items/min)
2019-06-06 20:27:53 [scrapy.extensions.logstats] INFO: Crawled 220 pages (at 43 pages/min), scraped 219 items (at 44 items/min)
2019-06-06 20:28:54 [scrapy.extensions.logstats] INFO: Crawled 264 pages (at 44 pages/min), scraped 263 items (at 44 items/min)
2019-06-06 20:29:54 [scrapy.extensions.logstats] INFO: Crawled 309 pages (at 45 pages/min), scraped 308 items (at 45 items/min)
2019-06-06 20:29:58 [scrapy.crawler] INFO: Received SIGTERM, shutting down gracefully. Send again to force 
2019-06-06 20:29:59 [scrapy.core.engine] INFO: Closing spider (shutdown)
2019-06-06 20:29:59 [scrapy.statscollectors] INFO: Dumping Scrapy stats:
{'downloader/request_bytes': 97261,
 'downloader/request_count': 313,
 'downloader/request_method_count/GET': 313,
 'downloader/response_bytes': 5163196,
 'downloader/response_count': 313,
 'downloader/response_status_count/200': 312,
 'downloader/response_status_count/404': 1,
 'finish_reason': 'shutdown',
 'finish_time': datetime.datetime(2019, 6, 6, 12, 29, 59, 865659),
 'item_scraped_count': 312,
 'log_count/INFO': 16,
 'memusage/max': 87240704,
 'memusage/startup': 62984192,
 'response_received_count': 313,
 'robotstxt/request_count': 1,
 'robotstxt/response_count': 1,
 'robotstxt/response_status_count/404': 1,
 'scheduler/dequeued/redis': 312,
 'scheduler/enqueued/redis': 312,
 'start_time': datetime.datetime(2019, 6, 6, 12, 22, 53, 888960)}
2019-06-06 20:29:59 [scrapy.core.engine] INFO: Spider closed (shutdown)
