2019-06-06 20:03:54 [scrapy.utils.log] INFO: Scrapy 1.6.0 started (bot: Guba)
2019-06-06 20:03:54 [scrapy.utils.log] INFO: Versions: lxml 4.3.2.0, libxml2 2.9.9, cssselect 1.0.3, parsel 1.5.1, w3lib 1.20.0, Twisted 18.9.0, Python 3.7.3 (default, Mar 27 2019, 16:54:48) - [Clang 4.0.1 (tags/RELEASE_401/final)], pyOpenSSL 19.0.0 (OpenSSL 1.1.1b  26 Feb 2019), cryptography 2.6.1, Platform Darwin-18.6.0-x86_64-i386-64bit
2019-06-06 20:03:54 [scrapy.crawler] INFO: Overridden settings: {'BOT_NAME': 'Guba', 'CONCURRENT_REQUESTS': 8, 'DOWNLOAD_DELAY': 1, 'DUPEFILTER_CLASS': 'scrapy_redis.dupefilter.RFPDupeFilter', 'LOG_FILE': 'logs/Guba/NewsItemUrlSpider/2019-06-06T20_03_46.log', 'LOG_LEVEL': 'INFO', 'NEWSPIDER_MODULE': 'Guba.spiders', 'ROBOTSTXT_OBEY': True, 'SCHEDULER': 'scrapy_redis.scheduler.Scheduler', 'SPIDER_MODULES': ['Guba.spiders']}
2019-06-06 20:03:54 [scrapy.middleware] INFO: Enabled extensions:
['scrapy.extensions.corestats.CoreStats',
 'scrapy.extensions.memusage.MemoryUsage',
 'scrapy.extensions.logstats.LogStats']
2019-06-06 20:03:54 [NewsItemUrlSpider] INFO: Reading start URLs from redis key 'News:start_urls' (batch size: 8, encoding: utf-8
2019-06-06 20:03:54 [scrapy.middleware] INFO: Enabled downloader middlewares:
['scrapy.downloadermiddlewares.robotstxt.RobotsTxtMiddleware',
 'scrapy.downloadermiddlewares.httpauth.HttpAuthMiddleware',
 'scrapy.downloadermiddlewares.downloadtimeout.DownloadTimeoutMiddleware',
 'scrapy.downloadermiddlewares.defaultheaders.DefaultHeadersMiddleware',
 'Guba.middlewares.RandomUserAgentMiddleware',
 'scrapy.downloadermiddlewares.retry.RetryMiddleware',
 'scrapy.downloadermiddlewares.redirect.MetaRefreshMiddleware',
 'scrapy.downloadermiddlewares.httpcompression.HttpCompressionMiddleware',
 'scrapy.downloadermiddlewares.redirect.RedirectMiddleware',
 'scrapy.downloadermiddlewares.cookies.CookiesMiddleware',
 'scrapy.downloadermiddlewares.httpproxy.HttpProxyMiddleware',
 'scrapy.downloadermiddlewares.stats.DownloaderStats']
2019-06-06 20:03:54 [scrapy.middleware] INFO: Enabled spider middlewares:
['scrapy.spidermiddlewares.httperror.HttpErrorMiddleware',
 'scrapy.spidermiddlewares.offsite.OffsiteMiddleware',
 'scrapy.spidermiddlewares.referer.RefererMiddleware',
 'scrapy.spidermiddlewares.urllength.UrlLengthMiddleware',
 'scrapy.spidermiddlewares.depth.DepthMiddleware']
2019-06-06 20:03:54 [scrapy.middleware] INFO: Enabled item pipelines:
['Guba.pipelines.GubaPipeline']
2019-06-06 20:03:54 [scrapy.core.engine] INFO: Spider opened
2019-06-06 20:03:54 [scrapy.extensions.logstats] INFO: Crawled 0 pages (at 0 pages/min), scraped 0 items (at 0 items/min)
2019-06-06 20:03:56 [Guba.pipelines] ERROR: 凌云B股龙虎榜数据一览(4/23) 存储出错
2019-06-06 20:03:58 [Guba.pipelines] ERROR: 东贝B股遭证监会立案稽查 存储出错
2019-06-06 20:03:59 [Guba.pipelines] ERROR: 李勤夫“抗辩”遭驳回 九龙山追缴逾2亿收益添底气 存储出错
2019-06-06 20:04:00 [Guba.pipelines] ERROR: 海创B股4月18日快速回调 存储出错
2019-06-06 20:04:01 [Guba.pipelines] ERROR: 二三当家联手 锦州港易主在即 存储出错
2019-06-06 20:04:03 [Guba.pipelines] ERROR: 山潍拖说法无依据 凯马B回应子公司股权纠纷 存储出错
2019-06-06 20:04:04 [Guba.pipelines] ERROR: 凯马Ｂ5月31日快速回调 存储出错
2019-06-06 20:04:05 [Guba.pipelines] ERROR: 大化B股上半年净利377.48万元 存储出错
2019-06-06 20:04:07 [Guba.pipelines] ERROR: 汇丽B3月23日快速反弹 存储出错
2019-06-06 20:04:08 [Guba.pipelines] ERROR: *ST汇丽B明日停牌 22日起摘星 存储出错
2019-06-06 20:04:09 [Guba.pipelines] ERROR: 东信B股(900941)龙虎榜数据(04-29) 存储出错
2019-06-06 20:04:11 [Guba.pipelines] ERROR: 天雁B股12月6日盘中跌幅达5% 存储出错
2019-06-06 20:04:11 [Guba.pipelines] ERROR: 天雁B股(900946)龙虎榜数据(03-26) 存储出错
2019-06-06 20:04:13 [Guba.pipelines] ERROR: 振华重工签订1.09亿欧元销售合同 存储出错
2019-06-06 20:04:15 [Guba.pipelines] ERROR: 大化B股6月22日盘中涨幅达5% 存储出错
2019-06-06 20:04:17 [Guba.pipelines] ERROR: 大化B股(900951)龙虎榜数据(05-13) 存储出错
2019-06-06 20:04:18 [Guba.pipelines] ERROR: 自仪B股(900928)龙虎榜数据(05-20) 存储出错
2019-06-06 20:04:18 [Guba.pipelines] ERROR: 自仪B股龙虎榜数据一览(7/31) 存储出错
2019-06-06 20:04:20 [Guba.pipelines] ERROR: 锦旅B股半年净利润预降60%-70% 存储出错
2019-06-06 20:04:21 [Guba.pipelines] ERROR: 陆家嘴“浦东金融广场”招商阿里巴巴 存储出错
2019-06-06 20:04:23 [Guba.pipelines] ERROR: 华新B股龙虎榜数据一览(5/28) 存储出错
2019-06-06 20:04:24 [Guba.pipelines] ERROR: 锦江“E化”：一场O2O的试验？ 存储出错
2019-06-06 20:04:25 [Guba.pipelines] ERROR: 华电国际金城风电项目投入商业运营 存储出错
2019-06-06 20:04:27 [Guba.pipelines] ERROR: SST天海拟择机出售中国太保股份 存储出错
2019-06-06 20:04:28 [Guba.pipelines] ERROR: 大江B股龙虎榜数据一览(5/2) 存储出错
2019-06-06 20:04:29 [Guba.pipelines] ERROR: 三毛B股10月11日盘中跌幅达5% 存储出错
2019-06-06 20:04:31 [Guba.pipelines] ERROR: 三毛B股(900922)龙虎榜数据(12-17) 存储出错
2019-06-06 20:04:31 [Guba.pipelines] ERROR: 三毛B股龙虎榜数据一览(5/10) 存储出错
2019-06-06 20:04:32 [Guba.pipelines] ERROR: 上工申贝龙虎榜数据一览(6/11) 存储出错
2019-06-06 20:04:33 [Guba.pipelines] ERROR: 机电B股(900925)龙虎榜数据(01-23) 存储出错
2019-06-06 20:04:34 [Guba.pipelines] ERROR: 宝信B(900926)大宗交易数据一览(10-23) 存储出错
2019-06-06 20:04:36 [Guba.pipelines] ERROR: 物贸B股龙虎榜数据一览(10/29) 存储出错
2019-06-06 20:04:38 [Guba.pipelines] ERROR: 空气能布局进化 海立睿能挂牌成立 存储出错
2019-06-06 20:04:38 [Guba.pipelines] ERROR: 外高B股(900912)龙虎榜数据(06-12) 存储出错
2019-06-06 20:04:40 [Guba.pipelines] ERROR: 锦投B股(900914)龙虎榜数据(05-22) 存储出错
2019-06-06 20:04:42 [Guba.pipelines] ERROR: 中路Ｂ股2月28日快速上涨 存储出错
2019-06-06 20:04:42 [Guba.pipelines] ERROR: 中路B股(900915)大宗交易数据一览(09-09) 存储出错
2019-06-06 20:04:43 [Guba.pipelines] ERROR: 海欣股份原董秘接任总裁 存储出错
2019-06-06 20:04:44 [Guba.pipelines] ERROR: 耀皮B股(900918)大宗交易数据一览(10-27) 存储出错
2019-06-06 20:04:46 [Guba.pipelines] ERROR: 绿庭B股10月11日盘中跌幅达5% 存储出错
2019-06-06 20:04:47 [Guba.pipelines] ERROR: 仪电B股(900901)龙虎榜数据(08-07) 存储出错
2019-06-06 20:04:49 [Guba.pipelines] ERROR: 市北B股（900902）龙虎榜数据（06-14） 存储出错
2019-06-06 20:04:49 [Guba.pipelines] ERROR: *ST二纺B龙虎榜数据一览(8/1) 存储出错
2019-06-06 20:04:51 [Guba.pipelines] ERROR: 大众交通成立第二家小贷公司 存储出错
2019-06-06 20:04:53 [Guba.pipelines] ERROR: 神奇B股：关于公司股东进行股票质押式回购交易的公告 存储出错
2019-06-06 20:04:54 [Guba.pipelines] ERROR: 永生B股龙虎榜数据一览(5/11) 存储出错
2019-06-06 20:04:54 [scrapy.extensions.logstats] INFO: Crawled 47 pages (at 47 pages/min), scraped 46 items (at 46 items/min)
2019-06-06 20:04:55 [Guba.pipelines] ERROR: 老凤祥B(900905)大宗交易数据一览(02-27) 存储出错
2019-06-06 20:04:56 [Guba.pipelines] ERROR: 双钱B股(900909)龙虎榜数据(03-24) 存储出错
2019-06-06 20:04:59 [Guba.pipelines] ERROR: 方盛制药子公司胶囊剂GMP证书被收回 存储出错
2019-06-06 20:05:00 [Guba.pipelines] ERROR: 方盛制药(603998)大宗交易数据一览(12-15) 存储出错
2019-06-06 20:05:01 [scrapy.crawler] INFO: Received SIGINT, shutting down gracefully. Send again to force 
2019-06-06 20:05:01 [Guba.pipelines] ERROR: 方盛制药首发2726万股12月5日上市 存储出错
2019-06-06 20:05:01 [scrapy.core.engine] INFO: Closing spider (shutdown)
2019-06-06 20:05:02 [Guba.pipelines] ERROR: 方盛制药拟发不超2726万股 25日申购 存储出错
2019-06-06 20:05:04 [Guba.pipelines] ERROR: 读者传媒拟合建惠州文化公园 存储出错
2019-06-06 20:05:05 [Guba.pipelines] ERROR: 读者传媒1月25日快速回调 存储出错
2019-06-06 20:05:06 [Guba.pipelines] ERROR: 读者传媒(603999)龙虎榜数据(12-29) 存储出错
2019-06-06 20:05:07 [Guba.pipelines] ERROR: 证监会核准28家公司IPO批文 或将延续加大市场震荡 存储出错
2019-06-06 20:05:07 [scrapy.statscollectors] INFO: Dumping Scrapy stats:
{'downloader/request_bytes': 17660,
 'downloader/request_count': 57,
 'downloader/request_method_count/GET': 57,
 'downloader/response_bytes': 831505,
 'downloader/response_count': 57,
 'downloader/response_status_count/200': 56,
 'downloader/response_status_count/404': 1,
 'finish_reason': 'shutdown',
 'finish_time': datetime.datetime(2019, 6, 6, 12, 5, 7, 683843),
 'item_scraped_count': 56,
 'log_count/ERROR': 56,
 'log_count/INFO': 10,
 'memusage/max': 77631488,
 'memusage/startup': 63033344,
 'response_received_count': 57,
 'robotstxt/request_count': 1,
 'robotstxt/response_count': 1,
 'robotstxt/response_status_count/404': 1,
 'scheduler/dequeued/redis': 56,
 'scheduler/enqueued/redis': 56,
 'start_time': datetime.datetime(2019, 6, 6, 12, 3, 54, 290885)}
2019-06-06 20:05:07 [scrapy.core.engine] INFO: Spider closed (shutdown)
