2019-06-08 15:07:40 [scrapy.utils.log] INFO: Scrapy 1.6.0 started (bot: Guba)
2019-06-08 15:07:40 [scrapy.utils.log] INFO: Versions: lxml 4.3.2.0, libxml2 2.9.9, cssselect 1.0.3, parsel 1.5.1, w3lib 1.20.0, Twisted 18.9.0, Python 3.7.3 (default, Mar 27 2019, 16:54:48) - [Clang 4.0.1 (tags/RELEASE_401/final)], pyOpenSSL 19.0.0 (OpenSSL 1.1.1b  26 Feb 2019), cryptography 2.6.1, Platform Darwin-18.6.0-x86_64-i386-64bit
2019-06-08 15:07:40 [scrapy.crawler] INFO: Overridden settings: {'BOT_NAME': 'Guba', 'CONCURRENT_REQUESTS': 2, 'DOWNLOAD_DELAY': 2, 'DUPEFILTER_CLASS': 'scrapy_redis.dupefilter.RFPDupeFilter', 'LOG_FILE': 'logs/Guba/CommentPageUrlSpider/2019-06-08T15_07_33.log', 'LOG_LEVEL': 'INFO', 'NEWSPIDER_MODULE': 'Guba.spiders', 'ROBOTSTXT_OBEY': True, 'SCHEDULER': 'scrapy_redis.scheduler.Scheduler', 'SPIDER_MODULES': ['Guba.spiders']}
2019-06-08 15:07:40 [scrapy.middleware] INFO: Enabled extensions:
['scrapy.extensions.corestats.CoreStats',
 'scrapy.extensions.memusage.MemoryUsage',
 'scrapy.extensions.logstats.LogStats']
2019-06-08 15:07:40 [CommentPageUrlSpider] INFO: Reading start URLs from redis key 'NewsTest:start_urls' (batch size: 2, encoding: utf-8
2019-06-08 15:07:40 [scrapy.middleware] INFO: Enabled downloader middlewares:
['scrapy.downloadermiddlewares.robotstxt.RobotsTxtMiddleware',
 'scrapy.downloadermiddlewares.httpauth.HttpAuthMiddleware',
 'scrapy.downloadermiddlewares.downloadtimeout.DownloadTimeoutMiddleware',
 'scrapy.downloadermiddlewares.defaultheaders.DefaultHeadersMiddleware',
 'Guba.middlewares.RandomUserAgentMiddleware',
 'scrapy.downloadermiddlewares.retry.RetryMiddleware',
 'scrapy.downloadermiddlewares.redirect.MetaRefreshMiddleware',
 'scrapy.downloadermiddlewares.httpcompression.HttpCompressionMiddleware',
 'scrapy.downloadermiddlewares.redirect.RedirectMiddleware',
 'scrapy.downloadermiddlewares.cookies.CookiesMiddleware',
 'scrapy.downloadermiddlewares.httpproxy.HttpProxyMiddleware',
 'scrapy.downloadermiddlewares.stats.DownloaderStats']
2019-06-08 15:07:40 [scrapy.middleware] INFO: Enabled spider middlewares:
['scrapy.spidermiddlewares.httperror.HttpErrorMiddleware',
 'scrapy.spidermiddlewares.offsite.OffsiteMiddleware',
 'scrapy.spidermiddlewares.referer.RefererMiddleware',
 'scrapy.spidermiddlewares.urllength.UrlLengthMiddleware',
 'scrapy.spidermiddlewares.depth.DepthMiddleware']
2019-06-08 15:07:40 [scrapy.middleware] INFO: Enabled item pipelines:
['Guba.pipelines.GubaPipeline']
2019-06-08 15:07:40 [scrapy.core.engine] INFO: Spider opened
2019-06-08 15:07:40 [scrapy.extensions.logstats] INFO: Crawled 0 pages (at 0 pages/min), scraped 0 items (at 0 items/min)
2019-06-08 15:08:40 [scrapy.extensions.logstats] INFO: Crawled 27 pages (at 27 pages/min), scraped 550 items (at 550 items/min)
2019-06-08 15:09:40 [scrapy.extensions.logstats] INFO: Crawled 52 pages (at 25 pages/min), scraped 965 items (at 415 items/min)
2019-06-08 15:10:40 [scrapy.extensions.logstats] INFO: Crawled 76 pages (at 24 pages/min), scraped 1395 items (at 430 items/min)
2019-06-08 15:11:40 [scrapy.extensions.logstats] INFO: Crawled 102 pages (at 26 pages/min), scraped 1891 items (at 496 items/min)
2019-06-08 15:12:40 [scrapy.extensions.logstats] INFO: Crawled 127 pages (at 25 pages/min), scraped 2316 items (at 425 items/min)
2019-06-08 15:12:43 [scrapy.crawler] INFO: Received SIGTERM, shutting down gracefully. Send again to force 
2019-06-08 15:12:43 [scrapy.core.engine] INFO: Closing spider (shutdown)
2019-06-08 15:12:47 [scrapy.statscollectors] INFO: Dumping Scrapy stats:
{'downloader/request_bytes': 40576,
 'downloader/request_count': 130,
 'downloader/request_method_count/GET': 130,
 'downloader/response_bytes': 3527222,
 'downloader/response_count': 130,
 'downloader/response_status_count/200': 129,
 'downloader/response_status_count/404': 1,
 'finish_reason': 'shutdown',
 'finish_time': datetime.datetime(2019, 6, 8, 7, 12, 47, 226691),
 'item_scraped_count': 2335,
 'log_count/INFO': 14,
 'memusage/max': 82919424,
 'memusage/startup': 63070208,
 'response_received_count': 130,
 'robotstxt/request_count': 1,
 'robotstxt/response_count': 1,
 'robotstxt/response_status_count/404': 1,
 'scheduler/dequeued/redis': 129,
 'scheduler/enqueued/redis': 124,
 'start_time': datetime.datetime(2019, 6, 8, 7, 7, 40, 309067)}
2019-06-08 15:12:47 [scrapy.core.engine] INFO: Spider closed (shutdown)
