2019-06-08 15:06:39 [scrapy.utils.log] INFO: Scrapy 1.6.0 started (bot: Guba)
2019-06-08 15:06:39 [scrapy.utils.log] INFO: Versions: lxml 4.3.2.0, libxml2 2.9.9, cssselect 1.0.3, parsel 1.5.1, w3lib 1.20.0, Twisted 18.9.0, Python 3.7.3 (default, Mar 27 2019, 16:54:48) - [Clang 4.0.1 (tags/RELEASE_401/final)], pyOpenSSL 19.0.0 (OpenSSL 1.1.1b  26 Feb 2019), cryptography 2.6.1, Platform Darwin-18.6.0-x86_64-i386-64bit
2019-06-08 15:06:39 [scrapy.crawler] INFO: Overridden settings: {'BOT_NAME': 'Guba', 'CONCURRENT_REQUESTS': 2, 'DOWNLOAD_DELAY': 2, 'DUPEFILTER_CLASS': 'scrapy_redis.dupefilter.RFPDupeFilter', 'LOG_FILE': 'logs/Guba/CommentPageUrlSpider/2019-06-08T15_06_36.log', 'LOG_LEVEL': 'INFO', 'NEWSPIDER_MODULE': 'Guba.spiders', 'ROBOTSTXT_OBEY': True, 'SCHEDULER': 'scrapy_redis.scheduler.Scheduler', 'SPIDER_MODULES': ['Guba.spiders']}
2019-06-08 15:06:39 [scrapy.middleware] INFO: Enabled extensions:
['scrapy.extensions.corestats.CoreStats',
 'scrapy.extensions.memusage.MemoryUsage',
 'scrapy.extensions.logstats.LogStats']
2019-06-08 15:06:39 [CommentPageUrlSpider] INFO: Reading start URLs from redis key 'NewsTest:start_urls' (batch size: 2, encoding: utf-8
2019-06-08 15:06:40 [scrapy.middleware] INFO: Enabled downloader middlewares:
['scrapy.downloadermiddlewares.robotstxt.RobotsTxtMiddleware',
 'scrapy.downloadermiddlewares.httpauth.HttpAuthMiddleware',
 'scrapy.downloadermiddlewares.downloadtimeout.DownloadTimeoutMiddleware',
 'scrapy.downloadermiddlewares.defaultheaders.DefaultHeadersMiddleware',
 'Guba.middlewares.RandomUserAgentMiddleware',
 'scrapy.downloadermiddlewares.retry.RetryMiddleware',
 'scrapy.downloadermiddlewares.redirect.MetaRefreshMiddleware',
 'scrapy.downloadermiddlewares.httpcompression.HttpCompressionMiddleware',
 'scrapy.downloadermiddlewares.redirect.RedirectMiddleware',
 'scrapy.downloadermiddlewares.cookies.CookiesMiddleware',
 'scrapy.downloadermiddlewares.httpproxy.HttpProxyMiddleware',
 'scrapy.downloadermiddlewares.stats.DownloaderStats']
2019-06-08 15:06:40 [scrapy.middleware] INFO: Enabled spider middlewares:
['scrapy.spidermiddlewares.httperror.HttpErrorMiddleware',
 'scrapy.spidermiddlewares.offsite.OffsiteMiddleware',
 'scrapy.spidermiddlewares.referer.RefererMiddleware',
 'scrapy.spidermiddlewares.urllength.UrlLengthMiddleware',
 'scrapy.spidermiddlewares.depth.DepthMiddleware']
2019-06-08 15:06:40 [scrapy.middleware] INFO: Enabled item pipelines:
['Guba.pipelines.GubaPipeline']
2019-06-08 15:06:40 [scrapy.core.engine] INFO: Spider opened
2019-06-08 15:06:40 [scrapy.extensions.logstats] INFO: Crawled 0 pages (at 0 pages/min), scraped 0 items (at 0 items/min)
2019-06-08 15:07:40 [scrapy.extensions.logstats] INFO: Crawled 25 pages (at 25 pages/min), scraped 420 items (at 420 items/min)
2019-06-08 15:08:40 [scrapy.extensions.logstats] INFO: Crawled 49 pages (at 24 pages/min), scraped 772 items (at 352 items/min)
2019-06-08 15:09:40 [scrapy.extensions.logstats] INFO: Crawled 74 pages (at 25 pages/min), scraped 1237 items (at 465 items/min)
2019-06-08 15:10:40 [scrapy.extensions.logstats] INFO: Crawled 98 pages (at 24 pages/min), scraped 1659 items (at 422 items/min)
2019-06-08 15:11:40 [scrapy.extensions.logstats] INFO: Crawled 122 pages (at 24 pages/min), scraped 2060 items (at 401 items/min)
2019-06-08 15:12:40 [scrapy.extensions.logstats] INFO: Crawled 147 pages (at 25 pages/min), scraped 2549 items (at 489 items/min)
2019-06-08 15:12:51 [scrapy.crawler] INFO: Received SIGTERM, shutting down gracefully. Send again to force 
2019-06-08 15:12:51 [scrapy.core.engine] INFO: Closing spider (shutdown)
2019-06-08 15:12:52 [scrapy.statscollectors] INFO: Dumping Scrapy stats:
{'downloader/request_bytes': 47380,
 'downloader/request_count': 152,
 'downloader/request_method_count/GET': 152,
 'downloader/response_bytes': 4044345,
 'downloader/response_count': 152,
 'downloader/response_status_count/200': 151,
 'downloader/response_status_count/404': 1,
 'finish_reason': 'shutdown',
 'finish_time': datetime.datetime(2019, 6, 8, 7, 12, 52, 469855),
 'item_scraped_count': 2650,
 'log_count/INFO': 15,
 'memusage/max': 87412736,
 'memusage/startup': 63070208,
 'response_received_count': 152,
 'robotstxt/request_count': 1,
 'robotstxt/response_count': 1,
 'robotstxt/response_status_count/404': 1,
 'scheduler/dequeued/redis': 151,
 'scheduler/enqueued/redis': 156,
 'start_time': datetime.datetime(2019, 6, 8, 7, 6, 40, 126188)}
2019-06-08 15:12:52 [scrapy.core.engine] INFO: Spider closed (shutdown)
